<log>
 <error level="error" id="clang-tidy" file="C:/Users/valyd/Desktop/Github_Repos/TFG---OpenGL-Engine/tests/unit/engine/core/math/random-generator/RandomGeneratorTest.cpp" line="13" col="10" msg="&apos;gtest/gtest.h&apos; file not found" />
 <error level="error" id="clang-tidy" file="C:/Users/valyd/Desktop/Github_Repos/TFG---OpenGL-Engine/tests/unit/engine/core/math/random-generator/RandomGeneratorTest.cpp" line="20" col="44" msg="no member named &apos;testing&apos; in the global namespace" />
 <error level="error" id="clang-tidy" file="C:/Users/valyd/Desktop/Github_Repos/TFG---OpenGL-Engine/tests/unit/engine/core/math/random-generator/RandomGeneratorTest.cpp" line="20" col="53" msg="expected class name" />
 <error level="error" id="clang-tidy" file="C:/Users/valyd/Desktop/Github_Repos/TFG---OpenGL-Engine/tests/unit/engine/core/math/random-generator/RandomGeneratorTest.cpp" line="27" col="19" msg="no member named &apos;testing&apos; in the global namespace" />
 <error level="error" id="clang-tidy" file="C:/Users/valyd/Desktop/Github_Repos/TFG---OpenGL-Engine/tests/unit/engine/core/math/random-generator/RandomGeneratorTest.cpp" line="28" col="18" msg="use of class template &apos;RandomNumberGeneratorTest&apos; requires template arguments; argument deduction not allowed in function prototype" />
 <error level="error" id="clang-tidy" file="C:/Users/valyd/Desktop/Github_Repos/TFG---OpenGL-Engine/tests/unit/engine/core/math/random-generator/RandomGeneratorTest.cpp" line="28" col="45" msg="unknown type name &apos;MyTypes&apos;" />
 <error level="error" id="clang-tidy" file="C:/Users/valyd/Desktop/Github_Repos/TFG---OpenGL-Engine/tests/unit/engine/core/math/random-generator/RandomGeneratorTest.cpp" line="28" col="1" msg="a type specifier is required for all declarations" />
 <error level="error" id="clang-tidy" file="C:/Users/valyd/Desktop/Github_Repos/TFG---OpenGL-Engine/tests/unit/engine/core/math/random-generator/RandomGeneratorTest.cpp" line="30" col="12" msg="use of class template &apos;RandomNumberGeneratorTest&apos; requires template arguments; argument deduction not allowed in function prototype" />
 <error level="error" id="clang-tidy" file="C:/Users/valyd/Desktop/Github_Repos/TFG---OpenGL-Engine/tests/unit/engine/core/math/random-generator/RandomGeneratorTest.cpp" line="30" col="39" msg="unknown type name &apos;GeneratesNumberWithinRange&apos;" />
 <error level="error" id="clang-tidy" file="C:/Users/valyd/Desktop/Github_Repos/TFG---OpenGL-Engine/tests/unit/engine/core/math/random-generator/RandomGeneratorTest.cpp" line="30" col="1" msg="a type specifier is required for all declarations" />
 <error level="error" id="clang-tidy" file="C:/Users/valyd/Desktop/Github_Repos/TFG---OpenGL-Engine/tests/unit/engine/core/math/random-generator/RandomGeneratorTest.cpp" line="31" col="59" msg="use of undeclared identifier &apos;TypeParam&apos;" />
 <error level="error" id="clang-tidy" file="C:/Users/valyd/Desktop/Github_Repos/TFG---OpenGL-Engine/tests/unit/engine/core/math/random-generator/RandomGeneratorTest.cpp" line="31" col="70" msg="invalid use of &apos;this&apos; outside of a non-static member function" />
 <error level="error" id="clang-tidy" file="C:/Users/valyd/Desktop/Github_Repos/TFG---OpenGL-Engine/tests/unit/engine/core/math/random-generator/RandomGeneratorTest.cpp" line="31" col="86" msg="invalid use of &apos;this&apos; outside of a non-static member function" />
 <error level="error" id="clang-tidy" file="C:/Users/valyd/Desktop/Github_Repos/TFG---OpenGL-Engine/tests/unit/engine/core/math/random-generator/RandomGeneratorTest.cpp" line="33" col="29" msg="invalid use of &apos;this&apos; outside of a non-static member function" />
 <error level="error" id="clang-tidy" file="C:/Users/valyd/Desktop/Github_Repos/TFG---OpenGL-Engine/tests/unit/engine/core/math/random-generator/RandomGeneratorTest.cpp" line="34" col="92" msg="invalid use of &apos;this&apos; outside of a non-static member function" />
 <error level="error" id="clang-tidy" file="C:/Users/valyd/Desktop/Github_Repos/TFG---OpenGL-Engine/tests/unit/engine/core/math/random-generator/RandomGeneratorTest.cpp" line="35" col="28" msg="invalid use of &apos;this&apos; outside of a non-static member function" />
 <error level="error" id="clang-tidy" file="C:/Users/valyd/Desktop/Github_Repos/TFG---OpenGL-Engine/tests/unit/engine/core/math/random-generator/RandomGeneratorTest.cpp" line="37" col="29" msg="invalid use of &apos;this&apos; outside of a non-static member function" />
 <error level="error" id="clang-tidy" file="C:/Users/valyd/Desktop/Github_Repos/TFG---OpenGL-Engine/tests/unit/engine/core/math/random-generator/RandomGeneratorTest.cpp" line="38" col="92" msg="invalid use of &apos;this&apos; outside of a non-static member function" />
 <error level="error" id="clang-tidy" file="C:/Users/valyd/Desktop/Github_Repos/TFG---OpenGL-Engine/tests/unit/engine/core/math/random-generator/RandomGeneratorTest.cpp" line="39" col="28" msg="invalid use of &apos;this&apos; outside of a non-static member function" />
 <error level="error" id="clang-tidy" file="C:/Users/valyd/Desktop/Github_Repos/TFG---OpenGL-Engine/tests/unit/engine/core/math/random-generator/RandomGeneratorTest.cpp" line="42" col="12" msg="use of class template &apos;RandomNumberGeneratorTest&apos; requires template arguments; argument deduction not allowed in function prototype" />
 <error level="error" id="clang-tidy" file="C:/Users/valyd/Desktop/Github_Repos/TFG---OpenGL-Engine/tests/unit/engine/core/math/random-generator/RandomGeneratorTest.cpp" line="42" col="39" msg="unknown type name &apos;GeneratesUniqueNumbers&apos;" />
 <error level="error" id="clang-tidy" file="C:/Users/valyd/Desktop/Github_Repos/TFG---OpenGL-Engine/tests/unit/engine/core/math/random-generator/RandomGeneratorTest.cpp" line="42" col="1" msg="a type specifier is required for all declarations" />
 <error level="error" id="clang-tidy" file="C:/Users/valyd/Desktop/Github_Repos/TFG---OpenGL-Engine/tests/unit/engine/core/math/random-generator/RandomGeneratorTest.cpp" line="43" col="17" msg="use of undeclared identifier &apos;TypeParam&apos;" />
 <error level="error" id="clang-tidy" file="C:/Users/valyd/Desktop/Github_Repos/TFG---OpenGL-Engine/tests/unit/engine/core/math/random-generator/RandomGeneratorTest.cpp" line="48" col="63" msg="use of undeclared identifier &apos;TypeParam&apos;" />
 <error level="error" id="clang-tidy" file="C:/Users/valyd/Desktop/Github_Repos/TFG---OpenGL-Engine/tests/unit/engine/core/math/random-generator/RandomGeneratorTest.cpp" line="52" col="10" msg="no member named &apos;cout&apos; in namespace &apos;std&apos;" />
 <error level="error" id="clang-tidy" file="C:/Users/valyd/Desktop/Github_Repos/TFG---OpenGL-Engine/tests/unit/engine/core/math/random-generator/RandomGeneratorTest.cpp" line="52" col="74" msg="use of undeclared identifier &apos;TypeParam&apos;" />
 <error level="error" id="clang-tidy" file="C:/Users/valyd/Desktop/Github_Repos/TFG---OpenGL-Engine/tests/unit/engine/core/math/random-generator/RandomGeneratorTest.cpp" line="59" col="22" msg="no member named &apos;cout&apos; in namespace &apos;std&apos;" />
 <error level="error" id="clang-tidy" file="C:/Users/valyd/Desktop/Github_Repos/TFG---OpenGL-Engine/tests/unit/engine/core/math/random-generator/RandomGeneratorTest.cpp" line="61" col="17" msg="use of undeclared identifier &apos;EXPECT_FALSE&apos;" />
 <error level="error" id="clang-tidy" file="C:/Users/valyd/Desktop/Github_Repos/TFG---OpenGL-Engine/tests/unit/engine/core/math/random-generator/RandomGeneratorTest.cpp" line="67" col="14" msg="no member named &apos;cout&apos; in namespace &apos;std&apos;" />
 <error level="warning" id="clang-tidy" file="C:/Users/valyd/Desktop/Github_Repos/TFG---OpenGL-Engine/tests/unit/engine/core/math/random-generator/RandomGeneratorTest.cpp" line="54" col="23" msg="comparison of integers of different signs: &apos;int&apos; and &apos;size_t&apos; (aka &apos;unsigned long long&apos;)" />
 <error level="warning" id="clang-tidy" file="C:/Users/valyd/Desktop/Github_Repos/TFG---OpenGL-Engine/tests/unit/engine/core/math/random-generator/RandomGeneratorTest.cpp" line="55" col="27" msg="comparison of integers of different signs: &apos;int&apos; and &apos;size_t&apos; (aka &apos;unsigned long long&apos;)" />
 <error level="error" id="clang-tidy" file="C:/Users/valyd/Desktop/Github_Repos/TFG---OpenGL-Engine/tests/unit/engine/core/math/random-generator/RandomGeneratorTest.cpp" line="71" col="12" msg="use of class template &apos;RandomNumberGeneratorTest&apos; requires template arguments; argument deduction not allowed in function prototype" />
 <error level="error" id="clang-tidy" file="C:/Users/valyd/Desktop/Github_Repos/TFG---OpenGL-Engine/tests/unit/engine/core/math/random-generator/RandomGeneratorTest.cpp" line="71" col="39" msg="unknown type name &apos;GeneratesDecimalsForFloatingPointTypes&apos;" />
 <error level="error" id="clang-tidy" file="C:/Users/valyd/Desktop/Github_Repos/TFG---OpenGL-Engine/tests/unit/engine/core/math/random-generator/RandomGeneratorTest.cpp" line="71" col="1" msg="a type specifier is required for all declarations" />
 <error level="error" id="clang-tidy" file="C:/Users/valyd/Desktop/Github_Repos/TFG---OpenGL-Engine/tests/unit/engine/core/math/random-generator/RandomGeneratorTest.cpp" line="72" col="44" msg="use of undeclared identifier &apos;TypeParam&apos;" />
 <error level="error" id="clang-tidy" file="C:/Users/valyd/Desktop/Github_Repos/TFG---OpenGL-Engine/tests/unit/engine/core/math/random-generator/RandomGeneratorTest.cpp" line="76" col="67" msg="use of undeclared identifier &apos;TypeParam&apos;" />
 <error level="error" id="clang-tidy" file="C:/Users/valyd/Desktop/Github_Repos/TFG---OpenGL-Engine/tests/unit/engine/core/math/random-generator/RandomGeneratorTest.cpp" line="78" col="72" msg="use of undeclared identifier &apos;TypeParam&apos;" />
 <error level="error" id="clang-tidy" file="C:/Users/valyd/Desktop/Github_Repos/TFG---OpenGL-Engine/tests/unit/engine/core/math/random-generator/RandomGeneratorTest.cpp" line="82" col="18" msg="no member named &apos;cout&apos; in namespace &apos;std&apos;" />
 <error level="error" id="clang-tidy" file="C:/Users/valyd/Desktop/Github_Repos/TFG---OpenGL-Engine/tests/unit/engine/core/math/random-generator/RandomGeneratorTest.cpp" line="84" col="62" msg="use of undeclared identifier &apos;TypeParam&apos;" />
 <error level="error" id="clang-tidy" file="C:/Users/valyd/Desktop/Github_Repos/TFG---OpenGL-Engine/tests/unit/engine/core/math/random-generator/RandomGeneratorTest.cpp" line="84" col="73" msg="invalid use of &apos;this&apos; outside of a non-static member function" />
 <error level="error" id="clang-tidy" file="C:/Users/valyd/Desktop/Github_Repos/TFG---OpenGL-Engine/tests/unit/engine/core/math/random-generator/RandomGeneratorTest.cpp" line="84" col="89" msg="invalid use of &apos;this&apos; outside of a non-static member function" />
 <error level="error" id="clang-tidy" file="C:/Users/valyd/Desktop/Github_Repos/TFG---OpenGL-Engine/tests/unit/engine/core/math/random-generator/RandomGeneratorTest.cpp" line="86" col="67" msg="use of undeclared identifier &apos;TypeParam&apos;" />
 <error level="error" id="clang-tidy" file="C:/Users/valyd/Desktop/Github_Repos/TFG---OpenGL-Engine/tests/unit/engine/core/math/random-generator/RandomGeneratorTest.cpp" line="87" col="18" msg="no member named &apos;cout&apos; in namespace &apos;std&apos;" />
</log>