<log>
 <error level="warning" id="clang-tidy" file="C:/Users/valyd/Desktop/Github_Repos/TFG---OpenGL-Engine/tests/unit/engine/core/math/algebra/vector/VectorTests.cpp" line="10" col="9" msg="#pragma once in main file" />
 <error level="error" id="clang-tidy" file="C:/Users/valyd/Desktop/Github_Repos/TFG---OpenGL-Engine/tests/unit/engine/core/math/algebra/vector/VectorTests.cpp" line="15" col="10" msg="&apos;gtest/gtest.h&apos; file not found" />
 <error level="warning" id="clang-tidy" file="C:/Users/valyd/Desktop/Github_Repos/TFG---OpenGL-Engine/include\engine/core/math/algebra/vector/VectorAlgorithms.h" line="362" col="20" msg="template parameter &apos;Type&apos; not found in the template declaration" />
 <error level="error" id="clang-tidy" file="C:/Users/valyd/Desktop/Github_Repos/TFG---OpenGL-Engine/include\engine/subsystems/input/InputKeys.h" line="13" col="10" msg="&apos;SDL2/SDL_keycode.h&apos; file not found" />
 <error level="error" id="clang-tidy" file="C:/Users/valyd/Desktop/Github_Repos/TFG---OpenGL-Engine/include\engine/subsystems/input/InputKeys.h" line="14" col="10" msg="&apos;SDL2/SDL_mouse.h&apos; file not found" />
 <error level="error" id="clang-tidy" file="C:/Users/valyd/Desktop/Github_Repos/TFG---OpenGL-Engine/tests\unit/engine/core/math/algebra/vector/VectorTestsHelper.h" line="12" col="10" msg="&apos;gtest/gtest.h&apos; file not found" />
 <error level="error" id="clang-tidy" file="C:/Users/valyd/Desktop/Github_Repos/TFG---OpenGL-Engine/tests\unit/CustomTestingFramework.h" line="14" col="10" msg="&apos;gtest/gtest.h&apos; file not found" />
 <error level="error" id="clang-tidy" file="C:/Users/valyd/Desktop/Github_Repos/TFG---OpenGL-Engine/tests/unit/engine/core/math/algebra/vector/VectorTests.cpp" line="23" col="30" msg="no member named &apos;testing&apos; in the global namespace" />
 <error level="error" id="clang-tidy" file="C:/Users/valyd/Desktop/Github_Repos/TFG---OpenGL-Engine/tests/unit/engine/core/math/algebra/vector/VectorTests.cpp" line="23" col="39" msg="expected class name" />
 <error level="error" id="clang-tidy" file="C:/Users/valyd/Desktop/Github_Repos/TFG---OpenGL-Engine/tests/unit/engine/core/math/algebra/vector/VectorTests.cpp" line="27" col="18" msg="only virtual member functions can be marked &apos;override&apos;" />
 <error level="error" id="clang-tidy" file="C:/Users/valyd/Desktop/Github_Repos/TFG---OpenGL-Engine/tests/unit/engine/core/math/algebra/vector/VectorTests.cpp" line="32" col="21" msg="only virtual member functions can be marked &apos;override&apos;" />
 <error level="error" id="clang-tidy" file="C:/Users/valyd/Desktop/Github_Repos/TFG---OpenGL-Engine/tests/unit/engine/core/math/algebra/vector/VectorTests.cpp" line="41" col="18" msg="use of class template &apos;VectorTests&apos; requires template arguments; argument deduction not allowed in function prototype" />
 <error level="error" id="clang-tidy" file="C:/Users/valyd/Desktop/Github_Repos/TFG---OpenGL-Engine/tests/unit/engine/core/math/algebra/vector/VectorTests.cpp" line="41" col="31" msg="unknown type name &apos;VectorTypes&apos;" />
 <error level="error" id="clang-tidy" file="C:/Users/valyd/Desktop/Github_Repos/TFG---OpenGL-Engine/tests/unit/engine/core/math/algebra/vector/VectorTests.cpp" line="41" col="1" msg="a type specifier is required for all declarations" />
 <error level="error" id="clang-tidy" file="C:/Users/valyd/Desktop/Github_Repos/TFG---OpenGL-Engine/tests/unit/engine/core/math/algebra/vector/VectorTests.cpp" line="44" col="12" msg="use of class template &apos;VectorTests&apos; requires template arguments; argument deduction not allowed in function prototype" />
 <error level="error" id="clang-tidy" file="C:/Users/valyd/Desktop/Github_Repos/TFG---OpenGL-Engine/tests/unit/engine/core/math/algebra/vector/VectorTests.cpp" line="44" col="25" msg="unknown type name &apos;Accesors&apos;" />
 <error level="error" id="clang-tidy" file="C:/Users/valyd/Desktop/Github_Repos/TFG---OpenGL-Engine/tests/unit/engine/core/math/algebra/vector/VectorTests.cpp" line="44" col="1" msg="a type specifier is required for all declarations" />
 <error level="error" id="clang-tidy" file="C:/Users/valyd/Desktop/Github_Repos/TFG---OpenGL-Engine/tests/unit/engine/core/math/algebra/vector/VectorTests.cpp" line="45" col="5" msg="use of undeclared identifier &apos;TypeParam&apos;" />
 <error level="error" id="clang-tidy" file="C:/Users/valyd/Desktop/Github_Repos/TFG---OpenGL-Engine/tests/unit/engine/core/math/algebra/vector/VectorTests.cpp" line="45" col="5" msg="use of undeclared identifier &apos;TypeParam&apos;" />
 <error level="error" id="clang-tidy" file="C:/Users/valyd/Desktop/Github_Repos/TFG---OpenGL-Engine/tests/unit/engine/core/math/algebra/vector/VectorTests.cpp" line="45" col="5" msg="use of undeclared identifier &apos;Type&apos;" />
 <error level="error" id="clang-tidy" file="C:/Users/valyd/Desktop/Github_Repos/TFG---OpenGL-Engine/tests/unit/engine/core/math/algebra/vector/VectorTests.cpp" line="45" col="5" msg="use of undeclared identifier &apos;Type&apos;" />
 <error level="warning" id="clang-tidy" file="C:/Users/valyd/Desktop/Github_Repos/TFG---OpenGL-Engine/tests/unit/engine/core/math/algebra/vector/VectorTests.cpp" line="45" col="19" msg="empty expression statement has no effect; remove unnecessary &apos;;&apos; to silence this warning" />
 <error level="error" id="clang-tidy" file="C:/Users/valyd/Desktop/Github_Repos/TFG---OpenGL-Engine/tests/unit/engine/core/math/algebra/vector/VectorTests.cpp" line="49" col="19" msg="invalid use of &apos;this&apos; outside of a non-static member function" />
 <error level="error" id="clang-tidy" file="C:/Users/valyd/Desktop/Github_Repos/TFG---OpenGL-Engine/tests/unit/engine/core/math/algebra/vector/VectorTests.cpp" line="55" col="13" msg="invalid use of &apos;this&apos; outside of a non-static member function" />
 <error level="error" id="clang-tidy" file="C:/Users/valyd/Desktop/Github_Repos/TFG---OpenGL-Engine/tests/unit/engine/core/math/algebra/vector/VectorTests.cpp" line="55" col="13" msg="use of undeclared identifier &apos;Type&apos;" />
 <error level="error" id="clang-tidy" file="C:/Users/valyd/Desktop/Github_Repos/TFG---OpenGL-Engine/tests/unit/engine/core/math/algebra/vector/VectorTests.cpp" line="61" col="13" msg="invalid use of &apos;this&apos; outside of a non-static member function" />
 <error level="error" id="clang-tidy" file="C:/Users/valyd/Desktop/Github_Repos/TFG---OpenGL-Engine/tests/unit/engine/core/math/algebra/vector/VectorTests.cpp" line="61" col="13" msg="use of undeclared identifier &apos;Type&apos;" />
 <error level="error" id="clang-tidy" file="C:/Users/valyd/Desktop/Github_Repos/TFG---OpenGL-Engine/tests/unit/engine/core/math/algebra/vector/VectorTests.cpp" line="66" col="9" msg="unknown type name &apos;Vec&apos;" />
 <error level="error" id="clang-tidy" file="C:/Users/valyd/Desktop/Github_Repos/TFG---OpenGL-Engine/tests/unit/engine/core/math/algebra/vector/VectorTests.cpp" line="68" col="23" msg="constexpr if condition is not a constant expression" />
 <error level="error" id="clang-tidy" file="C:/Users/valyd/Desktop/Github_Repos/TFG---OpenGL-Engine/tests/unit/engine/core/math/algebra/vector/VectorTests.cpp" line="69" col="13" msg="invalid use of &apos;this&apos; outside of a non-static member function" />
 <error level="error" id="clang-tidy" file="C:/Users/valyd/Desktop/Github_Repos/TFG---OpenGL-Engine/tests/unit/engine/core/math/algebra/vector/VectorTests.cpp" line="69" col="13" msg="use of undeclared identifier &apos;Type&apos;" />
 <error level="error" id="clang-tidy" file="C:/Users/valyd/Desktop/Github_Repos/TFG---OpenGL-Engine/tests/unit/engine/core/math/algebra/vector/VectorTests.cpp" line="70" col="13" msg="invalid use of &apos;this&apos; outside of a non-static member function" />
 <error level="error" id="clang-tidy" file="C:/Users/valyd/Desktop/Github_Repos/TFG---OpenGL-Engine/tests/unit/engine/core/math/algebra/vector/VectorTests.cpp" line="70" col="13" msg="use of undeclared identifier &apos;Type&apos;" />
 <error level="error" id="clang-tidy" file="C:/Users/valyd/Desktop/Github_Repos/TFG---OpenGL-Engine/tests/unit/engine/core/math/algebra/vector/VectorTests.cpp" line="72" col="37" msg="use of undeclared identifier &apos;Type&apos;" />
 <error level="error" id="clang-tidy" file="C:/Users/valyd/Desktop/Github_Repos/TFG---OpenGL-Engine/tests/unit/engine/core/math/algebra/vector/VectorTests.cpp" line="72" col="48" msg="use of undeclared identifier &apos;Type&apos;" />
 <error level="error" id="clang-tidy" file="C:/Users/valyd/Desktop/Github_Repos/TFG---OpenGL-Engine/tests/unit/engine/core/math/algebra/vector/VectorTests.cpp" line="73" col="13" msg="use of undeclared identifier &apos;Type&apos;" />
 <error level="error" id="clang-tidy" file="C:/Users/valyd/Desktop/Github_Repos/TFG---OpenGL-Engine/tests/unit/engine/core/math/algebra/vector/VectorTests.cpp" line="73" col="13" msg="use of undeclared identifier &apos;Type&apos;" />
 <error level="error" id="clang-tidy" file="C:/Users/valyd/Desktop/Github_Repos/TFG---OpenGL-Engine/tests/unit/engine/core/math/algebra/vector/VectorTests.cpp" line="74" col="40" msg="use of undeclared identifier &apos;Type&apos;" />
 <error level="error" id="clang-tidy" file="C:/Users/valyd/Desktop/Github_Repos/TFG---OpenGL-Engine/tests/unit/engine/core/math/algebra/vector/VectorTests.cpp" line="74" col="51" msg="use of undeclared identifier &apos;Type&apos;" />
 <error level="error" id="clang-tidy" file="C:/Users/valyd/Desktop/Github_Repos/TFG---OpenGL-Engine/tests/unit/engine/core/math/algebra/vector/VectorTests.cpp" line="75" col="13" msg="use of undeclared identifier &apos;Type&apos;" />
 <error level="error" id="clang-tidy" file="C:/Users/valyd/Desktop/Github_Repos/TFG---OpenGL-Engine/tests/unit/engine/core/math/algebra/vector/VectorTests.cpp" line="75" col="13" msg="use of undeclared identifier &apos;Type&apos;" />
 <error level="error" id="clang-tidy" file="C:/Users/valyd/Desktop/Github_Repos/TFG---OpenGL-Engine/tests/unit/engine/core/math/algebra/vector/VectorTests.cpp" line="77" col="23" msg="constexpr if condition is not a constant expression" />
 <error level="error" id="clang-tidy" file="C:/Users/valyd/Desktop/Github_Repos/TFG---OpenGL-Engine/tests/unit/engine/core/math/algebra/vector/VectorTests.cpp" line="78" col="13" msg="invalid use of &apos;this&apos; outside of a non-static member function" />
 <error level="error" id="clang-tidy" file="C:/Users/valyd/Desktop/Github_Repos/TFG---OpenGL-Engine/tests/unit/engine/core/math/algebra/vector/VectorTests.cpp" line="78" col="13" msg="use of undeclared identifier &apos;Type&apos;" />
 <error level="error" id="clang-tidy" file="C:/Users/valyd/Desktop/Github_Repos/TFG---OpenGL-Engine/tests/unit/engine/core/math/algebra/vector/VectorTests.cpp" line="79" col="13" msg="invalid use of &apos;this&apos; outside of a non-static member function" />
 <error level="error" id="clang-tidy" file="C:/Users/valyd/Desktop/Github_Repos/TFG---OpenGL-Engine/tests/unit/engine/core/math/algebra/vector/VectorTests.cpp" line="79" col="13" msg="use of undeclared identifier &apos;Type&apos;" />
 <error level="error" id="clang-tidy" file="C:/Users/valyd/Desktop/Github_Repos/TFG---OpenGL-Engine/tests/unit/engine/core/math/algebra/vector/VectorTests.cpp" line="81" col="37" msg="use of undeclared identifier &apos;Type&apos;" />
 <error level="error" id="clang-tidy" file="C:/Users/valyd/Desktop/Github_Repos/TFG---OpenGL-Engine/tests/unit/engine/core/math/algebra/vector/VectorTests.cpp" line="81" col="48" msg="use of undeclared identifier &apos;Type&apos;" />
 <error level="error" id="clang-tidy" file="C:/Users/valyd/Desktop/Github_Repos/TFG---OpenGL-Engine/tests/unit/engine/core/math/algebra/vector/VectorTests.cpp" line="82" col="13" msg="use of undeclared identifier &apos;Type&apos;" />
 <error level="error" id="clang-tidy" file="C:/Users/valyd/Desktop/Github_Repos/TFG---OpenGL-Engine/tests/unit/engine/core/math/algebra/vector/VectorTests.cpp" line="82" col="13" msg="use of undeclared identifier &apos;Type&apos;" />
 <error level="error" id="clang-tidy" file="C:/Users/valyd/Desktop/Github_Repos/TFG---OpenGL-Engine/tests/unit/engine/core/math/algebra/vector/VectorTests.cpp" line="84" col="40" msg="use of undeclared identifier &apos;Type&apos;" />
 <error level="error" id="clang-tidy" file="C:/Users/valyd/Desktop/Github_Repos/TFG---OpenGL-Engine/tests/unit/engine/core/math/algebra/vector/VectorTests.cpp" line="84" col="51" msg="use of undeclared identifier &apos;Type&apos;" />
 <error level="error" id="clang-tidy" file="C:/Users/valyd/Desktop/Github_Repos/TFG---OpenGL-Engine/tests/unit/engine/core/math/algebra/vector/VectorTests.cpp" line="85" col="13" msg="use of undeclared identifier &apos;Type&apos;" />
 <error level="error" id="clang-tidy" file="C:/Users/valyd/Desktop/Github_Repos/TFG---OpenGL-Engine/tests/unit/engine/core/math/algebra/vector/VectorTests.cpp" line="85" col="13" msg="use of undeclared identifier &apos;Type&apos;" />
 <error level="error" id="clang-tidy" file="C:/Users/valyd/Desktop/Github_Repos/TFG---OpenGL-Engine/tests/unit/engine/core/math/algebra/vector/VectorTests.cpp" line="87" col="23" msg="constexpr if condition is not a constant expression" />
 <error level="error" id="clang-tidy" file="C:/Users/valyd/Desktop/Github_Repos/TFG---OpenGL-Engine/tests/unit/engine/core/math/algebra/vector/VectorTests.cpp" line="88" col="13" msg="invalid use of &apos;this&apos; outside of a non-static member function" />
 <error level="error" id="clang-tidy" file="C:/Users/valyd/Desktop/Github_Repos/TFG---OpenGL-Engine/tests/unit/engine/core/math/algebra/vector/VectorTests.cpp" line="88" col="13" msg="use of undeclared identifier &apos;Type&apos;" />
 <error level="error" id="clang-tidy" file="C:/Users/valyd/Desktop/Github_Repos/TFG---OpenGL-Engine/tests/unit/engine/core/math/algebra/vector/VectorTests.cpp" line="89" col="13" msg="invalid use of &apos;this&apos; outside of a non-static member function" />
 <error level="error" id="clang-tidy" file="C:/Users/valyd/Desktop/Github_Repos/TFG---OpenGL-Engine/tests/unit/engine/core/math/algebra/vector/VectorTests.cpp" line="89" col="13" msg="use of undeclared identifier &apos;Type&apos;" />
 <error level="error" id="clang-tidy" file="C:/Users/valyd/Desktop/Github_Repos/TFG---OpenGL-Engine/tests/unit/engine/core/math/algebra/vector/VectorTests.cpp" line="91" col="37" msg="use of undeclared identifier &apos;Type&apos;" />
 <error level="error" id="clang-tidy" file="C:/Users/valyd/Desktop/Github_Repos/TFG---OpenGL-Engine/tests/unit/engine/core/math/algebra/vector/VectorTests.cpp" line="91" col="48" msg="use of undeclared identifier &apos;Type&apos;" />
 <error level="error" id="clang-tidy" file="C:/Users/valyd/Desktop/Github_Repos/TFG---OpenGL-Engine/tests/unit/engine/core/math/algebra/vector/VectorTests.cpp" line="92" col="13" msg="use of undeclared identifier &apos;Type&apos;" />
 <error level="error" id="clang-tidy" file="C:/Users/valyd/Desktop/Github_Repos/TFG---OpenGL-Engine/tests/unit/engine/core/math/algebra/vector/VectorTests.cpp" line="92" col="13" msg="use of undeclared identifier &apos;Type&apos;" />
 <error level="error" id="clang-tidy" file="C:/Users/valyd/Desktop/Github_Repos/TFG---OpenGL-Engine/tests/unit/engine/core/math/algebra/vector/VectorTests.cpp" line="94" col="40" msg="use of undeclared identifier &apos;Type&apos;" />
 <error level="error" id="clang-tidy" file="C:/Users/valyd/Desktop/Github_Repos/TFG---OpenGL-Engine/tests/unit/engine/core/math/algebra/vector/VectorTests.cpp" line="94" col="51" msg="use of undeclared identifier &apos;Type&apos;" />
 <error level="error" id="clang-tidy" file="C:/Users/valyd/Desktop/Github_Repos/TFG---OpenGL-Engine/tests/unit/engine/core/math/algebra/vector/VectorTests.cpp" line="95" col="13" msg="use of undeclared identifier &apos;Type&apos;" />
 <error level="error" id="clang-tidy" file="C:/Users/valyd/Desktop/Github_Repos/TFG---OpenGL-Engine/tests/unit/engine/core/math/algebra/vector/VectorTests.cpp" line="95" col="13" msg="use of undeclared identifier &apos;Type&apos;" />
 <error level="error" id="clang-tidy" file="C:/Users/valyd/Desktop/Github_Repos/TFG---OpenGL-Engine/tests/unit/engine/core/math/algebra/vector/VectorTests.cpp" line="97" col="23" msg="constexpr if condition is not a constant expression" />
 <error level="error" id="clang-tidy" file="C:/Users/valyd/Desktop/Github_Repos/TFG---OpenGL-Engine/tests/unit/engine/core/math/algebra/vector/VectorTests.cpp" line="98" col="13" msg="invalid use of &apos;this&apos; outside of a non-static member function" />
 <error level="error" id="clang-tidy" file="C:/Users/valyd/Desktop/Github_Repos/TFG---OpenGL-Engine/tests/unit/engine/core/math/algebra/vector/VectorTests.cpp" line="98" col="13" msg="use of undeclared identifier &apos;Type&apos;" />
 <error level="error" id="clang-tidy" file="C:/Users/valyd/Desktop/Github_Repos/TFG---OpenGL-Engine/tests/unit/engine/core/math/algebra/vector/VectorTests.cpp" line="99" col="13" msg="invalid use of &apos;this&apos; outside of a non-static member function" />
 <error level="error" id="clang-tidy" file="C:/Users/valyd/Desktop/Github_Repos/TFG---OpenGL-Engine/tests/unit/engine/core/math/algebra/vector/VectorTests.cpp" line="99" col="13" msg="use of undeclared identifier &apos;Type&apos;" />
 <error level="error" id="clang-tidy" file="C:/Users/valyd/Desktop/Github_Repos/TFG---OpenGL-Engine/tests/unit/engine/core/math/algebra/vector/VectorTests.cpp" line="101" col="37" msg="use of undeclared identifier &apos;Type&apos;" />
 <error level="error" id="clang-tidy" file="C:/Users/valyd/Desktop/Github_Repos/TFG---OpenGL-Engine/tests/unit/engine/core/math/algebra/vector/VectorTests.cpp" line="101" col="48" msg="use of undeclared identifier &apos;Type&apos;" />
 <error level="error" id="clang-tidy" file="C:/Users/valyd/Desktop/Github_Repos/TFG---OpenGL-Engine/tests/unit/engine/core/math/algebra/vector/VectorTests.cpp" line="102" col="13" msg="use of undeclared identifier &apos;Type&apos;" />
 <error level="error" id="clang-tidy" file="C:/Users/valyd/Desktop/Github_Repos/TFG---OpenGL-Engine/tests/unit/engine/core/math/algebra/vector/VectorTests.cpp" line="102" col="13" msg="use of undeclared identifier &apos;Type&apos;" />
 <error level="error" id="clang-tidy" file="C:/Users/valyd/Desktop/Github_Repos/TFG---OpenGL-Engine/tests/unit/engine/core/math/algebra/vector/VectorTests.cpp" line="104" col="40" msg="use of undeclared identifier &apos;Type&apos;" />
 <error level="error" id="clang-tidy" file="C:/Users/valyd/Desktop/Github_Repos/TFG---OpenGL-Engine/tests/unit/engine/core/math/algebra/vector/VectorTests.cpp" line="104" col="51" msg="use of undeclared identifier &apos;Type&apos;" />
 <error level="error" id="clang-tidy" file="C:/Users/valyd/Desktop/Github_Repos/TFG---OpenGL-Engine/tests/unit/engine/core/math/algebra/vector/VectorTests.cpp" line="105" col="13" msg="use of undeclared identifier &apos;Type&apos;" />
 <error level="error" id="clang-tidy" file="C:/Users/valyd/Desktop/Github_Repos/TFG---OpenGL-Engine/tests/unit/engine/core/math/algebra/vector/VectorTests.cpp" line="105" col="13" msg="use of undeclared identifier &apos;Type&apos;" />
 <error level="error" id="clang-tidy" file="C:/Users/valyd/Desktop/Github_Repos/TFG---OpenGL-Engine/tests/unit/engine/core/math/algebra/vector/VectorTests.cpp" line="110" col="12" msg="use of class template &apos;VectorTests&apos; requires template arguments; argument deduction not allowed in function prototype" />
 <error level="error" id="clang-tidy" file="C:/Users/valyd/Desktop/Github_Repos/TFG---OpenGL-Engine/tests/unit/engine/core/math/algebra/vector/VectorTests.cpp" line="110" col="25" msg="unknown type name &apos;Constructors&apos;" />
 <error level="error" id="clang-tidy" file="C:/Users/valyd/Desktop/Github_Repos/TFG---OpenGL-Engine/tests/unit/engine/core/math/algebra/vector/VectorTests.cpp" line="110" col="1" msg="a type specifier is required for all declarations" />
 <error level="error" id="clang-tidy" file="C:/Users/valyd/Desktop/Github_Repos/TFG---OpenGL-Engine/tests/unit/engine/core/math/algebra/vector/VectorTests.cpp" line="111" col="5" msg="use of undeclared identifier &apos;TypeParam&apos;" />
 <error level="error" id="clang-tidy" file="C:/Users/valyd/Desktop/Github_Repos/TFG---OpenGL-Engine/tests/unit/engine/core/math/algebra/vector/VectorTests.cpp" line="111" col="5" msg="use of undeclared identifier &apos;TypeParam&apos;" />
 <error level="error" id="clang-tidy" file="C:/Users/valyd/Desktop/Github_Repos/TFG---OpenGL-Engine/tests/unit/engine/core/math/algebra/vector/VectorTests.cpp" line="111" col="5" msg="use of undeclared identifier &apos;Type&apos;" />
 <error level="error" id="clang-tidy" file="C:/Users/valyd/Desktop/Github_Repos/TFG---OpenGL-Engine/tests/unit/engine/core/math/algebra/vector/VectorTests.cpp" line="111" col="5" msg="use of undeclared identifier &apos;Type&apos;" />
 <error level="warning" id="clang-tidy" file="C:/Users/valyd/Desktop/Github_Repos/TFG---OpenGL-Engine/tests/unit/engine/core/math/algebra/vector/VectorTests.cpp" line="111" col="19" msg="empty expression statement has no effect; remove unnecessary &apos;;&apos; to silence this warning" />
 <error level="error" id="clang-tidy" file="C:/Users/valyd/Desktop/Github_Repos/TFG---OpenGL-Engine/tests/unit/engine/core/math/algebra/vector/VectorTests.cpp" line="114" col="9" msg="unknown type name &apos;Vec&apos;" />
 <error level="error" id="clang-tidy" file="C:/Users/valyd/Desktop/Github_Repos/TFG---OpenGL-Engine/tests/unit/engine/core/math/algebra/vector/VectorTests.cpp" line="115" col="9" msg="unknown type name &apos;Vec&apos;" />
 <error level="error" id="clang-tidy" file="C:/Users/valyd/Desktop/Github_Repos/TFG---OpenGL-Engine/tests/unit/engine/core/math/algebra/vector/VectorTests.cpp" line="117" col="43" msg="use of undeclared identifier &apos;Type&apos;" />
 <error level="error" id="clang-tidy" file="C:/Users/valyd/Desktop/Github_Repos/TFG---OpenGL-Engine/tests/unit/engine/core/math/algebra/vector/VectorTests.cpp" line="123" col="23" msg="constexpr if condition is not a constant expression" />
 <error level="error" id="clang-tidy" file="C:/Users/valyd/Desktop/Github_Repos/TFG---OpenGL-Engine/tests/unit/engine/core/math/algebra/vector/VectorTests.cpp" line="124" col="13" msg="unknown type name &apos;Vec&apos;" />
 <error level="error" id="clang-tidy" file="C:/Users/valyd/Desktop/Github_Repos/TFG---OpenGL-Engine/tests/unit/engine/core/math/algebra/vector/VectorTests.cpp" line="124" col="54" msg="use of undeclared identifier &apos;Type&apos;" />
 <error level="error" id="clang-tidy" file="C:/Users/valyd/Desktop/Github_Repos/TFG---OpenGL-Engine/tests/unit/engine/core/math/algebra/vector/VectorTests.cpp" line="124" col="83" msg="use of undeclared identifier &apos;Type&apos;" />
 <error level="error" id="clang-tidy" file="C:/Users/valyd/Desktop/Github_Repos/TFG---OpenGL-Engine/tests/unit/engine/core/math/algebra/vector/VectorTests.cpp" line="125" col="13" msg="invalid use of &apos;this&apos; outside of a non-static member function" />
 <error level="error" id="clang-tidy" file="C:/Users/valyd/Desktop/Github_Repos/TFG---OpenGL-Engine/tests/unit/engine/core/math/algebra/vector/VectorTests.cpp" line="127" col="23" msg="constexpr if condition is not a constant expression" />
 <error level="error" id="clang-tidy" file="C:/Users/valyd/Desktop/Github_Repos/TFG---OpenGL-Engine/tests/unit/engine/core/math/algebra/vector/VectorTests.cpp" line="128" col="13" msg="unknown type name &apos;Vec&apos;" />
 <error level="error" id="clang-tidy" file="C:/Users/valyd/Desktop/Github_Repos/TFG---OpenGL-Engine/tests/unit/engine/core/math/algebra/vector/VectorTests.cpp" line="128" col="54" msg="use of undeclared identifier &apos;Type&apos;" />
 <error level="error" id="clang-tidy" file="C:/Users/valyd/Desktop/Github_Repos/TFG---OpenGL-Engine/tests/unit/engine/core/math/algebra/vector/VectorTests.cpp" line="128" col="83" msg="use of undeclared identifier &apos;Type&apos;" />
 <error level="error" id="clang-tidy" file="C:/Users/valyd/Desktop/Github_Repos/TFG---OpenGL-Engine/tests/unit/engine/core/math/algebra/vector/VectorTests.cpp" line="129" col="54" msg="use of undeclared identifier &apos;Type&apos;" />
 <error level="error" id="clang-tidy" file="C:/Users/valyd/Desktop/Github_Repos/TFG---OpenGL-Engine/tests/unit/engine/core/math/algebra/vector/VectorTests.cpp" line="130" col="13" msg="invalid use of &apos;this&apos; outside of a non-static member function" />
 <error level="error" id="clang-tidy" file="C:/Users/valyd/Desktop/Github_Repos/TFG---OpenGL-Engine/tests/unit/engine/core/math/algebra/vector/VectorTests.cpp" line="132" col="23" msg="constexpr if condition is not a constant expression" />
 <error level="error" id="clang-tidy" file="C:/Users/valyd/Desktop/Github_Repos/TFG---OpenGL-Engine/tests/unit/engine/core/math/algebra/vector/VectorTests.cpp" line="133" col="13" msg="unknown type name &apos;Vec&apos;" />
 <error level="error" id="clang-tidy" file="C:/Users/valyd/Desktop/Github_Repos/TFG---OpenGL-Engine/tests/unit/engine/core/math/algebra/vector/VectorTests.cpp" line="134" col="33" msg="use of undeclared identifier &apos;Type&apos;" />
 <error level="error" id="clang-tidy" file="C:/Users/valyd/Desktop/Github_Repos/TFG---OpenGL-Engine/tests/unit/engine/core/math/algebra/vector/VectorTests.cpp" line="134" col="62" msg="use of undeclared identifier &apos;Type&apos;" />
 <error level="error" id="clang-tidy" file="C:/Users/valyd/Desktop/Github_Repos/TFG---OpenGL-Engine/tests/unit/engine/core/math/algebra/vector/VectorTests.cpp" line="134" col="91" msg="use of undeclared identifier &apos;Type&apos;" />
 <error level="error" id="clang-tidy" file="C:/Users/valyd/Desktop/Github_Repos/TFG---OpenGL-Engine/tests/unit/engine/core/math/algebra/vector/VectorTests.cpp" line="135" col="33" msg="use of undeclared identifier &apos;Type&apos;" />
 <error level="error" id="clang-tidy" file="C:/Users/valyd/Desktop/Github_Repos/TFG---OpenGL-Engine/tests/unit/engine/core/math/algebra/vector/VectorTests.cpp" line="136" col="13" msg="invalid use of &apos;this&apos; outside of a non-static member function" />
 <error level="error" id="clang-tidy" file="C:/Users/valyd/Desktop/Github_Repos/TFG---OpenGL-Engine/tests/unit/engine/core/math/algebra/vector/VectorTests.cpp" line="143" col="9" msg="unknown type name &apos;Type&apos;" />
 <error level="warning" id="clang-tidy" file="C:/Users/valyd/Desktop/Github_Repos/TFG---OpenGL-Engine/tests/unit/engine/core/math/algebra/vector/VectorTests.cpp" line="143" col="18" msg="variable length arrays are a C99 feature" />
 <error level="error" id="clang-tidy" file="C:/Users/valyd/Desktop/Github_Repos/TFG---OpenGL-Engine/tests/unit/engine/core/math/algebra/vector/VectorTests.cpp" line="145" col="41" msg="use of undeclared identifier &apos;Type&apos;" />
 <error level="error" id="clang-tidy" file="C:/Users/valyd/Desktop/Github_Repos/TFG---OpenGL-Engine/tests/unit/engine/core/math/algebra/vector/VectorTests.cpp" line="146" col="9" msg="unknown type name &apos;Vec&apos;" />
 <error level="error" id="clang-tidy" file="C:/Users/valyd/Desktop/Github_Repos/TFG---OpenGL-Engine/tests/unit/engine/core/math/algebra/vector/VectorTests.cpp" line="147" col="9" msg="invalid use of &apos;this&apos; outside of a non-static member function" />
 <error level="error" id="clang-tidy" file="C:/Users/valyd/Desktop/Github_Repos/TFG---OpenGL-Engine/tests/unit/engine/core/math/algebra/vector/VectorTests.cpp" line="152" col="23" msg="constexpr if condition is not a constant expression" />
 <error level="error" id="clang-tidy" file="C:/Users/valyd/Desktop/Github_Repos/TFG---OpenGL-Engine/tests/unit/engine/core/math/algebra/vector/VectorTests.cpp" line="153" col="13" msg="unknown type name &apos;Vec&apos;" />
 <error level="error" id="clang-tidy" file="C:/Users/valyd/Desktop/Github_Repos/TFG---OpenGL-Engine/tests/unit/engine/core/math/algebra/vector/VectorTests.cpp" line="153" col="54" msg="use of undeclared identifier &apos;Type&apos;" />
 <error level="error" id="clang-tidy" file="C:/Users/valyd/Desktop/Github_Repos/TFG---OpenGL-Engine/tests/unit/engine/core/math/algebra/vector/VectorTests.cpp" line="153" col="83" msg="use of undeclared identifier &apos;Type&apos;" />
 <error level="error" id="clang-tidy" file="C:/Users/valyd/Desktop/Github_Repos/TFG---OpenGL-Engine/tests/unit/engine/core/math/algebra/vector/VectorTests.cpp" line="154" col="13" msg="invalid use of &apos;this&apos; outside of a non-static member function" />
 <error level="error" id="clang-tidy" file="C:/Users/valyd/Desktop/Github_Repos/TFG---OpenGL-Engine/tests/unit/engine/core/math/algebra/vector/VectorTests.cpp" line="156" col="23" msg="constexpr if condition is not a constant expression" />
 <error level="error" id="clang-tidy" file="C:/Users/valyd/Desktop/Github_Repos/TFG---OpenGL-Engine/tests/unit/engine/core/math/algebra/vector/VectorTests.cpp" line="157" col="13" msg="unknown type name &apos;Vec&apos;" />
 <error level="error" id="clang-tidy" file="C:/Users/valyd/Desktop/Github_Repos/TFG---OpenGL-Engine/tests/unit/engine/core/math/algebra/vector/VectorTests.cpp" line="158" col="36" msg="use of undeclared identifier &apos;Type&apos;" />
 <error level="error" id="clang-tidy" file="C:/Users/valyd/Desktop/Github_Repos/TFG---OpenGL-Engine/tests/unit/engine/core/math/algebra/vector/VectorTests.cpp" line="158" col="65" msg="use of undeclared identifier &apos;Type&apos;" />
 <error level="error" id="clang-tidy" file="C:/Users/valyd/Desktop/Github_Repos/TFG---OpenGL-Engine/tests/unit/engine/core/math/algebra/vector/VectorTests.cpp" line="159" col="36" msg="use of undeclared identifier &apos;Type&apos;" />
 <error level="error" id="clang-tidy" file="C:/Users/valyd/Desktop/Github_Repos/TFG---OpenGL-Engine/tests/unit/engine/core/math/algebra/vector/VectorTests.cpp" line="161" col="13" msg="invalid use of &apos;this&apos; outside of a non-static member function" />
 <error level="error" id="clang-tidy" file="C:/Users/valyd/Desktop/Github_Repos/TFG---OpenGL-Engine/tests/unit/engine/core/math/algebra/vector/VectorTests.cpp" line="163" col="23" msg="constexpr if condition is not a constant expression" />
 <error level="error" id="clang-tidy" file="C:/Users/valyd/Desktop/Github_Repos/TFG---OpenGL-Engine/tests/unit/engine/core/math/algebra/vector/VectorTests.cpp" line="164" col="13" msg="unknown type name &apos;Vec&apos;" />
 <error level="error" id="clang-tidy" file="C:/Users/valyd/Desktop/Github_Repos/TFG---OpenGL-Engine/tests/unit/engine/core/math/algebra/vector/VectorTests.cpp" line="166" col="36" msg="use of undeclared identifier &apos;Type&apos;" />
 <error level="error" id="clang-tidy" file="C:/Users/valyd/Desktop/Github_Repos/TFG---OpenGL-Engine/tests/unit/engine/core/math/algebra/vector/VectorTests.cpp" line="166" col="65" msg="use of undeclared identifier &apos;Type&apos;" />
 <error level="error" id="clang-tidy" file="C:/Users/valyd/Desktop/Github_Repos/TFG---OpenGL-Engine/tests/unit/engine/core/math/algebra/vector/VectorTests.cpp" line="166" col="94" msg="use of undeclared identifier &apos;Type&apos;" />
 <error level="error" id="clang-tidy" file="C:/Users/valyd/Desktop/Github_Repos/TFG---OpenGL-Engine/tests/unit/engine/core/math/algebra/vector/VectorTests.cpp" line="167" col="36" msg="use of undeclared identifier &apos;Type&apos;" />
 <error level="error" id="clang-tidy" file="C:/Users/valyd/Desktop/Github_Repos/TFG---OpenGL-Engine/tests/unit/engine/core/math/algebra/vector/VectorTests.cpp" line="169" col="13" msg="invalid use of &apos;this&apos; outside of a non-static member function" />
 <error level="error" id="clang-tidy" file="C:/Users/valyd/Desktop/Github_Repos/TFG---OpenGL-Engine/tests/unit/engine/core/math/algebra/vector/VectorTests.cpp" line="175" col="9" msg="unknown type name &apos;Type&apos;" />
 <error level="error" id="clang-tidy" file="C:/Users/valyd/Desktop/Github_Repos/TFG---OpenGL-Engine/tests/unit/engine/core/math/algebra/vector/VectorTests.cpp" line="175" col="26" msg="use of undeclared identifier &apos;Type&apos;" />
 <error level="error" id="clang-tidy" file="C:/Users/valyd/Desktop/Github_Repos/TFG---OpenGL-Engine/tests/unit/engine/core/math/algebra/vector/VectorTests.cpp" line="176" col="9" msg="unknown type name &apos;Vec&apos;" />
 <error level="error" id="clang-tidy" file="C:/Users/valyd/Desktop/Github_Repos/TFG---OpenGL-Engine/tests/unit/engine/core/math/algebra/vector/VectorTests.cpp" line="177" col="9" msg="unknown type name &apos;Vec&apos;" />
 <error level="error" id="clang-tidy" file="C:/Users/valyd/Desktop/Github_Repos/TFG---OpenGL-Engine/tests/unit/engine/core/math/algebra/vector/VectorTests.cpp" line="184" col="9" msg="unknown type name &apos;Vec&apos;" />
 <error level="error" id="clang-tidy" file="C:/Users/valyd/Desktop/Github_Repos/TFG---OpenGL-Engine/tests/unit/engine/core/math/algebra/vector/VectorTests.cpp" line="186" col="9" msg="unknown type name &apos;Vec&apos;" />
 <error level="error" id="clang-tidy" file="C:/Users/valyd/Desktop/Github_Repos/TFG---OpenGL-Engine/tests/unit/engine/core/math/algebra/vector/VectorTests.cpp" line="188" col="9" msg="invalid use of &apos;this&apos; outside of a non-static member function" />
 <error level="error" id="clang-tidy" file="C:/Users/valyd/Desktop/Github_Repos/TFG---OpenGL-Engine/tests/unit/engine/core/math/algebra/vector/VectorTests.cpp" line="193" col="9" msg="unknown type name &apos;Vec&apos;" />
 <error level="error" id="clang-tidy" file="C:/Users/valyd/Desktop/Github_Repos/TFG---OpenGL-Engine/tests/unit/engine/core/math/algebra/vector/VectorTests.cpp" line="195" col="9" msg="unknown type name &apos;Vec&apos;" />
 <error level="error" id="clang-tidy" file="C:/Users/valyd/Desktop/Github_Repos/TFG---OpenGL-Engine/tests/unit/engine/core/math/algebra/vector/VectorTests.cpp" line="196" col="9" msg="invalid use of &apos;this&apos; outside of a non-static member function" />
 <error level="error" id="clang-tidy" file="C:/Users/valyd/Desktop/Github_Repos/TFG---OpenGL-Engine/tests/unit/engine/core/math/algebra/vector/VectorTests.cpp" line="200" col="12" msg="use of class template &apos;VectorTests&apos; requires template arguments; argument deduction not allowed in function prototype" />
 <error level="error" id="clang-tidy" file="C:/Users/valyd/Desktop/Github_Repos/TFG---OpenGL-Engine/tests/unit/engine/core/math/algebra/vector/VectorTests.cpp" line="200" col="25" msg="unknown type name &apos;CopyAssignment&apos;" />
 <error level="error" id="clang-tidy" file="C:/Users/valyd/Desktop/Github_Repos/TFG---OpenGL-Engine/tests/unit/engine/core/math/algebra/vector/VectorTests.cpp" line="200" col="1" msg="a type specifier is required for all declarations" />
 <error level="error" id="clang-tidy" file="C:/Users/valyd/Desktop/Github_Repos/TFG---OpenGL-Engine/tests/unit/engine/core/math/algebra/vector/VectorTests.cpp" line="201" col="5" msg="use of undeclared identifier &apos;TypeParam&apos;" />
 <error level="error" id="clang-tidy" file="C:/Users/valyd/Desktop/Github_Repos/TFG---OpenGL-Engine/tests/unit/engine/core/math/algebra/vector/VectorTests.cpp" line="201" col="5" msg="use of undeclared identifier &apos;TypeParam&apos;" />
 <error level="error" id="clang-tidy" file="C:/Users/valyd/Desktop/Github_Repos/TFG---OpenGL-Engine/tests/unit/engine/core/math/algebra/vector/VectorTests.cpp" line="201" col="5" msg="use of undeclared identifier &apos;Type&apos;" />
 <error level="error" id="clang-tidy" file="C:/Users/valyd/Desktop/Github_Repos/TFG---OpenGL-Engine/tests/unit/engine/core/math/algebra/vector/VectorTests.cpp" line="201" col="5" msg="use of undeclared identifier &apos;Type&apos;" />
 <error level="warning" id="clang-tidy" file="C:/Users/valyd/Desktop/Github_Repos/TFG---OpenGL-Engine/tests/unit/engine/core/math/algebra/vector/VectorTests.cpp" line="201" col="19" msg="empty expression statement has no effect; remove unnecessary &apos;;&apos; to silence this warning" />
 <error level="error" id="clang-tidy" file="C:/Users/valyd/Desktop/Github_Repos/TFG---OpenGL-Engine/tests/unit/engine/core/math/algebra/vector/VectorTests.cpp" line="203" col="5" msg="unknown type name &apos;Vec&apos;" />
 <error level="error" id="clang-tidy" file="C:/Users/valyd/Desktop/Github_Repos/TFG---OpenGL-Engine/tests/unit/engine/core/math/algebra/vector/VectorTests.cpp" line="204" col="18" msg="invalid use of &apos;this&apos; outside of a non-static member function" />
 <error level="error" id="clang-tidy" file="C:/Users/valyd/Desktop/Github_Repos/TFG---OpenGL-Engine/tests/unit/engine/core/math/algebra/vector/VectorTests.cpp" line="205" col="5" msg="invalid use of &apos;this&apos; outside of a non-static member function" />
 <error level="error" id="clang-tidy" file="C:/Users/valyd/Desktop/Github_Repos/TFG---OpenGL-Engine/tests/unit/engine/core/math/algebra/vector/VectorTests.cpp" line="208" col="12" msg="use of class template &apos;VectorTests&apos; requires template arguments; argument deduction not allowed in function prototype" />
 <error level="error" id="clang-tidy" file="C:/Users/valyd/Desktop/Github_Repos/TFG---OpenGL-Engine/tests/unit/engine/core/math/algebra/vector/VectorTests.cpp" line="208" col="25" msg="unknown type name &apos;MoveAssignment&apos;" />
 <error level="error" id="clang-tidy" file="C:/Users/valyd/Desktop/Github_Repos/TFG---OpenGL-Engine/tests/unit/engine/core/math/algebra/vector/VectorTests.cpp" line="208" col="1" msg="a type specifier is required for all declarations" />
 <error level="error" id="clang-tidy" file="C:/Users/valyd/Desktop/Github_Repos/TFG---OpenGL-Engine/tests/unit/engine/core/math/algebra/vector/VectorTests.cpp" line="209" col="5" msg="use of undeclared identifier &apos;TypeParam&apos;" />
 <error level="error" id="clang-tidy" file="C:/Users/valyd/Desktop/Github_Repos/TFG---OpenGL-Engine/tests/unit/engine/core/math/algebra/vector/VectorTests.cpp" line="209" col="5" msg="use of undeclared identifier &apos;TypeParam&apos;" />
 <error level="error" id="clang-tidy" file="C:/Users/valyd/Desktop/Github_Repos/TFG---OpenGL-Engine/tests/unit/engine/core/math/algebra/vector/VectorTests.cpp" line="209" col="5" msg="use of undeclared identifier &apos;Type&apos;" />
 <error level="error" id="clang-tidy" file="C:/Users/valyd/Desktop/Github_Repos/TFG---OpenGL-Engine/tests/unit/engine/core/math/algebra/vector/VectorTests.cpp" line="209" col="5" msg="use of undeclared identifier &apos;Type&apos;" />
 <error level="warning" id="clang-tidy" file="C:/Users/valyd/Desktop/Github_Repos/TFG---OpenGL-Engine/tests/unit/engine/core/math/algebra/vector/VectorTests.cpp" line="209" col="19" msg="empty expression statement has no effect; remove unnecessary &apos;;&apos; to silence this warning" />
 <error level="error" id="clang-tidy" file="C:/Users/valyd/Desktop/Github_Repos/TFG---OpenGL-Engine/tests/unit/engine/core/math/algebra/vector/VectorTests.cpp" line="211" col="5" msg="unknown type name &apos;Vec&apos;" />
 <error level="error" id="clang-tidy" file="C:/Users/valyd/Desktop/Github_Repos/TFG---OpenGL-Engine/tests/unit/engine/core/math/algebra/vector/VectorTests.cpp" line="212" col="5" msg="unknown type name &apos;Vec&apos;" />
 <error level="error" id="clang-tidy" file="C:/Users/valyd/Desktop/Github_Repos/TFG---OpenGL-Engine/tests/unit/engine/core/math/algebra/vector/VectorTests.cpp" line="215" col="5" msg="invalid use of &apos;this&apos; outside of a non-static member function" />
 <error level="error" id="clang-tidy" file="C:/Users/valyd/Desktop/Github_Repos/TFG---OpenGL-Engine/tests/unit/engine/core/math/algebra/vector/VectorTests.cpp" line="218" col="12" msg="use of class template &apos;VectorTests&apos; requires template arguments; argument deduction not allowed in function prototype" />
 <error level="error" id="clang-tidy" file="C:/Users/valyd/Desktop/Github_Repos/TFG---OpenGL-Engine/tests/unit/engine/core/math/algebra/vector/VectorTests.cpp" line="218" col="25" msg="unknown type name &apos;ArrayAssignment&apos;" />
 <error level="error" id="clang-tidy" file="C:/Users/valyd/Desktop/Github_Repos/TFG---OpenGL-Engine/tests/unit/engine/core/math/algebra/vector/VectorTests.cpp" line="218" col="1" msg="a type specifier is required for all declarations" />
 <error level="error" id="clang-tidy" file="C:/Users/valyd/Desktop/Github_Repos/TFG---OpenGL-Engine/tests/unit/engine/core/math/algebra/vector/VectorTests.cpp" line="219" col="5" msg="use of undeclared identifier &apos;TypeParam&apos;" />
 <error level="error" id="clang-tidy" file="C:/Users/valyd/Desktop/Github_Repos/TFG---OpenGL-Engine/tests/unit/engine/core/math/algebra/vector/VectorTests.cpp" line="219" col="5" msg="use of undeclared identifier &apos;TypeParam&apos;" />
 <error level="error" id="clang-tidy" file="C:/Users/valyd/Desktop/Github_Repos/TFG---OpenGL-Engine/tests/unit/engine/core/math/algebra/vector/VectorTests.cpp" line="219" col="5" msg="use of undeclared identifier &apos;Type&apos;" />
 <error level="error" id="clang-tidy" file="C:/Users/valyd/Desktop/Github_Repos/TFG---OpenGL-Engine/tests/unit/engine/core/math/algebra/vector/VectorTests.cpp" line="219" col="5" msg="use of undeclared identifier &apos;Type&apos;" />
 <error level="warning" id="clang-tidy" file="C:/Users/valyd/Desktop/Github_Repos/TFG---OpenGL-Engine/tests/unit/engine/core/math/algebra/vector/VectorTests.cpp" line="219" col="19" msg="empty expression statement has no effect; remove unnecessary &apos;;&apos; to silence this warning" />
 <error level="error" id="clang-tidy" file="C:/Users/valyd/Desktop/Github_Repos/TFG---OpenGL-Engine/tests/unit/engine/core/math/algebra/vector/VectorTests.cpp" line="221" col="5" msg="unknown type name &apos;Type&apos;" />
 <error level="warning" id="clang-tidy" file="C:/Users/valyd/Desktop/Github_Repos/TFG---OpenGL-Engine/tests/unit/engine/core/math/algebra/vector/VectorTests.cpp" line="221" col="14" msg="variable length arrays are a C99 feature" />
 <error level="error" id="clang-tidy" file="C:/Users/valyd/Desktop/Github_Repos/TFG---OpenGL-Engine/tests/unit/engine/core/math/algebra/vector/VectorTests.cpp" line="223" col="37" msg="use of undeclared identifier &apos;Type&apos;" />
 <error level="error" id="clang-tidy" file="C:/Users/valyd/Desktop/Github_Repos/TFG---OpenGL-Engine/tests/unit/engine/core/math/algebra/vector/VectorTests.cpp" line="224" col="5" msg="unknown type name &apos;Vec&apos;" />
 <error level="error" id="clang-tidy" file="C:/Users/valyd/Desktop/Github_Repos/TFG---OpenGL-Engine/tests/unit/engine/core/math/algebra/vector/VectorTests.cpp" line="226" col="5" msg="invalid use of &apos;this&apos; outside of a non-static member function" />
 <error level="error" id="clang-tidy" file="C:/Users/valyd/Desktop/Github_Repos/TFG---OpenGL-Engine/tests/unit/engine/core/math/algebra/vector/VectorTests.cpp" line="229" col="12" msg="use of class template &apos;VectorTests&apos; requires template arguments; argument deduction not allowed in function prototype" />
 <error level="error" id="clang-tidy" file="C:/Users/valyd/Desktop/Github_Repos/TFG---OpenGL-Engine/tests/unit/engine/core/math/algebra/vector/VectorTests.cpp" line="229" col="25" msg="unknown type name &apos;InitializerListAssignment&apos;" />
 <error level="error" id="clang-tidy" file="C:/Users/valyd/Desktop/Github_Repos/TFG---OpenGL-Engine/tests/unit/engine/core/math/algebra/vector/VectorTests.cpp" line="229" col="1" msg="a type specifier is required for all declarations" />
 <error level="error" id="clang-tidy" file="C:/Users/valyd/Desktop/Github_Repos/TFG---OpenGL-Engine/tests/unit/engine/core/math/algebra/vector/VectorTests.cpp" line="230" col="5" msg="use of undeclared identifier &apos;TypeParam&apos;" />
 <error level="error" id="clang-tidy" file="C:/Users/valyd/Desktop/Github_Repos/TFG---OpenGL-Engine/tests/unit/engine/core/math/algebra/vector/VectorTests.cpp" line="230" col="5" msg="use of undeclared identifier &apos;TypeParam&apos;" />
 <error level="error" id="clang-tidy" file="C:/Users/valyd/Desktop/Github_Repos/TFG---OpenGL-Engine/tests/unit/engine/core/math/algebra/vector/VectorTests.cpp" line="230" col="5" msg="use of undeclared identifier &apos;Type&apos;" />
 <error level="error" id="clang-tidy" file="C:/Users/valyd/Desktop/Github_Repos/TFG---OpenGL-Engine/tests/unit/engine/core/math/algebra/vector/VectorTests.cpp" line="230" col="5" msg="use of undeclared identifier &apos;Type&apos;" />
 <error level="warning" id="clang-tidy" file="C:/Users/valyd/Desktop/Github_Repos/TFG---OpenGL-Engine/tests/unit/engine/core/math/algebra/vector/VectorTests.cpp" line="230" col="19" msg="empty expression statement has no effect; remove unnecessary &apos;;&apos; to silence this warning" />
 <error level="error" id="clang-tidy" file="C:/Users/valyd/Desktop/Github_Repos/TFG---OpenGL-Engine/tests/unit/engine/core/math/algebra/vector/VectorTests.cpp" line="232" col="19" msg="constexpr if condition is not a constant expression" />
 <error level="error" id="clang-tidy" file="C:/Users/valyd/Desktop/Github_Repos/TFG---OpenGL-Engine/tests/unit/engine/core/math/algebra/vector/VectorTests.cpp" line="233" col="9" msg="unknown type name &apos;Vec&apos;" />
 <error level="error" id="clang-tidy" file="C:/Users/valyd/Desktop/Github_Repos/TFG---OpenGL-Engine/tests/unit/engine/core/math/algebra/vector/VectorTests.cpp" line="234" col="46" msg="use of undeclared identifier &apos;Type&apos;" />
 <error level="error" id="clang-tidy" file="C:/Users/valyd/Desktop/Github_Repos/TFG---OpenGL-Engine/tests/unit/engine/core/math/algebra/vector/VectorTests.cpp" line="234" col="75" msg="use of undeclared identifier &apos;Type&apos;" />
 <error level="error" id="clang-tidy" file="C:/Users/valyd/Desktop/Github_Repos/TFG---OpenGL-Engine/tests/unit/engine/core/math/algebra/vector/VectorTests.cpp" line="235" col="9" msg="invalid use of &apos;this&apos; outside of a non-static member function" />
 <error level="error" id="clang-tidy" file="C:/Users/valyd/Desktop/Github_Repos/TFG---OpenGL-Engine/tests/unit/engine/core/math/algebra/vector/VectorTests.cpp" line="237" col="19" msg="constexpr if condition is not a constant expression" />
 <error level="error" id="clang-tidy" file="C:/Users/valyd/Desktop/Github_Repos/TFG---OpenGL-Engine/tests/unit/engine/core/math/algebra/vector/VectorTests.cpp" line="238" col="9" msg="unknown type name &apos;Vec&apos;" />
 <error level="error" id="clang-tidy" file="C:/Users/valyd/Desktop/Github_Repos/TFG---OpenGL-Engine/tests/unit/engine/core/math/algebra/vector/VectorTests.cpp" line="240" col="32" msg="use of undeclared identifier &apos;Type&apos;" />
 <error level="error" id="clang-tidy" file="C:/Users/valyd/Desktop/Github_Repos/TFG---OpenGL-Engine/tests/unit/engine/core/math/algebra/vector/VectorTests.cpp" line="240" col="61" msg="use of undeclared identifier &apos;Type&apos;" />
 <error level="error" id="clang-tidy" file="C:/Users/valyd/Desktop/Github_Repos/TFG---OpenGL-Engine/tests/unit/engine/core/math/algebra/vector/VectorTests.cpp" line="241" col="32" msg="use of undeclared identifier &apos;Type&apos;" />
 <error level="error" id="clang-tidy" file="C:/Users/valyd/Desktop/Github_Repos/TFG---OpenGL-Engine/tests/unit/engine/core/math/algebra/vector/VectorTests.cpp" line="243" col="9" msg="invalid use of &apos;this&apos; outside of a non-static member function" />
 <error level="error" id="clang-tidy" file="C:/Users/valyd/Desktop/Github_Repos/TFG---OpenGL-Engine/tests/unit/engine/core/math/algebra/vector/VectorTests.cpp" line="245" col="19" msg="constexpr if condition is not a constant expression" />
 <error level="error" id="clang-tidy" file="C:/Users/valyd/Desktop/Github_Repos/TFG---OpenGL-Engine/tests/unit/engine/core/math/algebra/vector/VectorTests.cpp" line="246" col="9" msg="unknown type name &apos;Vec&apos;" />
 <error level="error" id="clang-tidy" file="C:/Users/valyd/Desktop/Github_Repos/TFG---OpenGL-Engine/tests/unit/engine/core/math/algebra/vector/VectorTests.cpp" line="249" col="32" msg="use of undeclared identifier &apos;Type&apos;" />
 <error level="error" id="clang-tidy" file="C:/Users/valyd/Desktop/Github_Repos/TFG---OpenGL-Engine/tests/unit/engine/core/math/algebra/vector/VectorTests.cpp" line="249" col="61" msg="use of undeclared identifier &apos;Type&apos;" />
 <error level="error" id="clang-tidy" file="C:/Users/valyd/Desktop/Github_Repos/TFG---OpenGL-Engine/tests/unit/engine/core/math/algebra/vector/VectorTests.cpp" line="249" col="90" msg="use of undeclared identifier &apos;Type&apos;" />
 <error level="error" id="clang-tidy" file="C:/Users/valyd/Desktop/Github_Repos/TFG---OpenGL-Engine/tests/unit/engine/core/math/algebra/vector/VectorTests.cpp" line="250" col="32" msg="use of undeclared identifier &apos;Type&apos;" />
 <error level="error" id="clang-tidy" file="C:/Users/valyd/Desktop/Github_Repos/TFG---OpenGL-Engine/tests/unit/engine/core/math/algebra/vector/VectorTests.cpp" line="252" col="9" msg="invalid use of &apos;this&apos; outside of a non-static member function" />
 <error level="error" id="clang-tidy" file="C:/Users/valyd/Desktop/Github_Repos/TFG---OpenGL-Engine/tests/unit/engine/core/math/algebra/vector/VectorTests.cpp" line="261" col="12" msg="use of class template &apos;VectorTests&apos; requires template arguments; argument deduction not allowed in function prototype" />
 <error level="error" id="clang-tidy" file="C:/Users/valyd/Desktop/Github_Repos/TFG---OpenGL-Engine/tests/unit/engine/core/math/algebra/vector/VectorTests.cpp" line="261" col="25" msg="unknown type name &apos;AdditionAssignment&apos;" />
 <error level="error" id="clang-tidy" file="C:/Users/valyd/Desktop/Github_Repos/TFG---OpenGL-Engine/tests/unit/engine/core/math/algebra/vector/VectorTests.cpp" line="261" col="1" msg="a type specifier is required for all declarations" />
 <error level="error" id="clang-tidy" file="C:/Users/valyd/Desktop/Github_Repos/TFG---OpenGL-Engine/tests/unit/engine/core/math/algebra/vector/VectorTests.cpp" line="262" col="5" msg="use of undeclared identifier &apos;TypeParam&apos;" />
 <error level="error" id="clang-tidy" file="C:/Users/valyd/Desktop/Github_Repos/TFG---OpenGL-Engine/tests/unit/engine/core/math/algebra/vector/VectorTests.cpp" line="262" col="5" msg="use of undeclared identifier &apos;TypeParam&apos;" />
 <error level="error" id="clang-tidy" file="C:/Users/valyd/Desktop/Github_Repos/TFG---OpenGL-Engine/tests/unit/engine/core/math/algebra/vector/VectorTests.cpp" line="262" col="5" msg="use of undeclared identifier &apos;Type&apos;" />
 <error level="error" id="clang-tidy" file="C:/Users/valyd/Desktop/Github_Repos/TFG---OpenGL-Engine/tests/unit/engine/core/math/algebra/vector/VectorTests.cpp" line="262" col="5" msg="use of undeclared identifier &apos;Type&apos;" />
 <error level="warning" id="clang-tidy" file="C:/Users/valyd/Desktop/Github_Repos/TFG---OpenGL-Engine/tests/unit/engine/core/math/algebra/vector/VectorTests.cpp" line="262" col="19" msg="empty expression statement has no effect; remove unnecessary &apos;;&apos; to silence this warning" />
 <error level="error" id="clang-tidy" file="C:/Users/valyd/Desktop/Github_Repos/TFG---OpenGL-Engine/tests/unit/engine/core/math/algebra/vector/VectorTests.cpp" line="264" col="5" msg="unknown type name &apos;Vec&apos;" />
 <error level="error" id="clang-tidy" file="C:/Users/valyd/Desktop/Github_Repos/TFG---OpenGL-Engine/tests/unit/engine/core/math/algebra/vector/VectorTests.cpp" line="264" col="21" msg="invalid use of &apos;this&apos; outside of a non-static member function" />
 <error level="error" id="clang-tidy" file="C:/Users/valyd/Desktop/Github_Repos/TFG---OpenGL-Engine/tests/unit/engine/core/math/algebra/vector/VectorTests.cpp" line="265" col="18" msg="invalid use of &apos;this&apos; outside of a non-static member function" />
 <error level="error" id="clang-tidy" file="C:/Users/valyd/Desktop/Github_Repos/TFG---OpenGL-Engine/tests/unit/engine/core/math/algebra/vector/VectorTests.cpp" line="266" col="5" msg="unknown type name &apos;Vec&apos;" />
 <error level="error" id="clang-tidy" file="C:/Users/valyd/Desktop/Github_Repos/TFG---OpenGL-Engine/tests/unit/engine/core/math/algebra/vector/VectorTests.cpp" line="267" col="46" msg="invalid use of &apos;this&apos; outside of a non-static member function" />
 <error level="error" id="clang-tidy" file="C:/Users/valyd/Desktop/Github_Repos/TFG---OpenGL-Engine/tests/unit/engine/core/math/algebra/vector/VectorTests.cpp" line="267" col="61" msg="invalid use of &apos;this&apos; outside of a non-static member function" />
 <error level="error" id="clang-tidy" file="C:/Users/valyd/Desktop/Github_Repos/TFG---OpenGL-Engine/tests/unit/engine/core/math/algebra/vector/VectorTests.cpp" line="271" col="12" msg="use of class template &apos;VectorTests&apos; requires template arguments; argument deduction not allowed in function prototype" />
 <error level="error" id="clang-tidy" file="C:/Users/valyd/Desktop/Github_Repos/TFG---OpenGL-Engine/tests/unit/engine/core/math/algebra/vector/VectorTests.cpp" line="271" col="25" msg="unknown type name &apos;AdditionAssignmentScalar&apos;" />
 <error level="error" id="clang-tidy" file="C:/Users/valyd/Desktop/Github_Repos/TFG---OpenGL-Engine/tests/unit/engine/core/math/algebra/vector/VectorTests.cpp" line="271" col="1" msg="a type specifier is required for all declarations" />
 <error level="error" id="clang-tidy" file="C:/Users/valyd/Desktop/Github_Repos/TFG---OpenGL-Engine/tests/unit/engine/core/math/algebra/vector/VectorTests.cpp" line="272" col="5" msg="use of undeclared identifier &apos;TypeParam&apos;" />
 <error level="error" id="clang-tidy" file="C:/Users/valyd/Desktop/Github_Repos/TFG---OpenGL-Engine/tests/unit/engine/core/math/algebra/vector/VectorTests.cpp" line="272" col="5" msg="use of undeclared identifier &apos;TypeParam&apos;" />
 <error level="error" id="clang-tidy" file="C:/Users/valyd/Desktop/Github_Repos/TFG---OpenGL-Engine/tests/unit/engine/core/math/algebra/vector/VectorTests.cpp" line="272" col="5" msg="use of undeclared identifier &apos;Type&apos;" />
 <error level="error" id="clang-tidy" file="C:/Users/valyd/Desktop/Github_Repos/TFG---OpenGL-Engine/tests/unit/engine/core/math/algebra/vector/VectorTests.cpp" line="272" col="5" msg="use of undeclared identifier &apos;Type&apos;" />
 <error level="warning" id="clang-tidy" file="C:/Users/valyd/Desktop/Github_Repos/TFG---OpenGL-Engine/tests/unit/engine/core/math/algebra/vector/VectorTests.cpp" line="272" col="19" msg="empty expression statement has no effect; remove unnecessary &apos;;&apos; to silence this warning" />
 <error level="error" id="clang-tidy" file="C:/Users/valyd/Desktop/Github_Repos/TFG---OpenGL-Engine/tests/unit/engine/core/math/algebra/vector/VectorTests.cpp" line="274" col="5" msg="unknown type name &apos;Vec&apos;" />
 <error level="error" id="clang-tidy" file="C:/Users/valyd/Desktop/Github_Repos/TFG---OpenGL-Engine/tests/unit/engine/core/math/algebra/vector/VectorTests.cpp" line="274" col="27" msg="invalid use of &apos;this&apos; outside of a non-static member function" />
 <error level="error" id="clang-tidy" file="C:/Users/valyd/Desktop/Github_Repos/TFG---OpenGL-Engine/tests/unit/engine/core/math/algebra/vector/VectorTests.cpp" line="275" col="11" msg="unknown type name &apos;Type&apos;" />
 <error level="error" id="clang-tidy" file="C:/Users/valyd/Desktop/Github_Repos/TFG---OpenGL-Engine/tests/unit/engine/core/math/algebra/vector/VectorTests.cpp" line="275" col="28" msg="use of undeclared identifier &apos;Type&apos;" />
 <error level="error" id="clang-tidy" file="C:/Users/valyd/Desktop/Github_Repos/TFG---OpenGL-Engine/tests/unit/engine/core/math/algebra/vector/VectorTests.cpp" line="277" col="5" msg="unknown type name &apos;Vec&apos;" />
 <error level="error" id="clang-tidy" file="C:/Users/valyd/Desktop/Github_Repos/TFG---OpenGL-Engine/tests/unit/engine/core/math/algebra/vector/VectorTests.cpp" line="277" col="33" msg="invalid use of &apos;this&apos; outside of a non-static member function" />
 <error level="error" id="clang-tidy" file="C:/Users/valyd/Desktop/Github_Repos/TFG---OpenGL-Engine/tests/unit/engine/core/math/algebra/vector/VectorTests.cpp" line="278" col="52" msg="invalid use of &apos;this&apos; outside of a non-static member function" />
 <error level="error" id="clang-tidy" file="C:/Users/valyd/Desktop/Github_Repos/TFG---OpenGL-Engine/tests/unit/engine/core/math/algebra/vector/VectorTests.cpp" line="282" col="12" msg="use of class template &apos;VectorTests&apos; requires template arguments; argument deduction not allowed in function prototype" />
 <error level="error" id="clang-tidy" file="C:/Users/valyd/Desktop/Github_Repos/TFG---OpenGL-Engine/tests/unit/engine/core/math/algebra/vector/VectorTests.cpp" line="282" col="25" msg="unknown type name &apos;SubtractionAssignment&apos;" />
 <error level="error" id="clang-tidy" file="C:/Users/valyd/Desktop/Github_Repos/TFG---OpenGL-Engine/tests/unit/engine/core/math/algebra/vector/VectorTests.cpp" line="282" col="1" msg="a type specifier is required for all declarations" />
 <error level="error" id="clang-tidy" file="C:/Users/valyd/Desktop/Github_Repos/TFG---OpenGL-Engine/tests/unit/engine/core/math/algebra/vector/VectorTests.cpp" line="283" col="5" msg="use of undeclared identifier &apos;TypeParam&apos;" />
 <error level="error" id="clang-tidy" file="C:/Users/valyd/Desktop/Github_Repos/TFG---OpenGL-Engine/tests/unit/engine/core/math/algebra/vector/VectorTests.cpp" line="283" col="5" msg="use of undeclared identifier &apos;TypeParam&apos;" />
 <error level="error" id="clang-tidy" file="C:/Users/valyd/Desktop/Github_Repos/TFG---OpenGL-Engine/tests/unit/engine/core/math/algebra/vector/VectorTests.cpp" line="283" col="5" msg="use of undeclared identifier &apos;Type&apos;" />
 <error level="error" id="clang-tidy" file="C:/Users/valyd/Desktop/Github_Repos/TFG---OpenGL-Engine/tests/unit/engine/core/math/algebra/vector/VectorTests.cpp" line="283" col="5" msg="use of undeclared identifier &apos;Type&apos;" />
 <error level="warning" id="clang-tidy" file="C:/Users/valyd/Desktop/Github_Repos/TFG---OpenGL-Engine/tests/unit/engine/core/math/algebra/vector/VectorTests.cpp" line="283" col="19" msg="empty expression statement has no effect; remove unnecessary &apos;;&apos; to silence this warning" />
 <error level="error" id="clang-tidy" file="C:/Users/valyd/Desktop/Github_Repos/TFG---OpenGL-Engine/tests/unit/engine/core/math/algebra/vector/VectorTests.cpp" line="285" col="5" msg="unknown type name &apos;Vec&apos;" />
 <error level="error" id="clang-tidy" file="C:/Users/valyd/Desktop/Github_Repos/TFG---OpenGL-Engine/tests/unit/engine/core/math/algebra/vector/VectorTests.cpp" line="285" col="21" msg="invalid use of &apos;this&apos; outside of a non-static member function" />
 <error level="error" id="clang-tidy" file="C:/Users/valyd/Desktop/Github_Repos/TFG---OpenGL-Engine/tests/unit/engine/core/math/algebra/vector/VectorTests.cpp" line="286" col="18" msg="invalid use of &apos;this&apos; outside of a non-static member function" />
 <error level="error" id="clang-tidy" file="C:/Users/valyd/Desktop/Github_Repos/TFG---OpenGL-Engine/tests/unit/engine/core/math/algebra/vector/VectorTests.cpp" line="287" col="5" msg="unknown type name &apos;Vec&apos;" />
 <error level="error" id="clang-tidy" file="C:/Users/valyd/Desktop/Github_Repos/TFG---OpenGL-Engine/tests/unit/engine/core/math/algebra/vector/VectorTests.cpp" line="288" col="46" msg="invalid use of &apos;this&apos; outside of a non-static member function" />
 <error level="error" id="clang-tidy" file="C:/Users/valyd/Desktop/Github_Repos/TFG---OpenGL-Engine/tests/unit/engine/core/math/algebra/vector/VectorTests.cpp" line="288" col="61" msg="invalid use of &apos;this&apos; outside of a non-static member function" />
 <error level="error" id="clang-tidy" file="C:/Users/valyd/Desktop/Github_Repos/TFG---OpenGL-Engine/tests/unit/engine/core/math/algebra/vector/VectorTests.cpp" line="292" col="12" msg="use of class template &apos;VectorTests&apos; requires template arguments; argument deduction not allowed in function prototype" />
 <error level="error" id="clang-tidy" file="C:/Users/valyd/Desktop/Github_Repos/TFG---OpenGL-Engine/tests/unit/engine/core/math/algebra/vector/VectorTests.cpp" line="292" col="25" msg="unknown type name &apos;SubtractionAssignmentScalar&apos;" />
 <error level="error" id="clang-tidy" file="C:/Users/valyd/Desktop/Github_Repos/TFG---OpenGL-Engine/tests/unit/engine/core/math/algebra/vector/VectorTests.cpp" line="292" col="1" msg="a type specifier is required for all declarations" />
 <error level="error" id="clang-tidy" file="C:/Users/valyd/Desktop/Github_Repos/TFG---OpenGL-Engine/tests/unit/engine/core/math/algebra/vector/VectorTests.cpp" line="293" col="5" msg="use of undeclared identifier &apos;TypeParam&apos;" />
 <error level="error" id="clang-tidy" file="C:/Users/valyd/Desktop/Github_Repos/TFG---OpenGL-Engine/tests/unit/engine/core/math/algebra/vector/VectorTests.cpp" line="293" col="5" msg="use of undeclared identifier &apos;TypeParam&apos;" />
 <error level="error" id="clang-tidy" file="C:/Users/valyd/Desktop/Github_Repos/TFG---OpenGL-Engine/tests/unit/engine/core/math/algebra/vector/VectorTests.cpp" line="293" col="5" msg="use of undeclared identifier &apos;Type&apos;" />
 <error level="error" id="clang-tidy" file="C:/Users/valyd/Desktop/Github_Repos/TFG---OpenGL-Engine/tests/unit/engine/core/math/algebra/vector/VectorTests.cpp" line="293" col="5" msg="use of undeclared identifier &apos;Type&apos;" />
 <error level="warning" id="clang-tidy" file="C:/Users/valyd/Desktop/Github_Repos/TFG---OpenGL-Engine/tests/unit/engine/core/math/algebra/vector/VectorTests.cpp" line="293" col="19" msg="empty expression statement has no effect; remove unnecessary &apos;;&apos; to silence this warning" />
 <error level="error" id="clang-tidy" file="C:/Users/valyd/Desktop/Github_Repos/TFG---OpenGL-Engine/tests/unit/engine/core/math/algebra/vector/VectorTests.cpp" line="295" col="5" msg="unknown type name &apos;Vec&apos;" />
 <error level="error" id="clang-tidy" file="C:/Users/valyd/Desktop/Github_Repos/TFG---OpenGL-Engine/tests/unit/engine/core/math/algebra/vector/VectorTests.cpp" line="295" col="27" msg="invalid use of &apos;this&apos; outside of a non-static member function" />
 <error level="error" id="clang-tidy" file="C:/Users/valyd/Desktop/Github_Repos/TFG---OpenGL-Engine/tests/unit/engine/core/math/algebra/vector/VectorTests.cpp" line="296" col="11" msg="unknown type name &apos;Type&apos;" />
 <error level="error" id="clang-tidy" file="C:/Users/valyd/Desktop/Github_Repos/TFG---OpenGL-Engine/tests/unit/engine/core/math/algebra/vector/VectorTests.cpp" line="296" col="28" msg="use of undeclared identifier &apos;Type&apos;" />
 <error level="error" id="clang-tidy" file="C:/Users/valyd/Desktop/Github_Repos/TFG---OpenGL-Engine/tests/unit/engine/core/math/algebra/vector/VectorTests.cpp" line="298" col="5" msg="unknown type name &apos;Vec&apos;" />
 <error level="error" id="clang-tidy" file="C:/Users/valyd/Desktop/Github_Repos/TFG---OpenGL-Engine/tests/unit/engine/core/math/algebra/vector/VectorTests.cpp" line="299" col="52" msg="invalid use of &apos;this&apos; outside of a non-static member function" />
 <error level="error" id="clang-tidy" file="C:/Users/valyd/Desktop/Github_Repos/TFG---OpenGL-Engine/tests/unit/engine/core/math/algebra/vector/VectorTests.cpp" line="303" col="12" msg="use of class template &apos;VectorTests&apos; requires template arguments; argument deduction not allowed in function prototype" />
 <error level="error" id="clang-tidy" file="C:/Users/valyd/Desktop/Github_Repos/TFG---OpenGL-Engine/tests/unit/engine/core/math/algebra/vector/VectorTests.cpp" line="303" col="25" msg="unknown type name &apos;MultiplicationAssignment&apos;" />
 <error level="error" id="clang-tidy" file="C:/Users/valyd/Desktop/Github_Repos/TFG---OpenGL-Engine/tests/unit/engine/core/math/algebra/vector/VectorTests.cpp" line="303" col="1" msg="a type specifier is required for all declarations" />
 <error level="error" id="clang-tidy" file="C:/Users/valyd/Desktop/Github_Repos/TFG---OpenGL-Engine/tests/unit/engine/core/math/algebra/vector/VectorTests.cpp" line="304" col="5" msg="use of undeclared identifier &apos;TypeParam&apos;" />
 <error level="error" id="clang-tidy" file="C:/Users/valyd/Desktop/Github_Repos/TFG---OpenGL-Engine/tests/unit/engine/core/math/algebra/vector/VectorTests.cpp" line="304" col="5" msg="use of undeclared identifier &apos;TypeParam&apos;" />
 <error level="error" id="clang-tidy" file="C:/Users/valyd/Desktop/Github_Repos/TFG---OpenGL-Engine/tests/unit/engine/core/math/algebra/vector/VectorTests.cpp" line="304" col="5" msg="use of undeclared identifier &apos;Type&apos;" />
 <error level="error" id="clang-tidy" file="C:/Users/valyd/Desktop/Github_Repos/TFG---OpenGL-Engine/tests/unit/engine/core/math/algebra/vector/VectorTests.cpp" line="304" col="5" msg="use of undeclared identifier &apos;Type&apos;" />
 <error level="warning" id="clang-tidy" file="C:/Users/valyd/Desktop/Github_Repos/TFG---OpenGL-Engine/tests/unit/engine/core/math/algebra/vector/VectorTests.cpp" line="304" col="19" msg="empty expression statement has no effect; remove unnecessary &apos;;&apos; to silence this warning" />
 <error level="error" id="clang-tidy" file="C:/Users/valyd/Desktop/Github_Repos/TFG---OpenGL-Engine/tests/unit/engine/core/math/algebra/vector/VectorTests.cpp" line="306" col="5" msg="unknown type name &apos;Vec&apos;" />
 <error level="error" id="clang-tidy" file="C:/Users/valyd/Desktop/Github_Repos/TFG---OpenGL-Engine/tests/unit/engine/core/math/algebra/vector/VectorTests.cpp" line="306" col="21" msg="invalid use of &apos;this&apos; outside of a non-static member function" />
 <error level="error" id="clang-tidy" file="C:/Users/valyd/Desktop/Github_Repos/TFG---OpenGL-Engine/tests/unit/engine/core/math/algebra/vector/VectorTests.cpp" line="307" col="18" msg="invalid use of &apos;this&apos; outside of a non-static member function" />
 <error level="error" id="clang-tidy" file="C:/Users/valyd/Desktop/Github_Repos/TFG---OpenGL-Engine/tests/unit/engine/core/math/algebra/vector/VectorTests.cpp" line="308" col="5" msg="unknown type name &apos;Vec&apos;" />
 <error level="error" id="clang-tidy" file="C:/Users/valyd/Desktop/Github_Repos/TFG---OpenGL-Engine/tests/unit/engine/core/math/algebra/vector/VectorTests.cpp" line="309" col="46" msg="invalid use of &apos;this&apos; outside of a non-static member function" />
 <error level="error" id="clang-tidy" file="C:/Users/valyd/Desktop/Github_Repos/TFG---OpenGL-Engine/tests/unit/engine/core/math/algebra/vector/VectorTests.cpp" line="309" col="61" msg="invalid use of &apos;this&apos; outside of a non-static member function" />
 <error level="error" id="clang-tidy" file="C:/Users/valyd/Desktop/Github_Repos/TFG---OpenGL-Engine/tests/unit/engine/core/math/algebra/vector/VectorTests.cpp" line="313" col="12" msg="use of class template &apos;VectorTests&apos; requires template arguments; argument deduction not allowed in function prototype" />
 <error level="error" id="clang-tidy" file="C:/Users/valyd/Desktop/Github_Repos/TFG---OpenGL-Engine/tests/unit/engine/core/math/algebra/vector/VectorTests.cpp" line="313" col="25" msg="unknown type name &apos;MultiplicationAssignmentScalar&apos;" />
 <error level="error" id="clang-tidy" file="C:/Users/valyd/Desktop/Github_Repos/TFG---OpenGL-Engine/tests/unit/engine/core/math/algebra/vector/VectorTests.cpp" line="313" col="1" msg="a type specifier is required for all declarations" />
 <error level="error" id="clang-tidy" file="C:/Users/valyd/Desktop/Github_Repos/TFG---OpenGL-Engine/tests/unit/engine/core/math/algebra/vector/VectorTests.cpp" line="314" col="5" msg="use of undeclared identifier &apos;TypeParam&apos;" />
 <error level="error" id="clang-tidy" file="C:/Users/valyd/Desktop/Github_Repos/TFG---OpenGL-Engine/tests/unit/engine/core/math/algebra/vector/VectorTests.cpp" line="314" col="5" msg="use of undeclared identifier &apos;TypeParam&apos;" />
 <error level="error" id="clang-tidy" file="C:/Users/valyd/Desktop/Github_Repos/TFG---OpenGL-Engine/tests/unit/engine/core/math/algebra/vector/VectorTests.cpp" line="314" col="5" msg="use of undeclared identifier &apos;Type&apos;" />
 <error level="error" id="clang-tidy" file="C:/Users/valyd/Desktop/Github_Repos/TFG---OpenGL-Engine/tests/unit/engine/core/math/algebra/vector/VectorTests.cpp" line="314" col="5" msg="use of undeclared identifier &apos;Type&apos;" />
 <error level="warning" id="clang-tidy" file="C:/Users/valyd/Desktop/Github_Repos/TFG---OpenGL-Engine/tests/unit/engine/core/math/algebra/vector/VectorTests.cpp" line="314" col="19" msg="empty expression statement has no effect; remove unnecessary &apos;;&apos; to silence this warning" />
 <error level="error" id="clang-tidy" file="C:/Users/valyd/Desktop/Github_Repos/TFG---OpenGL-Engine/tests/unit/engine/core/math/algebra/vector/VectorTests.cpp" line="316" col="5" msg="unknown type name &apos;Vec&apos;" />
 <error level="error" id="clang-tidy" file="C:/Users/valyd/Desktop/Github_Repos/TFG---OpenGL-Engine/tests/unit/engine/core/math/algebra/vector/VectorTests.cpp" line="316" col="27" msg="invalid use of &apos;this&apos; outside of a non-static member function" />
 <error level="error" id="clang-tidy" file="C:/Users/valyd/Desktop/Github_Repos/TFG---OpenGL-Engine/tests/unit/engine/core/math/algebra/vector/VectorTests.cpp" line="317" col="11" msg="unknown type name &apos;Type&apos;" />
 <error level="error" id="clang-tidy" file="C:/Users/valyd/Desktop/Github_Repos/TFG---OpenGL-Engine/tests/unit/engine/core/math/algebra/vector/VectorTests.cpp" line="317" col="28" msg="use of undeclared identifier &apos;Type&apos;" />
 <error level="error" id="clang-tidy" file="C:/Users/valyd/Desktop/Github_Repos/TFG---OpenGL-Engine/tests/unit/engine/core/math/algebra/vector/VectorTests.cpp" line="319" col="5" msg="unknown type name &apos;Vec&apos;" />
 <error level="error" id="clang-tidy" file="C:/Users/valyd/Desktop/Github_Repos/TFG---OpenGL-Engine/tests/unit/engine/core/math/algebra/vector/VectorTests.cpp" line="320" col="52" msg="invalid use of &apos;this&apos; outside of a non-static member function" />
 <error level="error" id="clang-tidy" file="C:/Users/valyd/Desktop/Github_Repos/TFG---OpenGL-Engine/tests/unit/engine/core/math/algebra/vector/VectorTests.cpp" line="324" col="12" msg="use of class template &apos;VectorTests&apos; requires template arguments; argument deduction not allowed in function prototype" />
 <error level="error" id="clang-tidy" file="C:/Users/valyd/Desktop/Github_Repos/TFG---OpenGL-Engine/tests/unit/engine/core/math/algebra/vector/VectorTests.cpp" line="324" col="25" msg="unknown type name &apos;DivisionAssignment&apos;" />
 <error level="error" id="clang-tidy" file="C:/Users/valyd/Desktop/Github_Repos/TFG---OpenGL-Engine/tests/unit/engine/core/math/algebra/vector/VectorTests.cpp" line="324" col="1" msg="a type specifier is required for all declarations" />
 <error level="error" id="clang-tidy" file="C:/Users/valyd/Desktop/Github_Repos/TFG---OpenGL-Engine/tests/unit/engine/core/math/algebra/vector/VectorTests.cpp" line="325" col="5" msg="use of undeclared identifier &apos;TypeParam&apos;" />
 <error level="error" id="clang-tidy" file="C:/Users/valyd/Desktop/Github_Repos/TFG---OpenGL-Engine/tests/unit/engine/core/math/algebra/vector/VectorTests.cpp" line="325" col="5" msg="use of undeclared identifier &apos;TypeParam&apos;" />
 <error level="error" id="clang-tidy" file="C:/Users/valyd/Desktop/Github_Repos/TFG---OpenGL-Engine/tests/unit/engine/core/math/algebra/vector/VectorTests.cpp" line="325" col="5" msg="use of undeclared identifier &apos;Type&apos;" />
 <error level="error" id="clang-tidy" file="C:/Users/valyd/Desktop/Github_Repos/TFG---OpenGL-Engine/tests/unit/engine/core/math/algebra/vector/VectorTests.cpp" line="325" col="5" msg="use of undeclared identifier &apos;Type&apos;" />
 <error level="warning" id="clang-tidy" file="C:/Users/valyd/Desktop/Github_Repos/TFG---OpenGL-Engine/tests/unit/engine/core/math/algebra/vector/VectorTests.cpp" line="325" col="19" msg="empty expression statement has no effect; remove unnecessary &apos;;&apos; to silence this warning" />
 <error level="error" id="clang-tidy" file="C:/Users/valyd/Desktop/Github_Repos/TFG---OpenGL-Engine/tests/unit/engine/core/math/algebra/vector/VectorTests.cpp" line="327" col="5" msg="unknown type name &apos;Vec&apos;" />
 <error level="error" id="clang-tidy" file="C:/Users/valyd/Desktop/Github_Repos/TFG---OpenGL-Engine/tests/unit/engine/core/math/algebra/vector/VectorTests.cpp" line="327" col="21" msg="invalid use of &apos;this&apos; outside of a non-static member function" />
 <error level="error" id="clang-tidy" file="C:/Users/valyd/Desktop/Github_Repos/TFG---OpenGL-Engine/tests/unit/engine/core/math/algebra/vector/VectorTests.cpp" line="328" col="18" msg="invalid use of &apos;this&apos; outside of a non-static member function" />
 <error level="error" id="clang-tidy" file="C:/Users/valyd/Desktop/Github_Repos/TFG---OpenGL-Engine/tests/unit/engine/core/math/algebra/vector/VectorTests.cpp" line="330" col="5" msg="unknown type name &apos;Vec&apos;" />
 <error level="error" id="clang-tidy" file="C:/Users/valyd/Desktop/Github_Repos/TFG---OpenGL-Engine/tests/unit/engine/core/math/algebra/vector/VectorTests.cpp" line="331" col="46" msg="invalid use of &apos;this&apos; outside of a non-static member function" />
 <error level="error" id="clang-tidy" file="C:/Users/valyd/Desktop/Github_Repos/TFG---OpenGL-Engine/tests/unit/engine/core/math/algebra/vector/VectorTests.cpp" line="331" col="61" msg="invalid use of &apos;this&apos; outside of a non-static member function" />
 <error level="error" id="clang-tidy" file="C:/Users/valyd/Desktop/Github_Repos/TFG---OpenGL-Engine/tests/unit/engine/core/math/algebra/vector/VectorTests.cpp" line="335" col="12" msg="use of class template &apos;VectorTests&apos; requires template arguments; argument deduction not allowed in function prototype" />
 <error level="error" id="clang-tidy" file="C:/Users/valyd/Desktop/Github_Repos/TFG---OpenGL-Engine/tests/unit/engine/core/math/algebra/vector/VectorTests.cpp" line="335" col="25" msg="unknown type name &apos;DivisionAssignmentScalar&apos;" />
 <error level="error" id="clang-tidy" file="C:/Users/valyd/Desktop/Github_Repos/TFG---OpenGL-Engine/tests/unit/engine/core/math/algebra/vector/VectorTests.cpp" line="335" col="1" msg="a type specifier is required for all declarations" />
 <error level="error" id="clang-tidy" file="C:/Users/valyd/Desktop/Github_Repos/TFG---OpenGL-Engine/tests/unit/engine/core/math/algebra/vector/VectorTests.cpp" line="336" col="5" msg="use of undeclared identifier &apos;TypeParam&apos;" />
 <error level="error" id="clang-tidy" file="C:/Users/valyd/Desktop/Github_Repos/TFG---OpenGL-Engine/tests/unit/engine/core/math/algebra/vector/VectorTests.cpp" line="336" col="5" msg="use of undeclared identifier &apos;TypeParam&apos;" />
 <error level="error" id="clang-tidy" file="C:/Users/valyd/Desktop/Github_Repos/TFG---OpenGL-Engine/tests/unit/engine/core/math/algebra/vector/VectorTests.cpp" line="336" col="5" msg="use of undeclared identifier &apos;Type&apos;" />
 <error level="error" id="clang-tidy" file="C:/Users/valyd/Desktop/Github_Repos/TFG---OpenGL-Engine/tests/unit/engine/core/math/algebra/vector/VectorTests.cpp" line="336" col="5" msg="use of undeclared identifier &apos;Type&apos;" />
 <error level="warning" id="clang-tidy" file="C:/Users/valyd/Desktop/Github_Repos/TFG---OpenGL-Engine/tests/unit/engine/core/math/algebra/vector/VectorTests.cpp" line="336" col="19" msg="empty expression statement has no effect; remove unnecessary &apos;;&apos; to silence this warning" />
 <error level="error" id="clang-tidy" file="C:/Users/valyd/Desktop/Github_Repos/TFG---OpenGL-Engine/tests/unit/engine/core/math/algebra/vector/VectorTests.cpp" line="338" col="5" msg="unknown type name &apos;Vec&apos;" />
 <error level="error" id="clang-tidy" file="C:/Users/valyd/Desktop/Github_Repos/TFG---OpenGL-Engine/tests/unit/engine/core/math/algebra/vector/VectorTests.cpp" line="338" col="27" msg="invalid use of &apos;this&apos; outside of a non-static member function" />
 <error level="error" id="clang-tidy" file="C:/Users/valyd/Desktop/Github_Repos/TFG---OpenGL-Engine/tests/unit/engine/core/math/algebra/vector/VectorTests.cpp" line="339" col="11" msg="unknown type name &apos;Type&apos;" />
 <error level="error" id="clang-tidy" file="C:/Users/valyd/Desktop/Github_Repos/TFG---OpenGL-Engine/tests/unit/engine/core/math/algebra/vector/VectorTests.cpp" line="339" col="28" msg="use of undeclared identifier &apos;Type&apos;" />
 <error level="error" id="clang-tidy" file="C:/Users/valyd/Desktop/Github_Repos/TFG---OpenGL-Engine/tests/unit/engine/core/math/algebra/vector/VectorTests.cpp" line="342" col="5" msg="unknown type name &apos;Vec&apos;" />
 <error level="error" id="clang-tidy" file="C:/Users/valyd/Desktop/Github_Repos/TFG---OpenGL-Engine/tests/unit/engine/core/math/algebra/vector/VectorTests.cpp" line="343" col="52" msg="invalid use of &apos;this&apos; outside of a non-static member function" />
 <error level="error" id="clang-tidy" file="C:/Users/valyd/Desktop/Github_Repos/TFG---OpenGL-Engine/tests/unit/engine/core/math/algebra/vector/VectorTests.cpp" line="349" col="12" msg="use of class template &apos;VectorTests&apos; requires template arguments; argument deduction not allowed in function prototype" />
 <error level="error" id="clang-tidy" file="C:/Users/valyd/Desktop/Github_Repos/TFG---OpenGL-Engine/tests/unit/engine/core/math/algebra/vector/VectorTests.cpp" line="349" col="25" msg="unknown type name &apos;AddArithmeticOperator&apos;" />
 <error level="error" id="clang-tidy" file="C:/Users/valyd/Desktop/Github_Repos/TFG---OpenGL-Engine/tests/unit/engine/core/math/algebra/vector/VectorTests.cpp" line="349" col="1" msg="a type specifier is required for all declarations" />
 <error level="error" id="clang-tidy" file="C:/Users/valyd/Desktop/Github_Repos/TFG---OpenGL-Engine/tests/unit/engine/core/math/algebra/vector/VectorTests.cpp" line="350" col="5" msg="use of undeclared identifier &apos;TypeParam&apos;" />
 <error level="error" id="clang-tidy" file="C:/Users/valyd/Desktop/Github_Repos/TFG---OpenGL-Engine/tests/unit/engine/core/math/algebra/vector/VectorTests.cpp" line="350" col="5" msg="use of undeclared identifier &apos;TypeParam&apos;" />
 <error level="error" id="clang-tidy" file="C:/Users/valyd/Desktop/Github_Repos/TFG---OpenGL-Engine/tests/unit/engine/core/math/algebra/vector/VectorTests.cpp" line="350" col="5" msg="use of undeclared identifier &apos;Type&apos;" />
 <error level="error" id="clang-tidy" file="C:/Users/valyd/Desktop/Github_Repos/TFG---OpenGL-Engine/tests/unit/engine/core/math/algebra/vector/VectorTests.cpp" line="350" col="5" msg="use of undeclared identifier &apos;Type&apos;" />
 <error level="warning" id="clang-tidy" file="C:/Users/valyd/Desktop/Github_Repos/TFG---OpenGL-Engine/tests/unit/engine/core/math/algebra/vector/VectorTests.cpp" line="350" col="19" msg="empty expression statement has no effect; remove unnecessary &apos;;&apos; to silence this warning" />
 <error level="error" id="clang-tidy" file="C:/Users/valyd/Desktop/Github_Repos/TFG---OpenGL-Engine/tests/unit/engine/core/math/algebra/vector/VectorTests.cpp" line="353" col="5" msg="unknown type name &apos;Vec&apos;" />
 <error level="error" id="clang-tidy" file="C:/Users/valyd/Desktop/Github_Repos/TFG---OpenGL-Engine/tests/unit/engine/core/math/algebra/vector/VectorTests.cpp" line="354" col="11" msg="invalid use of &apos;this&apos; outside of a non-static member function" />
 <error level="error" id="clang-tidy" file="C:/Users/valyd/Desktop/Github_Repos/TFG---OpenGL-Engine/tests/unit/engine/core/math/algebra/vector/VectorTests.cpp" line="354" col="22" msg="invalid use of &apos;this&apos; outside of a non-static member function" />
 <error level="error" id="clang-tidy" file="C:/Users/valyd/Desktop/Github_Repos/TFG---OpenGL-Engine/tests/unit/engine/core/math/algebra/vector/VectorTests.cpp" line="356" col="5" msg="unknown type name &apos;Vec&apos;" />
 <error level="error" id="clang-tidy" file="C:/Users/valyd/Desktop/Github_Repos/TFG---OpenGL-Engine/tests/unit/engine/core/math/algebra/vector/VectorTests.cpp" line="357" col="46" msg="invalid use of &apos;this&apos; outside of a non-static member function" />
 <error level="error" id="clang-tidy" file="C:/Users/valyd/Desktop/Github_Repos/TFG---OpenGL-Engine/tests/unit/engine/core/math/algebra/vector/VectorTests.cpp" line="357" col="61" msg="invalid use of &apos;this&apos; outside of a non-static member function" />
 <error level="error" id="clang-tidy" file="C:/Users/valyd/Desktop/Github_Repos/TFG---OpenGL-Engine/tests/unit/engine/core/math/algebra/vector/VectorTests.cpp" line="361" col="12" msg="use of class template &apos;VectorTests&apos; requires template arguments; argument deduction not allowed in function prototype" />
 <error level="error" id="clang-tidy" file="C:/Users/valyd/Desktop/Github_Repos/TFG---OpenGL-Engine/tests/unit/engine/core/math/algebra/vector/VectorTests.cpp" line="361" col="25" msg="unknown type name &apos;AddScalarAritmeticOperator&apos;" />
 <error level="error" id="clang-tidy" file="C:/Users/valyd/Desktop/Github_Repos/TFG---OpenGL-Engine/tests/unit/engine/core/math/algebra/vector/VectorTests.cpp" line="361" col="1" msg="a type specifier is required for all declarations" />
 <error level="error" id="clang-tidy" file="C:/Users/valyd/Desktop/Github_Repos/TFG---OpenGL-Engine/tests/unit/engine/core/math/algebra/vector/VectorTests.cpp" line="362" col="5" msg="use of undeclared identifier &apos;TypeParam&apos;" />
 <error level="error" id="clang-tidy" file="C:/Users/valyd/Desktop/Github_Repos/TFG---OpenGL-Engine/tests/unit/engine/core/math/algebra/vector/VectorTests.cpp" line="362" col="5" msg="use of undeclared identifier &apos;TypeParam&apos;" />
 <error level="error" id="clang-tidy" file="C:/Users/valyd/Desktop/Github_Repos/TFG---OpenGL-Engine/tests/unit/engine/core/math/algebra/vector/VectorTests.cpp" line="362" col="5" msg="use of undeclared identifier &apos;Type&apos;" />
 <error level="error" id="clang-tidy" file="C:/Users/valyd/Desktop/Github_Repos/TFG---OpenGL-Engine/tests/unit/engine/core/math/algebra/vector/VectorTests.cpp" line="362" col="5" msg="use of undeclared identifier &apos;Type&apos;" />
 <error level="warning" id="clang-tidy" file="C:/Users/valyd/Desktop/Github_Repos/TFG---OpenGL-Engine/tests/unit/engine/core/math/algebra/vector/VectorTests.cpp" line="362" col="19" msg="empty expression statement has no effect; remove unnecessary &apos;;&apos; to silence this warning" />
 <error level="error" id="clang-tidy" file="C:/Users/valyd/Desktop/Github_Repos/TFG---OpenGL-Engine/tests/unit/engine/core/math/algebra/vector/VectorTests.cpp" line="364" col="5" msg="unknown type name &apos;Vec&apos;" />
 <error level="error" id="clang-tidy" file="C:/Users/valyd/Desktop/Github_Repos/TFG---OpenGL-Engine/tests/unit/engine/core/math/algebra/vector/VectorTests.cpp" line="365" col="11" msg="unknown type name &apos;Type&apos;" />
 <error level="error" id="clang-tidy" file="C:/Users/valyd/Desktop/Github_Repos/TFG---OpenGL-Engine/tests/unit/engine/core/math/algebra/vector/VectorTests.cpp" line="365" col="28" msg="use of undeclared identifier &apos;Type&apos;" />
 <error level="error" id="clang-tidy" file="C:/Users/valyd/Desktop/Github_Repos/TFG---OpenGL-Engine/tests/unit/engine/core/math/algebra/vector/VectorTests.cpp" line="366" col="17" msg="invalid use of &apos;this&apos; outside of a non-static member function" />
 <error level="error" id="clang-tidy" file="C:/Users/valyd/Desktop/Github_Repos/TFG---OpenGL-Engine/tests/unit/engine/core/math/algebra/vector/VectorTests.cpp" line="368" col="5" msg="unknown type name &apos;Vec&apos;" />
 <error level="error" id="clang-tidy" file="C:/Users/valyd/Desktop/Github_Repos/TFG---OpenGL-Engine/tests/unit/engine/core/math/algebra/vector/VectorTests.cpp" line="369" col="52" msg="invalid use of &apos;this&apos; outside of a non-static member function" />
 <error level="error" id="clang-tidy" file="C:/Users/valyd/Desktop/Github_Repos/TFG---OpenGL-Engine/tests/unit/engine/core/math/algebra/vector/VectorTests.cpp" line="373" col="12" msg="use of class template &apos;VectorTests&apos; requires template arguments; argument deduction not allowed in function prototype" />
 <error level="error" id="clang-tidy" file="C:/Users/valyd/Desktop/Github_Repos/TFG---OpenGL-Engine/tests/unit/engine/core/math/algebra/vector/VectorTests.cpp" line="373" col="25" msg="unknown type name &apos;SubArithmeticOperator&apos;" />
 <error level="error" id="clang-tidy" file="C:/Users/valyd/Desktop/Github_Repos/TFG---OpenGL-Engine/tests/unit/engine/core/math/algebra/vector/VectorTests.cpp" line="373" col="1" msg="a type specifier is required for all declarations" />
 <error level="error" id="clang-tidy" file="C:/Users/valyd/Desktop/Github_Repos/TFG---OpenGL-Engine/tests/unit/engine/core/math/algebra/vector/VectorTests.cpp" line="374" col="5" msg="use of undeclared identifier &apos;TypeParam&apos;" />
 <error level="error" id="clang-tidy" file="C:/Users/valyd/Desktop/Github_Repos/TFG---OpenGL-Engine/tests/unit/engine/core/math/algebra/vector/VectorTests.cpp" line="374" col="5" msg="use of undeclared identifier &apos;TypeParam&apos;" />
 <error level="error" id="clang-tidy" file="C:/Users/valyd/Desktop/Github_Repos/TFG---OpenGL-Engine/tests/unit/engine/core/math/algebra/vector/VectorTests.cpp" line="374" col="5" msg="use of undeclared identifier &apos;Type&apos;" />
 <error level="error" id="clang-tidy" file="C:/Users/valyd/Desktop/Github_Repos/TFG---OpenGL-Engine/tests/unit/engine/core/math/algebra/vector/VectorTests.cpp" line="374" col="5" msg="use of undeclared identifier &apos;Type&apos;" />
 <error level="warning" id="clang-tidy" file="C:/Users/valyd/Desktop/Github_Repos/TFG---OpenGL-Engine/tests/unit/engine/core/math/algebra/vector/VectorTests.cpp" line="374" col="19" msg="empty expression statement has no effect; remove unnecessary &apos;;&apos; to silence this warning" />
 <error level="error" id="clang-tidy" file="C:/Users/valyd/Desktop/Github_Repos/TFG---OpenGL-Engine/tests/unit/engine/core/math/algebra/vector/VectorTests.cpp" line="376" col="5" msg="unknown type name &apos;Vec&apos;" />
 <error level="error" id="clang-tidy" file="C:/Users/valyd/Desktop/Github_Repos/TFG---OpenGL-Engine/tests/unit/engine/core/math/algebra/vector/VectorTests.cpp" line="377" col="11" msg="invalid use of &apos;this&apos; outside of a non-static member function" />
 <error level="error" id="clang-tidy" file="C:/Users/valyd/Desktop/Github_Repos/TFG---OpenGL-Engine/tests/unit/engine/core/math/algebra/vector/VectorTests.cpp" line="377" col="22" msg="invalid use of &apos;this&apos; outside of a non-static member function" />
 <error level="error" id="clang-tidy" file="C:/Users/valyd/Desktop/Github_Repos/TFG---OpenGL-Engine/tests/unit/engine/core/math/algebra/vector/VectorTests.cpp" line="378" col="5" msg="unknown type name &apos;Vec&apos;" />
 <error level="error" id="clang-tidy" file="C:/Users/valyd/Desktop/Github_Repos/TFG---OpenGL-Engine/tests/unit/engine/core/math/algebra/vector/VectorTests.cpp" line="379" col="46" msg="invalid use of &apos;this&apos; outside of a non-static member function" />
 <error level="error" id="clang-tidy" file="C:/Users/valyd/Desktop/Github_Repos/TFG---OpenGL-Engine/tests/unit/engine/core/math/algebra/vector/VectorTests.cpp" line="379" col="61" msg="invalid use of &apos;this&apos; outside of a non-static member function" />
 <error level="error" id="clang-tidy" file="C:/Users/valyd/Desktop/Github_Repos/TFG---OpenGL-Engine/tests/unit/engine/core/math/algebra/vector/VectorTests.cpp" line="383" col="12" msg="use of class template &apos;VectorTests&apos; requires template arguments; argument deduction not allowed in function prototype" />
 <error level="error" id="clang-tidy" file="C:/Users/valyd/Desktop/Github_Repos/TFG---OpenGL-Engine/tests/unit/engine/core/math/algebra/vector/VectorTests.cpp" line="383" col="25" msg="unknown type name &apos;SubScalarAritmeticOperator&apos;" />
 <error level="error" id="clang-tidy" file="C:/Users/valyd/Desktop/Github_Repos/TFG---OpenGL-Engine/tests/unit/engine/core/math/algebra/vector/VectorTests.cpp" line="383" col="1" msg="a type specifier is required for all declarations" />
 <error level="error" id="clang-tidy" file="C:/Users/valyd/Desktop/Github_Repos/TFG---OpenGL-Engine/tests/unit/engine/core/math/algebra/vector/VectorTests.cpp" line="384" col="5" msg="use of undeclared identifier &apos;TypeParam&apos;" />
 <error level="error" id="clang-tidy" file="C:/Users/valyd/Desktop/Github_Repos/TFG---OpenGL-Engine/tests/unit/engine/core/math/algebra/vector/VectorTests.cpp" line="384" col="5" msg="use of undeclared identifier &apos;TypeParam&apos;" />
 <error level="error" id="clang-tidy" file="C:/Users/valyd/Desktop/Github_Repos/TFG---OpenGL-Engine/tests/unit/engine/core/math/algebra/vector/VectorTests.cpp" line="384" col="5" msg="use of undeclared identifier &apos;Type&apos;" />
 <error level="error" id="clang-tidy" file="C:/Users/valyd/Desktop/Github_Repos/TFG---OpenGL-Engine/tests/unit/engine/core/math/algebra/vector/VectorTests.cpp" line="384" col="5" msg="use of undeclared identifier &apos;Type&apos;" />
 <error level="warning" id="clang-tidy" file="C:/Users/valyd/Desktop/Github_Repos/TFG---OpenGL-Engine/tests/unit/engine/core/math/algebra/vector/VectorTests.cpp" line="384" col="19" msg="empty expression statement has no effect; remove unnecessary &apos;;&apos; to silence this warning" />
 <error level="error" id="clang-tidy" file="C:/Users/valyd/Desktop/Github_Repos/TFG---OpenGL-Engine/tests/unit/engine/core/math/algebra/vector/VectorTests.cpp" line="386" col="5" msg="unknown type name &apos;Vec&apos;" />
 <error level="error" id="clang-tidy" file="C:/Users/valyd/Desktop/Github_Repos/TFG---OpenGL-Engine/tests/unit/engine/core/math/algebra/vector/VectorTests.cpp" line="387" col="11" msg="unknown type name &apos;Type&apos;" />
 <error level="error" id="clang-tidy" file="C:/Users/valyd/Desktop/Github_Repos/TFG---OpenGL-Engine/tests/unit/engine/core/math/algebra/vector/VectorTests.cpp" line="387" col="28" msg="use of undeclared identifier &apos;Type&apos;" />
 <error level="error" id="clang-tidy" file="C:/Users/valyd/Desktop/Github_Repos/TFG---OpenGL-Engine/tests/unit/engine/core/math/algebra/vector/VectorTests.cpp" line="388" col="17" msg="invalid use of &apos;this&apos; outside of a non-static member function" />
 <error level="error" id="clang-tidy" file="C:/Users/valyd/Desktop/Github_Repos/TFG---OpenGL-Engine/tests/unit/engine/core/math/algebra/vector/VectorTests.cpp" line="389" col="5" msg="unknown type name &apos;Vec&apos;" />
 <error level="error" id="clang-tidy" file="C:/Users/valyd/Desktop/Github_Repos/TFG---OpenGL-Engine/tests/unit/engine/core/math/algebra/vector/VectorTests.cpp" line="390" col="52" msg="invalid use of &apos;this&apos; outside of a non-static member function" />
 <error level="error" id="clang-tidy" file="C:/Users/valyd/Desktop/Github_Repos/TFG---OpenGL-Engine/tests/unit/engine/core/math/algebra/vector/VectorTests.cpp" line="394" col="12" msg="use of class template &apos;VectorTests&apos; requires template arguments; argument deduction not allowed in function prototype" />
 <error level="error" id="clang-tidy" file="C:/Users/valyd/Desktop/Github_Repos/TFG---OpenGL-Engine/tests/unit/engine/core/math/algebra/vector/VectorTests.cpp" line="394" col="25" msg="unknown type name &apos;UnaryMinusOperators&apos;" />
 <error level="error" id="clang-tidy" file="C:/Users/valyd/Desktop/Github_Repos/TFG---OpenGL-Engine/tests/unit/engine/core/math/algebra/vector/VectorTests.cpp" line="394" col="1" msg="a type specifier is required for all declarations" />
 <error level="error" id="clang-tidy" file="C:/Users/valyd/Desktop/Github_Repos/TFG---OpenGL-Engine/tests/unit/engine/core/math/algebra/vector/VectorTests.cpp" line="395" col="5" msg="use of undeclared identifier &apos;TypeParam&apos;" />
 <error level="error" id="clang-tidy" file="C:/Users/valyd/Desktop/Github_Repos/TFG---OpenGL-Engine/tests/unit/engine/core/math/algebra/vector/VectorTests.cpp" line="395" col="5" msg="use of undeclared identifier &apos;TypeParam&apos;" />
 <error level="error" id="clang-tidy" file="C:/Users/valyd/Desktop/Github_Repos/TFG---OpenGL-Engine/tests/unit/engine/core/math/algebra/vector/VectorTests.cpp" line="395" col="5" msg="use of undeclared identifier &apos;Type&apos;" />
 <error level="error" id="clang-tidy" file="C:/Users/valyd/Desktop/Github_Repos/TFG---OpenGL-Engine/tests/unit/engine/core/math/algebra/vector/VectorTests.cpp" line="395" col="5" msg="use of undeclared identifier &apos;Type&apos;" />
 <error level="warning" id="clang-tidy" file="C:/Users/valyd/Desktop/Github_Repos/TFG---OpenGL-Engine/tests/unit/engine/core/math/algebra/vector/VectorTests.cpp" line="395" col="19" msg="empty expression statement has no effect; remove unnecessary &apos;;&apos; to silence this warning" />
 <error level="error" id="clang-tidy" file="C:/Users/valyd/Desktop/Github_Repos/TFG---OpenGL-Engine/tests/unit/engine/core/math/algebra/vector/VectorTests.cpp" line="397" col="5" msg="unknown type name &apos;Vec&apos;" />
 <error level="error" id="clang-tidy" file="C:/Users/valyd/Desktop/Github_Repos/TFG---OpenGL-Engine/tests/unit/engine/core/math/algebra/vector/VectorTests.cpp" line="398" col="19" msg="invalid use of &apos;this&apos; outside of a non-static member function" />
 <error level="error" id="clang-tidy" file="C:/Users/valyd/Desktop/Github_Repos/TFG---OpenGL-Engine/tests/unit/engine/core/math/algebra/vector/VectorTests.cpp" line="399" col="5" msg="unknown type name &apos;Vec&apos;" />
 <error level="error" id="clang-tidy" file="C:/Users/valyd/Desktop/Github_Repos/TFG---OpenGL-Engine/tests/unit/engine/core/math/algebra/vector/VectorTests.cpp" line="400" col="49" msg="invalid use of &apos;this&apos; outside of a non-static member function" />
 <error level="error" id="clang-tidy" file="C:/Users/valyd/Desktop/Github_Repos/TFG---OpenGL-Engine/tests/unit/engine/core/math/algebra/vector/VectorTests.cpp" line="404" col="12" msg="use of class template &apos;VectorTests&apos; requires template arguments; argument deduction not allowed in function prototype" />
 <error level="error" id="clang-tidy" file="C:/Users/valyd/Desktop/Github_Repos/TFG---OpenGL-Engine/tests/unit/engine/core/math/algebra/vector/VectorTests.cpp" line="404" col="25" msg="unknown type name &apos;MultiplicationOperators&apos;" />
 <error level="error" id="clang-tidy" file="C:/Users/valyd/Desktop/Github_Repos/TFG---OpenGL-Engine/tests/unit/engine/core/math/algebra/vector/VectorTests.cpp" line="404" col="1" msg="a type specifier is required for all declarations" />
 <error level="error" id="clang-tidy" file="C:/Users/valyd/Desktop/Github_Repos/TFG---OpenGL-Engine/tests/unit/engine/core/math/algebra/vector/VectorTests.cpp" line="405" col="5" msg="use of undeclared identifier &apos;TypeParam&apos;" />
 <error level="error" id="clang-tidy" file="C:/Users/valyd/Desktop/Github_Repos/TFG---OpenGL-Engine/tests/unit/engine/core/math/algebra/vector/VectorTests.cpp" line="405" col="5" msg="use of undeclared identifier &apos;TypeParam&apos;" />
 <error level="error" id="clang-tidy" file="C:/Users/valyd/Desktop/Github_Repos/TFG---OpenGL-Engine/tests/unit/engine/core/math/algebra/vector/VectorTests.cpp" line="405" col="5" msg="use of undeclared identifier &apos;Type&apos;" />
 <error level="error" id="clang-tidy" file="C:/Users/valyd/Desktop/Github_Repos/TFG---OpenGL-Engine/tests/unit/engine/core/math/algebra/vector/VectorTests.cpp" line="405" col="5" msg="use of undeclared identifier &apos;Type&apos;" />
 <error level="warning" id="clang-tidy" file="C:/Users/valyd/Desktop/Github_Repos/TFG---OpenGL-Engine/tests/unit/engine/core/math/algebra/vector/VectorTests.cpp" line="405" col="19" msg="empty expression statement has no effect; remove unnecessary &apos;;&apos; to silence this warning" />
 <error level="error" id="clang-tidy" file="C:/Users/valyd/Desktop/Github_Repos/TFG---OpenGL-Engine/tests/unit/engine/core/math/algebra/vector/VectorTests.cpp" line="407" col="5" msg="unknown type name &apos;Vec&apos;" />
 <error level="error" id="clang-tidy" file="C:/Users/valyd/Desktop/Github_Repos/TFG---OpenGL-Engine/tests/unit/engine/core/math/algebra/vector/VectorTests.cpp" line="408" col="11" msg="invalid use of &apos;this&apos; outside of a non-static member function" />
 <error level="error" id="clang-tidy" file="C:/Users/valyd/Desktop/Github_Repos/TFG---OpenGL-Engine/tests/unit/engine/core/math/algebra/vector/VectorTests.cpp" line="408" col="22" msg="invalid use of &apos;this&apos; outside of a non-static member function" />
 <error level="error" id="clang-tidy" file="C:/Users/valyd/Desktop/Github_Repos/TFG---OpenGL-Engine/tests/unit/engine/core/math/algebra/vector/VectorTests.cpp" line="409" col="5" msg="unknown type name &apos;Vec&apos;" />
 <error level="error" id="clang-tidy" file="C:/Users/valyd/Desktop/Github_Repos/TFG---OpenGL-Engine/tests/unit/engine/core/math/algebra/vector/VectorTests.cpp" line="410" col="46" msg="invalid use of &apos;this&apos; outside of a non-static member function" />
 <error level="error" id="clang-tidy" file="C:/Users/valyd/Desktop/Github_Repos/TFG---OpenGL-Engine/tests/unit/engine/core/math/algebra/vector/VectorTests.cpp" line="410" col="61" msg="invalid use of &apos;this&apos; outside of a non-static member function" />
 <error level="error" id="clang-tidy" file="C:/Users/valyd/Desktop/Github_Repos/TFG---OpenGL-Engine/tests/unit/engine/core/math/algebra/vector/VectorTests.cpp" line="414" col="12" msg="use of class template &apos;VectorTests&apos; requires template arguments; argument deduction not allowed in function prototype" />
 <error level="error" id="clang-tidy" file="C:/Users/valyd/Desktop/Github_Repos/TFG---OpenGL-Engine/tests/unit/engine/core/math/algebra/vector/VectorTests.cpp" line="414" col="25" msg="unknown type name &apos;MultiplicationScalarOperators&apos;" />
 <error level="error" id="clang-tidy" file="C:/Users/valyd/Desktop/Github_Repos/TFG---OpenGL-Engine/tests/unit/engine/core/math/algebra/vector/VectorTests.cpp" line="414" col="1" msg="a type specifier is required for all declarations" />
 <error level="error" id="clang-tidy" file="C:/Users/valyd/Desktop/Github_Repos/TFG---OpenGL-Engine/tests/unit/engine/core/math/algebra/vector/VectorTests.cpp" line="415" col="5" msg="use of undeclared identifier &apos;TypeParam&apos;" />
 <error level="error" id="clang-tidy" file="C:/Users/valyd/Desktop/Github_Repos/TFG---OpenGL-Engine/tests/unit/engine/core/math/algebra/vector/VectorTests.cpp" line="415" col="5" msg="use of undeclared identifier &apos;TypeParam&apos;" />
 <error level="error" id="clang-tidy" file="C:/Users/valyd/Desktop/Github_Repos/TFG---OpenGL-Engine/tests/unit/engine/core/math/algebra/vector/VectorTests.cpp" line="415" col="5" msg="use of undeclared identifier &apos;Type&apos;" />
 <error level="error" id="clang-tidy" file="C:/Users/valyd/Desktop/Github_Repos/TFG---OpenGL-Engine/tests/unit/engine/core/math/algebra/vector/VectorTests.cpp" line="415" col="5" msg="use of undeclared identifier &apos;Type&apos;" />
 <error level="warning" id="clang-tidy" file="C:/Users/valyd/Desktop/Github_Repos/TFG---OpenGL-Engine/tests/unit/engine/core/math/algebra/vector/VectorTests.cpp" line="415" col="19" msg="empty expression statement has no effect; remove unnecessary &apos;;&apos; to silence this warning" />
 <error level="error" id="clang-tidy" file="C:/Users/valyd/Desktop/Github_Repos/TFG---OpenGL-Engine/tests/unit/engine/core/math/algebra/vector/VectorTests.cpp" line="417" col="5" msg="unknown type name &apos;Vec&apos;" />
 <error level="error" id="clang-tidy" file="C:/Users/valyd/Desktop/Github_Repos/TFG---OpenGL-Engine/tests/unit/engine/core/math/algebra/vector/VectorTests.cpp" line="418" col="11" msg="unknown type name &apos;Type&apos;" />
 <error level="error" id="clang-tidy" file="C:/Users/valyd/Desktop/Github_Repos/TFG---OpenGL-Engine/tests/unit/engine/core/math/algebra/vector/VectorTests.cpp" line="418" col="28" msg="use of undeclared identifier &apos;Type&apos;" />
 <error level="error" id="clang-tidy" file="C:/Users/valyd/Desktop/Github_Repos/TFG---OpenGL-Engine/tests/unit/engine/core/math/algebra/vector/VectorTests.cpp" line="419" col="17" msg="invalid use of &apos;this&apos; outside of a non-static member function" />
 <error level="error" id="clang-tidy" file="C:/Users/valyd/Desktop/Github_Repos/TFG---OpenGL-Engine/tests/unit/engine/core/math/algebra/vector/VectorTests.cpp" line="420" col="5" msg="unknown type name &apos;Vec&apos;" />
 <error level="error" id="clang-tidy" file="C:/Users/valyd/Desktop/Github_Repos/TFG---OpenGL-Engine/tests/unit/engine/core/math/algebra/vector/VectorTests.cpp" line="421" col="52" msg="invalid use of &apos;this&apos; outside of a non-static member function" />
 <error level="error" id="clang-tidy" file="C:/Users/valyd/Desktop/Github_Repos/TFG---OpenGL-Engine/tests/unit/engine/core/math/algebra/vector/VectorTests.cpp" line="425" col="12" msg="use of class template &apos;VectorTests&apos; requires template arguments; argument deduction not allowed in function prototype" />
 <error level="error" id="clang-tidy" file="C:/Users/valyd/Desktop/Github_Repos/TFG---OpenGL-Engine/tests/unit/engine/core/math/algebra/vector/VectorTests.cpp" line="425" col="25" msg="unknown type name &apos;DivisionOperators&apos;" />
 <error level="error" id="clang-tidy" file="C:/Users/valyd/Desktop/Github_Repos/TFG---OpenGL-Engine/tests/unit/engine/core/math/algebra/vector/VectorTests.cpp" line="425" col="1" msg="a type specifier is required for all declarations" />
 <error level="error" id="clang-tidy" file="C:/Users/valyd/Desktop/Github_Repos/TFG---OpenGL-Engine/tests/unit/engine/core/math/algebra/vector/VectorTests.cpp" line="426" col="5" msg="use of undeclared identifier &apos;TypeParam&apos;" />
 <error level="error" id="clang-tidy" file="C:/Users/valyd/Desktop/Github_Repos/TFG---OpenGL-Engine/tests/unit/engine/core/math/algebra/vector/VectorTests.cpp" line="426" col="5" msg="use of undeclared identifier &apos;TypeParam&apos;" />
 <error level="error" id="clang-tidy" file="C:/Users/valyd/Desktop/Github_Repos/TFG---OpenGL-Engine/tests/unit/engine/core/math/algebra/vector/VectorTests.cpp" line="426" col="5" msg="use of undeclared identifier &apos;Type&apos;" />
 <error level="error" id="clang-tidy" file="C:/Users/valyd/Desktop/Github_Repos/TFG---OpenGL-Engine/tests/unit/engine/core/math/algebra/vector/VectorTests.cpp" line="426" col="5" msg="use of undeclared identifier &apos;Type&apos;" />
 <error level="warning" id="clang-tidy" file="C:/Users/valyd/Desktop/Github_Repos/TFG---OpenGL-Engine/tests/unit/engine/core/math/algebra/vector/VectorTests.cpp" line="426" col="19" msg="empty expression statement has no effect; remove unnecessary &apos;;&apos; to silence this warning" />
 <error level="error" id="clang-tidy" file="C:/Users/valyd/Desktop/Github_Repos/TFG---OpenGL-Engine/tests/unit/engine/core/math/algebra/vector/VectorTests.cpp" line="428" col="5" msg="unknown type name &apos;Vec&apos;" />
 <error level="error" id="clang-tidy" file="C:/Users/valyd/Desktop/Github_Repos/TFG---OpenGL-Engine/tests/unit/engine/core/math/algebra/vector/VectorTests.cpp" line="429" col="11" msg="invalid use of &apos;this&apos; outside of a non-static member function" />
 <error level="error" id="clang-tidy" file="C:/Users/valyd/Desktop/Github_Repos/TFG---OpenGL-Engine/tests/unit/engine/core/math/algebra/vector/VectorTests.cpp" line="429" col="22" msg="invalid use of &apos;this&apos; outside of a non-static member function" />
 <error level="error" id="clang-tidy" file="C:/Users/valyd/Desktop/Github_Repos/TFG---OpenGL-Engine/tests/unit/engine/core/math/algebra/vector/VectorTests.cpp" line="430" col="5" msg="unknown type name &apos;Vec&apos;" />
 <error level="error" id="clang-tidy" file="C:/Users/valyd/Desktop/Github_Repos/TFG---OpenGL-Engine/tests/unit/engine/core/math/algebra/vector/VectorTests.cpp" line="431" col="46" msg="invalid use of &apos;this&apos; outside of a non-static member function" />
 <error level="error" id="clang-tidy" file="C:/Users/valyd/Desktop/Github_Repos/TFG---OpenGL-Engine/tests/unit/engine/core/math/algebra/vector/VectorTests.cpp" line="431" col="61" msg="invalid use of &apos;this&apos; outside of a non-static member function" />
 <error level="error" id="clang-tidy" file="C:/Users/valyd/Desktop/Github_Repos/TFG---OpenGL-Engine/tests/unit/engine/core/math/algebra/vector/VectorTests.cpp" line="435" col="12" msg="use of class template &apos;VectorTests&apos; requires template arguments; argument deduction not allowed in function prototype" />
 <error level="error" id="clang-tidy" file="C:/Users/valyd/Desktop/Github_Repos/TFG---OpenGL-Engine/tests/unit/engine/core/math/algebra/vector/VectorTests.cpp" line="435" col="25" msg="unknown type name &apos;DivisionScalarOperators&apos;" />
 <error level="error" id="clang-tidy" file="C:/Users/valyd/Desktop/Github_Repos/TFG---OpenGL-Engine/tests/unit/engine/core/math/algebra/vector/VectorTests.cpp" line="435" col="1" msg="a type specifier is required for all declarations" />
 <error level="error" id="clang-tidy" file="C:/Users/valyd/Desktop/Github_Repos/TFG---OpenGL-Engine/tests/unit/engine/core/math/algebra/vector/VectorTests.cpp" line="436" col="5" msg="use of undeclared identifier &apos;TypeParam&apos;" />
 <error level="error" id="clang-tidy" file="C:/Users/valyd/Desktop/Github_Repos/TFG---OpenGL-Engine/tests/unit/engine/core/math/algebra/vector/VectorTests.cpp" line="436" col="5" msg="use of undeclared identifier &apos;TypeParam&apos;" />
 <error level="error" id="clang-tidy" file="C:/Users/valyd/Desktop/Github_Repos/TFG---OpenGL-Engine/tests/unit/engine/core/math/algebra/vector/VectorTests.cpp" line="436" col="5" msg="use of undeclared identifier &apos;Type&apos;" />
 <error level="error" id="clang-tidy" file="C:/Users/valyd/Desktop/Github_Repos/TFG---OpenGL-Engine/tests/unit/engine/core/math/algebra/vector/VectorTests.cpp" line="436" col="5" msg="use of undeclared identifier &apos;Type&apos;" />
 <error level="warning" id="clang-tidy" file="C:/Users/valyd/Desktop/Github_Repos/TFG---OpenGL-Engine/tests/unit/engine/core/math/algebra/vector/VectorTests.cpp" line="436" col="19" msg="empty expression statement has no effect; remove unnecessary &apos;;&apos; to silence this warning" />
 <error level="error" id="clang-tidy" file="C:/Users/valyd/Desktop/Github_Repos/TFG---OpenGL-Engine/tests/unit/engine/core/math/algebra/vector/VectorTests.cpp" line="438" col="5" msg="unknown type name &apos;Vec&apos;" />
 <error level="error" id="clang-tidy" file="C:/Users/valyd/Desktop/Github_Repos/TFG---OpenGL-Engine/tests/unit/engine/core/math/algebra/vector/VectorTests.cpp" line="439" col="11" msg="unknown type name &apos;Type&apos;" />
 <error level="error" id="clang-tidy" file="C:/Users/valyd/Desktop/Github_Repos/TFG---OpenGL-Engine/tests/unit/engine/core/math/algebra/vector/VectorTests.cpp" line="439" col="28" msg="use of undeclared identifier &apos;Type&apos;" />
 <error level="error" id="clang-tidy" file="C:/Users/valyd/Desktop/Github_Repos/TFG---OpenGL-Engine/tests/unit/engine/core/math/algebra/vector/VectorTests.cpp" line="440" col="17" msg="invalid use of &apos;this&apos; outside of a non-static member function" />
 <error level="error" id="clang-tidy" file="C:/Users/valyd/Desktop/Github_Repos/TFG---OpenGL-Engine/tests/unit/engine/core/math/algebra/vector/VectorTests.cpp" line="441" col="5" msg="unknown type name &apos;Vec&apos;" />
 <error level="error" id="clang-tidy" file="C:/Users/valyd/Desktop/Github_Repos/TFG---OpenGL-Engine/tests/unit/engine/core/math/algebra/vector/VectorTests.cpp" line="442" col="52" msg="invalid use of &apos;this&apos; outside of a non-static member function" />
 <error level="error" id="clang-tidy" file="C:/Users/valyd/Desktop/Github_Repos/TFG---OpenGL-Engine/tests/unit/engine/core/math/algebra/vector/VectorTests.cpp" line="450" col="12" msg="use of class template &apos;VectorTests&apos; requires template arguments; argument deduction not allowed in function prototype" />
 <error level="error" id="clang-tidy" file="C:/Users/valyd/Desktop/Github_Repos/TFG---OpenGL-Engine/tests/unit/engine/core/math/algebra/vector/VectorTests.cpp" line="450" col="25" msg="unknown type name &apos;EqualityOperator&apos;" />
 <error level="error" id="clang-tidy" file="C:/Users/valyd/Desktop/Github_Repos/TFG---OpenGL-Engine/tests/unit/engine/core/math/algebra/vector/VectorTests.cpp" line="450" col="1" msg="a type specifier is required for all declarations" />
 <error level="error" id="clang-tidy" file="C:/Users/valyd/Desktop/Github_Repos/TFG---OpenGL-Engine/tests/unit/engine/core/math/algebra/vector/VectorTests.cpp" line="451" col="5" msg="use of undeclared identifier &apos;TypeParam&apos;" />
 <error level="error" id="clang-tidy" file="C:/Users/valyd/Desktop/Github_Repos/TFG---OpenGL-Engine/tests/unit/engine/core/math/algebra/vector/VectorTests.cpp" line="451" col="5" msg="use of undeclared identifier &apos;TypeParam&apos;" />
 <error level="error" id="clang-tidy" file="C:/Users/valyd/Desktop/Github_Repos/TFG---OpenGL-Engine/tests/unit/engine/core/math/algebra/vector/VectorTests.cpp" line="451" col="5" msg="use of undeclared identifier &apos;Type&apos;" />
 <error level="error" id="clang-tidy" file="C:/Users/valyd/Desktop/Github_Repos/TFG---OpenGL-Engine/tests/unit/engine/core/math/algebra/vector/VectorTests.cpp" line="451" col="5" msg="use of undeclared identifier &apos;Type&apos;" />
 <error level="warning" id="clang-tidy" file="C:/Users/valyd/Desktop/Github_Repos/TFG---OpenGL-Engine/tests/unit/engine/core/math/algebra/vector/VectorTests.cpp" line="451" col="19" msg="empty expression statement has no effect; remove unnecessary &apos;;&apos; to silence this warning" />
 <error level="error" id="clang-tidy" file="C:/Users/valyd/Desktop/Github_Repos/TFG---OpenGL-Engine/tests/unit/engine/core/math/algebra/vector/VectorTests.cpp" line="454" col="5" msg="unknown type name &apos;Vec&apos;" />
 <error level="error" id="clang-tidy" file="C:/Users/valyd/Desktop/Github_Repos/TFG---OpenGL-Engine/tests/unit/engine/core/math/algebra/vector/VectorTests.cpp" line="454" col="14" msg="invalid use of &apos;this&apos; outside of a non-static member function" />
 <error level="error" id="clang-tidy" file="C:/Users/valyd/Desktop/Github_Repos/TFG---OpenGL-Engine/tests/unit/engine/core/math/algebra/vector/VectorTests.cpp" line="455" col="23" msg="invalid use of &apos;this&apos; outside of a non-static member function" />
 <error level="error" id="clang-tidy" file="C:/Users/valyd/Desktop/Github_Repos/TFG---OpenGL-Engine/tests/unit/engine/core/math/algebra/vector/VectorTests.cpp" line="457" col="5" msg="unknown type name &apos;Vec&apos;" />
 <error level="error" id="clang-tidy" file="C:/Users/valyd/Desktop/Github_Repos/TFG---OpenGL-Engine/tests/unit/engine/core/math/algebra/vector/VectorTests.cpp" line="457" col="15" msg="invalid use of &apos;this&apos; outside of a non-static member function" />
 <error level="error" id="clang-tidy" file="C:/Users/valyd/Desktop/Github_Repos/TFG---OpenGL-Engine/tests/unit/engine/core/math/algebra/vector/VectorTests.cpp" line="458" col="25" msg="invalid use of &apos;this&apos; outside of a non-static member function" />
 <error level="error" id="clang-tidy" file="C:/Users/valyd/Desktop/Github_Repos/TFG---OpenGL-Engine/tests/unit/engine/core/math/algebra/vector/VectorTests.cpp" line="461" col="12" msg="use of class template &apos;VectorTests&apos; requires template arguments; argument deduction not allowed in function prototype" />
 <error level="error" id="clang-tidy" file="C:/Users/valyd/Desktop/Github_Repos/TFG---OpenGL-Engine/tests/unit/engine/core/math/algebra/vector/VectorTests.cpp" line="461" col="25" msg="unknown type name &apos;InequalityOperator&apos;" />
 <error level="error" id="clang-tidy" file="C:/Users/valyd/Desktop/Github_Repos/TFG---OpenGL-Engine/tests/unit/engine/core/math/algebra/vector/VectorTests.cpp" line="461" col="1" msg="a type specifier is required for all declarations" />
 <error level="error" id="clang-tidy" file="C:/Users/valyd/Desktop/Github_Repos/TFG---OpenGL-Engine/tests/unit/engine/core/math/algebra/vector/VectorTests.cpp" line="462" col="5" msg="use of undeclared identifier &apos;TypeParam&apos;" />
 <error level="error" id="clang-tidy" file="C:/Users/valyd/Desktop/Github_Repos/TFG---OpenGL-Engine/tests/unit/engine/core/math/algebra/vector/VectorTests.cpp" line="462" col="5" msg="use of undeclared identifier &apos;TypeParam&apos;" />
 <error level="error" id="clang-tidy" file="C:/Users/valyd/Desktop/Github_Repos/TFG---OpenGL-Engine/tests/unit/engine/core/math/algebra/vector/VectorTests.cpp" line="462" col="5" msg="use of undeclared identifier &apos;Type&apos;" />
 <error level="error" id="clang-tidy" file="C:/Users/valyd/Desktop/Github_Repos/TFG---OpenGL-Engine/tests/unit/engine/core/math/algebra/vector/VectorTests.cpp" line="462" col="5" msg="use of undeclared identifier &apos;Type&apos;" />
 <error level="warning" id="clang-tidy" file="C:/Users/valyd/Desktop/Github_Repos/TFG---OpenGL-Engine/tests/unit/engine/core/math/algebra/vector/VectorTests.cpp" line="462" col="19" msg="empty expression statement has no effect; remove unnecessary &apos;;&apos; to silence this warning" />
 <error level="error" id="clang-tidy" file="C:/Users/valyd/Desktop/Github_Repos/TFG---OpenGL-Engine/tests/unit/engine/core/math/algebra/vector/VectorTests.cpp" line="464" col="5" msg="unknown type name &apos;Vec&apos;" />
 <error level="error" id="clang-tidy" file="C:/Users/valyd/Desktop/Github_Repos/TFG---OpenGL-Engine/tests/unit/engine/core/math/algebra/vector/VectorTests.cpp" line="464" col="20" msg="invalid use of &apos;this&apos; outside of a non-static member function" />
 <error level="error" id="clang-tidy" file="C:/Users/valyd/Desktop/Github_Repos/TFG---OpenGL-Engine/tests/unit/engine/core/math/algebra/vector/VectorTests.cpp" line="465" col="5" msg="unknown type name &apos;Vec&apos;" />
 <error level="error" id="clang-tidy" file="C:/Users/valyd/Desktop/Github_Repos/TFG---OpenGL-Engine/tests/unit/engine/core/math/algebra/vector/VectorTests.cpp" line="465" col="19" msg="invalid use of &apos;this&apos; outside of a non-static member function" />
 <error level="error" id="clang-tidy" file="C:/Users/valyd/Desktop/Github_Repos/TFG---OpenGL-Engine/tests/unit/engine/core/math/algebra/vector/VectorTests.cpp" line="468" col="5" msg="unknown type name &apos;Vec&apos;" />
 <error level="error" id="clang-tidy" file="C:/Users/valyd/Desktop/Github_Repos/TFG---OpenGL-Engine/tests/unit/engine/core/math/algebra/vector/VectorTests.cpp" line="468" col="21" msg="invalid use of &apos;this&apos; outside of a non-static member function" />
 <error level="error" id="clang-tidy" file="C:/Users/valyd/Desktop/Github_Repos/TFG---OpenGL-Engine/tests/unit/engine/core/math/algebra/vector/VectorTests.cpp" line="469" col="5" msg="unknown type name &apos;Vec&apos;" />
 <error level="error" id="clang-tidy" file="C:/Users/valyd/Desktop/Github_Repos/TFG---OpenGL-Engine/tests/unit/engine/core/math/algebra/vector/VectorTests.cpp" line="469" col="20" msg="invalid use of &apos;this&apos; outside of a non-static member function" />
 <error level="error" id="clang-tidy" file="C:/Users/valyd/Desktop/Github_Repos/TFG---OpenGL-Engine/tests/unit/engine/core/math/algebra/vector/VectorTests.cpp" line="473" col="12" msg="use of class template &apos;VectorTests&apos; requires template arguments; argument deduction not allowed in function prototype" />
 <error level="error" id="clang-tidy" file="C:/Users/valyd/Desktop/Github_Repos/TFG---OpenGL-Engine/tests/unit/engine/core/math/algebra/vector/VectorTests.cpp" line="473" col="25" msg="unknown type name &apos;LessThanOperator&apos;" />
 <error level="error" id="clang-tidy" file="C:/Users/valyd/Desktop/Github_Repos/TFG---OpenGL-Engine/tests/unit/engine/core/math/algebra/vector/VectorTests.cpp" line="473" col="1" msg="a type specifier is required for all declarations" />
 <error level="error" id="clang-tidy" file="C:/Users/valyd/Desktop/Github_Repos/TFG---OpenGL-Engine/tests/unit/engine/core/math/algebra/vector/VectorTests.cpp" line="474" col="5" msg="use of undeclared identifier &apos;TypeParam&apos;" />
 <error level="error" id="clang-tidy" file="C:/Users/valyd/Desktop/Github_Repos/TFG---OpenGL-Engine/tests/unit/engine/core/math/algebra/vector/VectorTests.cpp" line="474" col="5" msg="use of undeclared identifier &apos;TypeParam&apos;" />
 <error level="error" id="clang-tidy" file="C:/Users/valyd/Desktop/Github_Repos/TFG---OpenGL-Engine/tests/unit/engine/core/math/algebra/vector/VectorTests.cpp" line="474" col="5" msg="use of undeclared identifier &apos;Type&apos;" />
 <error level="error" id="clang-tidy" file="C:/Users/valyd/Desktop/Github_Repos/TFG---OpenGL-Engine/tests/unit/engine/core/math/algebra/vector/VectorTests.cpp" line="474" col="5" msg="use of undeclared identifier &apos;Type&apos;" />
 <error level="warning" id="clang-tidy" file="C:/Users/valyd/Desktop/Github_Repos/TFG---OpenGL-Engine/tests/unit/engine/core/math/algebra/vector/VectorTests.cpp" line="474" col="19" msg="empty expression statement has no effect; remove unnecessary &apos;;&apos; to silence this warning" />
 <error level="error" id="clang-tidy" file="C:/Users/valyd/Desktop/Github_Repos/TFG---OpenGL-Engine/tests/unit/engine/core/math/algebra/vector/VectorTests.cpp" line="476" col="5" msg="unknown type name &apos;Vec&apos;" />
 <error level="error" id="clang-tidy" file="C:/Users/valyd/Desktop/Github_Repos/TFG---OpenGL-Engine/tests/unit/engine/core/math/algebra/vector/VectorTests.cpp" line="476" col="14" msg="invalid use of &apos;this&apos; outside of a non-static member function" />
 <error level="error" id="clang-tidy" file="C:/Users/valyd/Desktop/Github_Repos/TFG---OpenGL-Engine/tests/unit/engine/core/math/algebra/vector/VectorTests.cpp" line="477" col="23" msg="invalid use of &apos;this&apos; outside of a non-static member function" />
 <error level="error" id="clang-tidy" file="C:/Users/valyd/Desktop/Github_Repos/TFG---OpenGL-Engine/tests/unit/engine/core/math/algebra/vector/VectorTests.cpp" line="479" col="11" msg="use of undeclared identifier &apos;Type&apos;" />
 <error level="error" id="clang-tidy" file="C:/Users/valyd/Desktop/Github_Repos/TFG---OpenGL-Engine/tests/unit/engine/core/math/algebra/vector/VectorTests.cpp" line="480" col="22" msg="invalid use of &apos;this&apos; outside of a non-static member function" />
 <error level="error" id="clang-tidy" file="C:/Users/valyd/Desktop/Github_Repos/TFG---OpenGL-Engine/tests/unit/engine/core/math/algebra/vector/VectorTests.cpp" line="482" col="10" msg="invalid use of &apos;this&apos; outside of a non-static member function" />
 <error level="error" id="clang-tidy" file="C:/Users/valyd/Desktop/Github_Repos/TFG---OpenGL-Engine/tests/unit/engine/core/math/algebra/vector/VectorTests.cpp" line="483" col="11" msg="use of undeclared identifier &apos;Type&apos;" />
 <error level="error" id="clang-tidy" file="C:/Users/valyd/Desktop/Github_Repos/TFG---OpenGL-Engine/tests/unit/engine/core/math/algebra/vector/VectorTests.cpp" line="484" col="23" msg="invalid use of &apos;this&apos; outside of a non-static member function" />
 <error level="error" id="clang-tidy" file="C:/Users/valyd/Desktop/Github_Repos/TFG---OpenGL-Engine/tests/unit/engine/core/math/algebra/vector/VectorTests.cpp" line="487" col="12" msg="use of class template &apos;VectorTests&apos; requires template arguments; argument deduction not allowed in function prototype" />
 <error level="error" id="clang-tidy" file="C:/Users/valyd/Desktop/Github_Repos/TFG---OpenGL-Engine/tests/unit/engine/core/math/algebra/vector/VectorTests.cpp" line="487" col="25" msg="unknown type name &apos;LessThanOrEqualOperator&apos;" />
 <error level="error" id="clang-tidy" file="C:/Users/valyd/Desktop/Github_Repos/TFG---OpenGL-Engine/tests/unit/engine/core/math/algebra/vector/VectorTests.cpp" line="487" col="1" msg="a type specifier is required for all declarations" />
 <error level="error" id="clang-tidy" file="C:/Users/valyd/Desktop/Github_Repos/TFG---OpenGL-Engine/tests/unit/engine/core/math/algebra/vector/VectorTests.cpp" line="488" col="5" msg="use of undeclared identifier &apos;TypeParam&apos;" />
 <error level="error" id="clang-tidy" file="C:/Users/valyd/Desktop/Github_Repos/TFG---OpenGL-Engine/tests/unit/engine/core/math/algebra/vector/VectorTests.cpp" line="488" col="5" msg="use of undeclared identifier &apos;TypeParam&apos;" />
 <error level="error" id="clang-tidy" file="C:/Users/valyd/Desktop/Github_Repos/TFG---OpenGL-Engine/tests/unit/engine/core/math/algebra/vector/VectorTests.cpp" line="488" col="5" msg="use of undeclared identifier &apos;Type&apos;" />
 <error level="error" id="clang-tidy" file="C:/Users/valyd/Desktop/Github_Repos/TFG---OpenGL-Engine/tests/unit/engine/core/math/algebra/vector/VectorTests.cpp" line="488" col="5" msg="use of undeclared identifier &apos;Type&apos;" />
 <error level="warning" id="clang-tidy" file="C:/Users/valyd/Desktop/Github_Repos/TFG---OpenGL-Engine/tests/unit/engine/core/math/algebra/vector/VectorTests.cpp" line="488" col="19" msg="empty expression statement has no effect; remove unnecessary &apos;;&apos; to silence this warning" />
 <error level="error" id="clang-tidy" file="C:/Users/valyd/Desktop/Github_Repos/TFG---OpenGL-Engine/tests/unit/engine/core/math/algebra/vector/VectorTests.cpp" line="490" col="5" msg="unknown type name &apos;Vec&apos;" />
 <error level="error" id="clang-tidy" file="C:/Users/valyd/Desktop/Github_Repos/TFG---OpenGL-Engine/tests/unit/engine/core/math/algebra/vector/VectorTests.cpp" line="490" col="15" msg="invalid use of &apos;this&apos; outside of a non-static member function" />
 <error level="error" id="clang-tidy" file="C:/Users/valyd/Desktop/Github_Repos/TFG---OpenGL-Engine/tests/unit/engine/core/math/algebra/vector/VectorTests.cpp" line="491" col="24" msg="invalid use of &apos;this&apos; outside of a non-static member function" />
 <error level="error" id="clang-tidy" file="C:/Users/valyd/Desktop/Github_Repos/TFG---OpenGL-Engine/tests/unit/engine/core/math/algebra/vector/VectorTests.cpp" line="493" col="12" msg="use of undeclared identifier &apos;Type&apos;" />
 <error level="error" id="clang-tidy" file="C:/Users/valyd/Desktop/Github_Repos/TFG---OpenGL-Engine/tests/unit/engine/core/math/algebra/vector/VectorTests.cpp" line="494" col="24" msg="invalid use of &apos;this&apos; outside of a non-static member function" />
 <error level="error" id="clang-tidy" file="C:/Users/valyd/Desktop/Github_Repos/TFG---OpenGL-Engine/tests/unit/engine/core/math/algebra/vector/VectorTests.cpp" line="496" col="11" msg="invalid use of &apos;this&apos; outside of a non-static member function" />
 <error level="error" id="clang-tidy" file="C:/Users/valyd/Desktop/Github_Repos/TFG---OpenGL-Engine/tests/unit/engine/core/math/algebra/vector/VectorTests.cpp" line="497" col="12" msg="use of undeclared identifier &apos;Type&apos;" />
 <error level="error" id="clang-tidy" file="C:/Users/valyd/Desktop/Github_Repos/TFG---OpenGL-Engine/tests/unit/engine/core/math/algebra/vector/VectorTests.cpp" line="498" col="25" msg="invalid use of &apos;this&apos; outside of a non-static member function" />
 <error level="error" id="clang-tidy" file="C:/Users/valyd/Desktop/Github_Repos/TFG---OpenGL-Engine/tests/unit/engine/core/math/algebra/vector/VectorTests.cpp" line="501" col="12" msg="use of class template &apos;VectorTests&apos; requires template arguments; argument deduction not allowed in function prototype" />
 <error level="error" id="clang-tidy" file="C:/Users/valyd/Desktop/Github_Repos/TFG---OpenGL-Engine/tests/unit/engine/core/math/algebra/vector/VectorTests.cpp" line="501" col="25" msg="unknown type name &apos;GreaterThanOperator&apos;" />
 <error level="error" id="clang-tidy" file="C:/Users/valyd/Desktop/Github_Repos/TFG---OpenGL-Engine/tests/unit/engine/core/math/algebra/vector/VectorTests.cpp" line="501" col="1" msg="a type specifier is required for all declarations" />
 <error level="error" id="clang-tidy" file="C:/Users/valyd/Desktop/Github_Repos/TFG---OpenGL-Engine/tests/unit/engine/core/math/algebra/vector/VectorTests.cpp" line="502" col="5" msg="use of undeclared identifier &apos;TypeParam&apos;" />
 <error level="error" id="clang-tidy" file="C:/Users/valyd/Desktop/Github_Repos/TFG---OpenGL-Engine/tests/unit/engine/core/math/algebra/vector/VectorTests.cpp" line="502" col="5" msg="use of undeclared identifier &apos;TypeParam&apos;" />
 <error level="error" id="clang-tidy" file="C:/Users/valyd/Desktop/Github_Repos/TFG---OpenGL-Engine/tests/unit/engine/core/math/algebra/vector/VectorTests.cpp" line="502" col="5" msg="use of undeclared identifier &apos;Type&apos;" />
 <error level="error" id="clang-tidy" file="C:/Users/valyd/Desktop/Github_Repos/TFG---OpenGL-Engine/tests/unit/engine/core/math/algebra/vector/VectorTests.cpp" line="502" col="5" msg="use of undeclared identifier &apos;Type&apos;" />
 <error level="warning" id="clang-tidy" file="C:/Users/valyd/Desktop/Github_Repos/TFG---OpenGL-Engine/tests/unit/engine/core/math/algebra/vector/VectorTests.cpp" line="502" col="19" msg="empty expression statement has no effect; remove unnecessary &apos;;&apos; to silence this warning" />
 <error level="error" id="clang-tidy" file="C:/Users/valyd/Desktop/Github_Repos/TFG---OpenGL-Engine/tests/unit/engine/core/math/algebra/vector/VectorTests.cpp" line="504" col="5" msg="unknown type name &apos;Vec&apos;" />
 <error level="error" id="clang-tidy" file="C:/Users/valyd/Desktop/Github_Repos/TFG---OpenGL-Engine/tests/unit/engine/core/math/algebra/vector/VectorTests.cpp" line="504" col="14" msg="invalid use of &apos;this&apos; outside of a non-static member function" />
 <error level="error" id="clang-tidy" file="C:/Users/valyd/Desktop/Github_Repos/TFG---OpenGL-Engine/tests/unit/engine/core/math/algebra/vector/VectorTests.cpp" line="505" col="23" msg="invalid use of &apos;this&apos; outside of a non-static member function" />
 <error level="error" id="clang-tidy" file="C:/Users/valyd/Desktop/Github_Repos/TFG---OpenGL-Engine/tests/unit/engine/core/math/algebra/vector/VectorTests.cpp" line="507" col="11" msg="use of undeclared identifier &apos;Type&apos;" />
 <error level="error" id="clang-tidy" file="C:/Users/valyd/Desktop/Github_Repos/TFG---OpenGL-Engine/tests/unit/engine/core/math/algebra/vector/VectorTests.cpp" line="508" col="22" msg="invalid use of &apos;this&apos; outside of a non-static member function" />
 <error level="error" id="clang-tidy" file="C:/Users/valyd/Desktop/Github_Repos/TFG---OpenGL-Engine/tests/unit/engine/core/math/algebra/vector/VectorTests.cpp" line="510" col="10" msg="invalid use of &apos;this&apos; outside of a non-static member function" />
 <error level="error" id="clang-tidy" file="C:/Users/valyd/Desktop/Github_Repos/TFG---OpenGL-Engine/tests/unit/engine/core/math/algebra/vector/VectorTests.cpp" line="511" col="11" msg="use of undeclared identifier &apos;Type&apos;" />
 <error level="error" id="clang-tidy" file="C:/Users/valyd/Desktop/Github_Repos/TFG---OpenGL-Engine/tests/unit/engine/core/math/algebra/vector/VectorTests.cpp" line="512" col="23" msg="invalid use of &apos;this&apos; outside of a non-static member function" />
 <error level="error" id="clang-tidy" file="C:/Users/valyd/Desktop/Github_Repos/TFG---OpenGL-Engine/tests/unit/engine/core/math/algebra/vector/VectorTests.cpp" line="515" col="12" msg="use of class template &apos;VectorTests&apos; requires template arguments; argument deduction not allowed in function prototype" />
 <error level="error" id="clang-tidy" file="C:/Users/valyd/Desktop/Github_Repos/TFG---OpenGL-Engine/tests/unit/engine/core/math/algebra/vector/VectorTests.cpp" line="515" col="25" msg="unknown type name &apos;GreaterThanOrEqualOperator&apos;" />
 <error level="error" id="clang-tidy" file="C:/Users/valyd/Desktop/Github_Repos/TFG---OpenGL-Engine/tests/unit/engine/core/math/algebra/vector/VectorTests.cpp" line="515" col="1" msg="a type specifier is required for all declarations" />
 <error level="error" id="clang-tidy" file="C:/Users/valyd/Desktop/Github_Repos/TFG---OpenGL-Engine/tests/unit/engine/core/math/algebra/vector/VectorTests.cpp" line="516" col="5" msg="use of undeclared identifier &apos;TypeParam&apos;" />
 <error level="error" id="clang-tidy" file="C:/Users/valyd/Desktop/Github_Repos/TFG---OpenGL-Engine/tests/unit/engine/core/math/algebra/vector/VectorTests.cpp" line="516" col="5" msg="use of undeclared identifier &apos;TypeParam&apos;" />
 <error level="error" id="clang-tidy" file="C:/Users/valyd/Desktop/Github_Repos/TFG---OpenGL-Engine/tests/unit/engine/core/math/algebra/vector/VectorTests.cpp" line="516" col="5" msg="use of undeclared identifier &apos;Type&apos;" />
 <error level="error" id="clang-tidy" file="C:/Users/valyd/Desktop/Github_Repos/TFG---OpenGL-Engine/tests/unit/engine/core/math/algebra/vector/VectorTests.cpp" line="516" col="5" msg="use of undeclared identifier &apos;Type&apos;" />
 <error level="warning" id="clang-tidy" file="C:/Users/valyd/Desktop/Github_Repos/TFG---OpenGL-Engine/tests/unit/engine/core/math/algebra/vector/VectorTests.cpp" line="516" col="19" msg="empty expression statement has no effect; remove unnecessary &apos;;&apos; to silence this warning" />
 <error level="error" id="clang-tidy" file="C:/Users/valyd/Desktop/Github_Repos/TFG---OpenGL-Engine/tests/unit/engine/core/math/algebra/vector/VectorTests.cpp" line="518" col="5" msg="unknown type name &apos;Vec&apos;" />
 <error level="error" id="clang-tidy" file="C:/Users/valyd/Desktop/Github_Repos/TFG---OpenGL-Engine/tests/unit/engine/core/math/algebra/vector/VectorTests.cpp" line="518" col="15" msg="invalid use of &apos;this&apos; outside of a non-static member function" />
 <error level="error" id="clang-tidy" file="C:/Users/valyd/Desktop/Github_Repos/TFG---OpenGL-Engine/tests/unit/engine/core/math/algebra/vector/VectorTests.cpp" line="519" col="24" msg="invalid use of &apos;this&apos; outside of a non-static member function" />
 <error level="error" id="clang-tidy" file="C:/Users/valyd/Desktop/Github_Repos/TFG---OpenGL-Engine/tests/unit/engine/core/math/algebra/vector/VectorTests.cpp" line="521" col="12" msg="use of undeclared identifier &apos;Type&apos;" />
 <error level="error" id="clang-tidy" file="C:/Users/valyd/Desktop/Github_Repos/TFG---OpenGL-Engine/tests/unit/engine/core/math/algebra/vector/VectorTests.cpp" line="522" col="24" msg="invalid use of &apos;this&apos; outside of a non-static member function" />
 <error level="error" id="clang-tidy" file="C:/Users/valyd/Desktop/Github_Repos/TFG---OpenGL-Engine/tests/unit/engine/core/math/algebra/vector/VectorTests.cpp" line="524" col="11" msg="invalid use of &apos;this&apos; outside of a non-static member function" />
 <error level="error" id="clang-tidy" file="C:/Users/valyd/Desktop/Github_Repos/TFG---OpenGL-Engine/tests/unit/engine/core/math/algebra/vector/VectorTests.cpp" line="525" col="12" msg="use of undeclared identifier &apos;Type&apos;" />
 <error level="error" id="clang-tidy" file="C:/Users/valyd/Desktop/Github_Repos/TFG---OpenGL-Engine/tests/unit/engine/core/math/algebra/vector/VectorTests.cpp" line="526" col="25" msg="invalid use of &apos;this&apos; outside of a non-static member function" />
 <error level="error" id="clang-tidy" file="C:/Users/valyd/Desktop/Github_Repos/TFG---OpenGL-Engine/tests/unit/engine/core/math/algebra/vector/VectorTests.cpp" line="533" col="12" msg="use of class template &apos;VectorTests&apos; requires template arguments; argument deduction not allowed in function prototype" />
 <error level="error" id="clang-tidy" file="C:/Users/valyd/Desktop/Github_Repos/TFG---OpenGL-Engine/tests/unit/engine/core/math/algebra/vector/VectorTests.cpp" line="533" col="25" msg="unknown type name &apos;VectorIsZero&apos;" />
 <error level="error" id="clang-tidy" file="C:/Users/valyd/Desktop/Github_Repos/TFG---OpenGL-Engine/tests/unit/engine/core/math/algebra/vector/VectorTests.cpp" line="533" col="1" msg="a type specifier is required for all declarations" />
 <error level="error" id="clang-tidy" file="C:/Users/valyd/Desktop/Github_Repos/TFG---OpenGL-Engine/tests/unit/engine/core/math/algebra/vector/VectorTests.cpp" line="534" col="5" msg="use of undeclared identifier &apos;TypeParam&apos;" />
 <error level="error" id="clang-tidy" file="C:/Users/valyd/Desktop/Github_Repos/TFG---OpenGL-Engine/tests/unit/engine/core/math/algebra/vector/VectorTests.cpp" line="534" col="5" msg="use of undeclared identifier &apos;TypeParam&apos;" />
 <error level="error" id="clang-tidy" file="C:/Users/valyd/Desktop/Github_Repos/TFG---OpenGL-Engine/tests/unit/engine/core/math/algebra/vector/VectorTests.cpp" line="534" col="5" msg="use of undeclared identifier &apos;Type&apos;" />
 <error level="error" id="clang-tidy" file="C:/Users/valyd/Desktop/Github_Repos/TFG---OpenGL-Engine/tests/unit/engine/core/math/algebra/vector/VectorTests.cpp" line="534" col="5" msg="use of undeclared identifier &apos;Type&apos;" />
 <error level="warning" id="clang-tidy" file="C:/Users/valyd/Desktop/Github_Repos/TFG---OpenGL-Engine/tests/unit/engine/core/math/algebra/vector/VectorTests.cpp" line="534" col="19" msg="empty expression statement has no effect; remove unnecessary &apos;;&apos; to silence this warning" />
 <error level="error" id="clang-tidy" file="C:/Users/valyd/Desktop/Github_Repos/TFG---OpenGL-Engine/tests/unit/engine/core/math/algebra/vector/VectorTests.cpp" line="536" col="5" msg="unknown type name &apos;Vec&apos;" />
 <error level="error" id="clang-tidy" file="C:/Users/valyd/Desktop/Github_Repos/TFG---OpenGL-Engine/tests/unit/engine/core/math/algebra/vector/VectorTests.cpp" line="537" col="58" msg="use of undeclared identifier &apos;Type&apos;" />
 <error level="error" id="clang-tidy" file="C:/Users/valyd/Desktop/Github_Repos/TFG---OpenGL-Engine/tests/unit/engine/core/math/algebra/vector/VectorTests.cpp" line="541" col="5" msg="unknown type name &apos;Vec&apos;" />
 <error level="error" id="clang-tidy" file="C:/Users/valyd/Desktop/Github_Repos/TFG---OpenGL-Engine/tests/unit/engine/core/math/algebra/vector/VectorTests.cpp" line="541" col="19" msg="invalid use of &apos;this&apos; outside of a non-static member function" />
 <error level="error" id="clang-tidy" file="C:/Users/valyd/Desktop/Github_Repos/TFG---OpenGL-Engine/tests/unit/engine/core/math/algebra/vector/VectorTests.cpp" line="545" col="12" msg="use of class template &apos;VectorTests&apos; requires template arguments; argument deduction not allowed in function prototype" />
 <error level="error" id="clang-tidy" file="C:/Users/valyd/Desktop/Github_Repos/TFG---OpenGL-Engine/tests/unit/engine/core/math/algebra/vector/VectorTests.cpp" line="545" col="25" msg="unknown type name &apos;VectorClamp&apos;" />
 <error level="error" id="clang-tidy" file="C:/Users/valyd/Desktop/Github_Repos/TFG---OpenGL-Engine/tests/unit/engine/core/math/algebra/vector/VectorTests.cpp" line="545" col="1" msg="a type specifier is required for all declarations" />
 <error level="error" id="clang-tidy" file="C:/Users/valyd/Desktop/Github_Repos/TFG---OpenGL-Engine/tests/unit/engine/core/math/algebra/vector/VectorTests.cpp" line="546" col="5" msg="use of undeclared identifier &apos;TypeParam&apos;" />
 <error level="error" id="clang-tidy" file="C:/Users/valyd/Desktop/Github_Repos/TFG---OpenGL-Engine/tests/unit/engine/core/math/algebra/vector/VectorTests.cpp" line="546" col="5" msg="use of undeclared identifier &apos;TypeParam&apos;" />
 <error level="error" id="clang-tidy" file="C:/Users/valyd/Desktop/Github_Repos/TFG---OpenGL-Engine/tests/unit/engine/core/math/algebra/vector/VectorTests.cpp" line="546" col="5" msg="use of undeclared identifier &apos;Type&apos;" />
 <error level="error" id="clang-tidy" file="C:/Users/valyd/Desktop/Github_Repos/TFG---OpenGL-Engine/tests/unit/engine/core/math/algebra/vector/VectorTests.cpp" line="546" col="5" msg="use of undeclared identifier &apos;Type&apos;" />
 <error level="warning" id="clang-tidy" file="C:/Users/valyd/Desktop/Github_Repos/TFG---OpenGL-Engine/tests/unit/engine/core/math/algebra/vector/VectorTests.cpp" line="546" col="19" msg="empty expression statement has no effect; remove unnecessary &apos;;&apos; to silence this warning" />
 <error level="warning" id="clang-tidy" file="C:/Users/valyd/Desktop/Github_Repos/TFG---OpenGL-Engine/tests/unit/engine/core/math/algebra/vector/VectorTests.cpp" line="548" col="45" msg="empty expression statement has no effect; remove unnecessary &apos;;&apos; to silence this warning" />
 <error level="error" id="clang-tidy" file="C:/Users/valyd/Desktop/Github_Repos/TFG---OpenGL-Engine/tests/unit/engine/core/math/algebra/vector/VectorTests.cpp" line="549" col="5" msg="unknown type name &apos;Type&apos;" />
 <error level="error" id="clang-tidy" file="C:/Users/valyd/Desktop/Github_Repos/TFG---OpenGL-Engine/tests/unit/engine/core/math/algebra/vector/VectorTests.cpp" line="549" col="16" msg="use of undeclared identifier &apos;Type&apos;" />
 <error level="error" id="clang-tidy" file="C:/Users/valyd/Desktop/Github_Repos/TFG---OpenGL-Engine/tests/unit/engine/core/math/algebra/vector/VectorTests.cpp" line="550" col="5" msg="unknown type name &apos;Type&apos;" />
 <error level="error" id="clang-tidy" file="C:/Users/valyd/Desktop/Github_Repos/TFG---OpenGL-Engine/tests/unit/engine/core/math/algebra/vector/VectorTests.cpp" line="550" col="16" msg="use of undeclared identifier &apos;Type&apos;" />
 <error level="error" id="clang-tidy" file="C:/Users/valyd/Desktop/Github_Repos/TFG---OpenGL-Engine/tests/unit/engine/core/math/algebra/vector/VectorTests.cpp" line="552" col="5" msg="invalid use of &apos;this&apos; outside of a non-static member function" />
 <error level="error" id="clang-tidy" file="C:/Users/valyd/Desktop/Github_Repos/TFG---OpenGL-Engine/tests/unit/engine/core/math/algebra/vector/VectorTests.cpp" line="552" col="20" msg="use of undeclared identifier &apos;Vec&apos;" />
 <error level="error" id="clang-tidy" file="C:/Users/valyd/Desktop/Github_Repos/TFG---OpenGL-Engine/tests/unit/engine/core/math/algebra/vector/VectorTests.cpp" line="553" col="5" msg="invalid use of &apos;this&apos; outside of a non-static member function" />
 <error level="error" id="clang-tidy" file="C:/Users/valyd/Desktop/Github_Repos/TFG---OpenGL-Engine/tests/unit/engine/core/math/algebra/vector/VectorTests.cpp" line="553" col="20" msg="invalid use of &apos;this&apos; outside of a non-static member function" />
 <error level="error" id="clang-tidy" file="C:/Users/valyd/Desktop/Github_Repos/TFG---OpenGL-Engine/tests/unit/engine/core/math/algebra/vector/VectorTests.cpp" line="555" col="5" msg="invalid use of &apos;this&apos; outside of a non-static member function" />
 <error level="error" id="clang-tidy" file="C:/Users/valyd/Desktop/Github_Repos/TFG---OpenGL-Engine/tests/unit/engine/core/math/algebra/vector/VectorTests.cpp" line="555" col="22" msg="use of undeclared identifier &apos;Vec&apos;" />
 <error level="error" id="clang-tidy" file="C:/Users/valyd/Desktop/Github_Repos/TFG---OpenGL-Engine/tests/unit/engine/core/math/algebra/vector/VectorTests.cpp" line="556" col="52" msg="invalid use of &apos;this&apos; outside of a non-static member function" />
 <error level="error" id="clang-tidy" file="C:/Users/valyd/Desktop/Github_Repos/TFG---OpenGL-Engine/tests/unit/engine/core/math/algebra/vector/VectorTests.cpp" line="556" col="83" msg="invalid use of &apos;this&apos; outside of a non-static member function" />
 <error level="error" id="clang-tidy" file="C:/Users/valyd/Desktop/Github_Repos/TFG---OpenGL-Engine/tests/unit/engine/core/math/algebra/vector/VectorTests.cpp" line="558" col="5" msg="invalid use of &apos;this&apos; outside of a non-static member function" />
 <error level="error" id="clang-tidy" file="C:/Users/valyd/Desktop/Github_Repos/TFG---OpenGL-Engine/tests/unit/engine/core/math/algebra/vector/VectorTests.cpp" line="558" col="5" msg="invalid use of &apos;this&apos; outside of a non-static member function" />
 <error level="warning" id="clang-tidy" file="C:/Users/valyd/Desktop/Github_Repos/TFG---OpenGL-Engine/tests/unit/engine/core/math/algebra/vector/VectorTests.cpp" line="560" col="45" msg="empty expression statement has no effect; remove unnecessary &apos;;&apos; to silence this warning" />
 <error level="error" id="clang-tidy" file="C:/Users/valyd/Desktop/Github_Repos/TFG---OpenGL-Engine/tests/unit/engine/core/math/algebra/vector/VectorTests.cpp" line="561" col="5" msg="unknown type name &apos;Vec&apos;" />
 <error level="error" id="clang-tidy" file="C:/Users/valyd/Desktop/Github_Repos/TFG---OpenGL-Engine/tests/unit/engine/core/math/algebra/vector/VectorTests.cpp" line="563" col="21" msg="use of undeclared identifier &apos;Type&apos;" />
 <error level="error" id="clang-tidy" file="C:/Users/valyd/Desktop/Github_Repos/TFG---OpenGL-Engine/tests/unit/engine/core/math/algebra/vector/VectorTests.cpp" line="565" col="5" msg="unknown type name &apos;Vec&apos;" />
 <error level="error" id="clang-tidy" file="C:/Users/valyd/Desktop/Github_Repos/TFG---OpenGL-Engine/tests/unit/engine/core/math/algebra/vector/VectorTests.cpp" line="567" col="21" msg="use of undeclared identifier &apos;Type&apos;" />
 <error level="error" id="clang-tidy" file="C:/Users/valyd/Desktop/Github_Repos/TFG---OpenGL-Engine/tests/unit/engine/core/math/algebra/vector/VectorTests.cpp" line="570" col="5" msg="invalid use of &apos;this&apos; outside of a non-static member function" />
 <error level="error" id="clang-tidy" file="C:/Users/valyd/Desktop/Github_Repos/TFG---OpenGL-Engine/tests/unit/engine/core/math/algebra/vector/VectorTests.cpp" line="570" col="20" msg="invalid use of &apos;this&apos; outside of a non-static member function" />
 <error level="error" id="clang-tidy" file="C:/Users/valyd/Desktop/Github_Repos/TFG---OpenGL-Engine/tests/unit/engine/core/math/algebra/vector/VectorTests.cpp" line="571" col="5" msg="invalid use of &apos;this&apos; outside of a non-static member function" />
 <error level="error" id="clang-tidy" file="C:/Users/valyd/Desktop/Github_Repos/TFG---OpenGL-Engine/tests/unit/engine/core/math/algebra/vector/VectorTests.cpp" line="573" col="5" msg="invalid use of &apos;this&apos; outside of a non-static member function" />
 <error level="error" id="clang-tidy" file="C:/Users/valyd/Desktop/Github_Repos/TFG---OpenGL-Engine/tests/unit/engine/core/math/algebra/vector/VectorTests.cpp" line="573" col="22" msg="invalid use of &apos;this&apos; outside of a non-static member function" />
 <error level="error" id="clang-tidy" file="C:/Users/valyd/Desktop/Github_Repos/TFG---OpenGL-Engine/tests/unit/engine/core/math/algebra/vector/VectorTests.cpp" line="574" col="53" msg="invalid use of &apos;this&apos; outside of a non-static member function" />
 <error level="error" id="clang-tidy" file="C:/Users/valyd/Desktop/Github_Repos/TFG---OpenGL-Engine/tests/unit/engine/core/math/algebra/vector/VectorTests.cpp" line="574" col="100" msg="invalid use of &apos;this&apos; outside of a non-static member function" />
 <error level="error" id="clang-tidy" file="C:/Users/valyd/Desktop/Github_Repos/TFG---OpenGL-Engine/tests/unit/engine/core/math/algebra/vector/VectorTests.cpp" line="576" col="5" msg="invalid use of &apos;this&apos; outside of a non-static member function" />
 <error level="error" id="clang-tidy" file="C:/Users/valyd/Desktop/Github_Repos/TFG---OpenGL-Engine/tests/unit/engine/core/math/algebra/vector/VectorTests.cpp" line="576" col="5" msg="invalid use of &apos;this&apos; outside of a non-static member function" />
 <error level="error" id="clang-tidy" file="C:/Users/valyd/Desktop/Github_Repos/TFG---OpenGL-Engine/tests/unit/engine/core/math/algebra/vector/VectorTests.cpp" line="579" col="12" msg="use of class template &apos;VectorTests&apos; requires template arguments; argument deduction not allowed in function prototype" />
 <error level="error" id="clang-tidy" file="C:/Users/valyd/Desktop/Github_Repos/TFG---OpenGL-Engine/tests/unit/engine/core/math/algebra/vector/VectorTests.cpp" line="579" col="25" msg="unknown type name &apos;VectorSum&apos;" />
 <error level="error" id="clang-tidy" file="C:/Users/valyd/Desktop/Github_Repos/TFG---OpenGL-Engine/tests/unit/engine/core/math/algebra/vector/VectorTests.cpp" line="579" col="1" msg="a type specifier is required for all declarations" />
 <error level="error" id="clang-tidy" file="C:/Users/valyd/Desktop/Github_Repos/TFG---OpenGL-Engine/tests/unit/engine/core/math/algebra/vector/VectorTests.cpp" line="580" col="5" msg="use of undeclared identifier &apos;TypeParam&apos;" />
 <error level="error" id="clang-tidy" file="C:/Users/valyd/Desktop/Github_Repos/TFG---OpenGL-Engine/tests/unit/engine/core/math/algebra/vector/VectorTests.cpp" line="580" col="5" msg="use of undeclared identifier &apos;TypeParam&apos;" />
 <error level="error" id="clang-tidy" file="C:/Users/valyd/Desktop/Github_Repos/TFG---OpenGL-Engine/tests/unit/engine/core/math/algebra/vector/VectorTests.cpp" line="580" col="5" msg="use of undeclared identifier &apos;Type&apos;" />
 <error level="error" id="clang-tidy" file="C:/Users/valyd/Desktop/Github_Repos/TFG---OpenGL-Engine/tests/unit/engine/core/math/algebra/vector/VectorTests.cpp" line="580" col="5" msg="use of undeclared identifier &apos;Type&apos;" />
 <error level="warning" id="clang-tidy" file="C:/Users/valyd/Desktop/Github_Repos/TFG---OpenGL-Engine/tests/unit/engine/core/math/algebra/vector/VectorTests.cpp" line="580" col="19" msg="empty expression statement has no effect; remove unnecessary &apos;;&apos; to silence this warning" />
 <error level="error" id="clang-tidy" file="C:/Users/valyd/Desktop/Github_Repos/TFG---OpenGL-Engine/tests/unit/engine/core/math/algebra/vector/VectorTests.cpp" line="583" col="5" msg="unknown type name &apos;Type&apos;" />
 <error level="error" id="clang-tidy" file="C:/Users/valyd/Desktop/Github_Repos/TFG---OpenGL-Engine/tests/unit/engine/core/math/algebra/vector/VectorTests.cpp" line="583" col="19" msg="invalid use of &apos;this&apos; outside of a non-static member function" />
 <error level="error" id="clang-tidy" file="C:/Users/valyd/Desktop/Github_Repos/TFG---OpenGL-Engine/tests/unit/engine/core/math/algebra/vector/VectorTests.cpp" line="584" col="5" msg="unknown type name &apos;Type&apos;" />
 <error level="error" id="clang-tidy" file="C:/Users/valyd/Desktop/Github_Repos/TFG---OpenGL-Engine/tests/unit/engine/core/math/algebra/vector/VectorTests.cpp" line="584" col="60" msg="invalid use of &apos;this&apos; outside of a non-static member function" />
 <error level="error" id="clang-tidy" file="C:/Users/valyd/Desktop/Github_Repos/TFG---OpenGL-Engine/tests/unit/engine/core/math/algebra/vector/VectorTests.cpp" line="588" col="12" msg="use of class template &apos;VectorTests&apos; requires template arguments; argument deduction not allowed in function prototype" />
 <error level="error" id="clang-tidy" file="C:/Users/valyd/Desktop/Github_Repos/TFG---OpenGL-Engine/tests/unit/engine/core/math/algebra/vector/VectorTests.cpp" line="588" col="25" msg="unknown type name &apos;Abs&apos;" />
 <error level="error" id="clang-tidy" file="C:/Users/valyd/Desktop/Github_Repos/TFG---OpenGL-Engine/tests/unit/engine/core/math/algebra/vector/VectorTests.cpp" line="588" col="1" msg="a type specifier is required for all declarations" />
 <error level="error" id="clang-tidy" file="C:/Users/valyd/Desktop/Github_Repos/TFG---OpenGL-Engine/tests/unit/engine/core/math/algebra/vector/VectorTests.cpp" line="589" col="5" msg="use of undeclared identifier &apos;TypeParam&apos;" />
 <error level="error" id="clang-tidy" file="C:/Users/valyd/Desktop/Github_Repos/TFG---OpenGL-Engine/tests/unit/engine/core/math/algebra/vector/VectorTests.cpp" line="589" col="5" msg="use of undeclared identifier &apos;TypeParam&apos;" />
 <error level="error" id="clang-tidy" file="C:/Users/valyd/Desktop/Github_Repos/TFG---OpenGL-Engine/tests/unit/engine/core/math/algebra/vector/VectorTests.cpp" line="589" col="5" msg="use of undeclared identifier &apos;Type&apos;" />
 <error level="error" id="clang-tidy" file="C:/Users/valyd/Desktop/Github_Repos/TFG---OpenGL-Engine/tests/unit/engine/core/math/algebra/vector/VectorTests.cpp" line="589" col="5" msg="use of undeclared identifier &apos;Type&apos;" />
 <error level="warning" id="clang-tidy" file="C:/Users/valyd/Desktop/Github_Repos/TFG---OpenGL-Engine/tests/unit/engine/core/math/algebra/vector/VectorTests.cpp" line="589" col="19" msg="empty expression statement has no effect; remove unnecessary &apos;;&apos; to silence this warning" />
 <error level="error" id="clang-tidy" file="C:/Users/valyd/Desktop/Github_Repos/TFG---OpenGL-Engine/tests/unit/engine/core/math/algebra/vector/VectorTests.cpp" line="592" col="5" msg="unknown type name &apos;Vec&apos;" />
 <error level="error" id="clang-tidy" file="C:/Users/valyd/Desktop/Github_Repos/TFG---OpenGL-Engine/tests/unit/engine/core/math/algebra/vector/VectorTests.cpp" line="592" col="16" msg="invalid use of &apos;this&apos; outside of a non-static member function" />
 <error level="error" id="clang-tidy" file="C:/Users/valyd/Desktop/Github_Repos/TFG---OpenGL-Engine/tests/unit/engine/core/math/algebra/vector/VectorTests.cpp" line="593" col="11" msg="invalid use of &apos;this&apos; outside of a non-static member function" />
 <error level="error" id="clang-tidy" file="C:/Users/valyd/Desktop/Github_Repos/TFG---OpenGL-Engine/tests/unit/engine/core/math/algebra/vector/VectorTests.cpp" line="594" col="5" msg="invalid use of &apos;this&apos; outside of a non-static member function" />
 <error level="error" id="clang-tidy" file="C:/Users/valyd/Desktop/Github_Repos/TFG---OpenGL-Engine/tests/unit/engine/core/math/algebra/vector/VectorTests.cpp" line="597" col="12" msg="invalid use of &apos;this&apos; outside of a non-static member function" />
 <error level="error" id="clang-tidy" file="C:/Users/valyd/Desktop/Github_Repos/TFG---OpenGL-Engine/tests/unit/engine/core/math/algebra/vector/VectorTests.cpp" line="598" col="11" msg="invalid use of &apos;this&apos; outside of a non-static member function" />
 <error level="error" id="clang-tidy" file="C:/Users/valyd/Desktop/Github_Repos/TFG---OpenGL-Engine/tests/unit/engine/core/math/algebra/vector/VectorTests.cpp" line="599" col="5" msg="invalid use of &apos;this&apos; outside of a non-static member function" />
 <error level="error" id="clang-tidy" file="C:/Users/valyd/Desktop/Github_Repos/TFG---OpenGL-Engine/tests/unit/engine/core/math/algebra/vector/VectorTests.cpp" line="602" col="11" msg="invalid use of &apos;this&apos; outside of a non-static member function" />
 <error level="error" id="clang-tidy" file="C:/Users/valyd/Desktop/Github_Repos/TFG---OpenGL-Engine/tests/unit/engine/core/math/algebra/vector/VectorTests.cpp" line="603" col="5" msg="invalid use of &apos;this&apos; outside of a non-static member function" />
 <error level="error" id="clang-tidy" file="C:/Users/valyd/Desktop/Github_Repos/TFG---OpenGL-Engine/tests/unit/engine/core/math/algebra/vector/VectorTests.cpp" line="606" col="12" msg="use of class template &apos;VectorTests&apos; requires template arguments; argument deduction not allowed in function prototype" />
 <error level="error" id="clang-tidy" file="C:/Users/valyd/Desktop/Github_Repos/TFG---OpenGL-Engine/tests/unit/engine/core/math/algebra/vector/VectorTests.cpp" line="606" col="25" msg="unknown type name &apos;VectorSwap&apos;" />
 <error level="error" id="clang-tidy" file="C:/Users/valyd/Desktop/Github_Repos/TFG---OpenGL-Engine/tests/unit/engine/core/math/algebra/vector/VectorTests.cpp" line="606" col="1" msg="a type specifier is required for all declarations" />
 <error level="error" id="clang-tidy" file="C:/Users/valyd/Desktop/Github_Repos/TFG---OpenGL-Engine/tests/unit/engine/core/math/algebra/vector/VectorTests.cpp" line="607" col="5" msg="use of undeclared identifier &apos;TypeParam&apos;" />
 <error level="error" id="clang-tidy" file="C:/Users/valyd/Desktop/Github_Repos/TFG---OpenGL-Engine/tests/unit/engine/core/math/algebra/vector/VectorTests.cpp" line="607" col="5" msg="use of undeclared identifier &apos;TypeParam&apos;" />
 <error level="error" id="clang-tidy" file="C:/Users/valyd/Desktop/Github_Repos/TFG---OpenGL-Engine/tests/unit/engine/core/math/algebra/vector/VectorTests.cpp" line="607" col="5" msg="use of undeclared identifier &apos;Type&apos;" />
 <error level="error" id="clang-tidy" file="C:/Users/valyd/Desktop/Github_Repos/TFG---OpenGL-Engine/tests/unit/engine/core/math/algebra/vector/VectorTests.cpp" line="607" col="5" msg="use of undeclared identifier &apos;Type&apos;" />
 <error level="warning" id="clang-tidy" file="C:/Users/valyd/Desktop/Github_Repos/TFG---OpenGL-Engine/tests/unit/engine/core/math/algebra/vector/VectorTests.cpp" line="607" col="19" msg="empty expression statement has no effect; remove unnecessary &apos;;&apos; to silence this warning" />
 <error level="error" id="clang-tidy" file="C:/Users/valyd/Desktop/Github_Repos/TFG---OpenGL-Engine/tests/unit/engine/core/math/algebra/vector/VectorTests.cpp" line="610" col="5" msg="unknown type name &apos;Vec&apos;" />
 <error level="error" id="clang-tidy" file="C:/Users/valyd/Desktop/Github_Repos/TFG---OpenGL-Engine/tests/unit/engine/core/math/algebra/vector/VectorTests.cpp" line="610" col="16" msg="invalid use of &apos;this&apos; outside of a non-static member function" />
 <error level="error" id="clang-tidy" file="C:/Users/valyd/Desktop/Github_Repos/TFG---OpenGL-Engine/tests/unit/engine/core/math/algebra/vector/VectorTests.cpp" line="611" col="5" msg="unknown type name &apos;Vec&apos;" />
 <error level="error" id="clang-tidy" file="C:/Users/valyd/Desktop/Github_Repos/TFG---OpenGL-Engine/tests/unit/engine/core/math/algebra/vector/VectorTests.cpp" line="611" col="17" msg="invalid use of &apos;this&apos; outside of a non-static member function" />
 <error level="error" id="clang-tidy" file="C:/Users/valyd/Desktop/Github_Repos/TFG---OpenGL-Engine/tests/unit/engine/core/math/algebra/vector/VectorTests.cpp" line="613" col="5" msg="invalid use of &apos;this&apos; outside of a non-static member function" />
 <error level="error" id="clang-tidy" file="C:/Users/valyd/Desktop/Github_Repos/TFG---OpenGL-Engine/tests/unit/engine/core/math/algebra/vector/VectorTests.cpp" line="614" col="5" msg="invalid use of &apos;this&apos; outside of a non-static member function" />
 <error level="error" id="clang-tidy" file="C:/Users/valyd/Desktop/Github_Repos/TFG---OpenGL-Engine/tests/unit/engine/core/math/algebra/vector/VectorTests.cpp" line="617" col="12" msg="use of class template &apos;VectorTests&apos; requires template arguments; argument deduction not allowed in function prototype" />
 <error level="error" id="clang-tidy" file="C:/Users/valyd/Desktop/Github_Repos/TFG---OpenGL-Engine/tests/unit/engine/core/math/algebra/vector/VectorTests.cpp" line="617" col="25" msg="unknown type name &apos;VectorDot&apos;" />
 <error level="error" id="clang-tidy" file="C:/Users/valyd/Desktop/Github_Repos/TFG---OpenGL-Engine/tests/unit/engine/core/math/algebra/vector/VectorTests.cpp" line="617" col="1" msg="a type specifier is required for all declarations" />
 <error level="error" id="clang-tidy" file="C:/Users/valyd/Desktop/Github_Repos/TFG---OpenGL-Engine/tests/unit/engine/core/math/algebra/vector/VectorTests.cpp" line="618" col="5" msg="use of undeclared identifier &apos;TypeParam&apos;" />
 <error level="error" id="clang-tidy" file="C:/Users/valyd/Desktop/Github_Repos/TFG---OpenGL-Engine/tests/unit/engine/core/math/algebra/vector/VectorTests.cpp" line="618" col="5" msg="use of undeclared identifier &apos;TypeParam&apos;" />
 <error level="error" id="clang-tidy" file="C:/Users/valyd/Desktop/Github_Repos/TFG---OpenGL-Engine/tests/unit/engine/core/math/algebra/vector/VectorTests.cpp" line="618" col="5" msg="use of undeclared identifier &apos;Type&apos;" />
 <error level="error" id="clang-tidy" file="C:/Users/valyd/Desktop/Github_Repos/TFG---OpenGL-Engine/tests/unit/engine/core/math/algebra/vector/VectorTests.cpp" line="618" col="5" msg="use of undeclared identifier &apos;Type&apos;" />
 <error level="warning" id="clang-tidy" file="C:/Users/valyd/Desktop/Github_Repos/TFG---OpenGL-Engine/tests/unit/engine/core/math/algebra/vector/VectorTests.cpp" line="618" col="19" msg="empty expression statement has no effect; remove unnecessary &apos;;&apos; to silence this warning" />
 <error level="error" id="clang-tidy" file="C:/Users/valyd/Desktop/Github_Repos/TFG---OpenGL-Engine/tests/unit/engine/core/math/algebra/vector/VectorTests.cpp" line="621" col="5" msg="unknown type name &apos;Type&apos;" />
 <error level="error" id="clang-tidy" file="C:/Users/valyd/Desktop/Github_Repos/TFG---OpenGL-Engine/tests/unit/engine/core/math/algebra/vector/VectorTests.cpp" line="621" col="16" msg="invalid use of &apos;this&apos; outside of a non-static member function" />
 <error level="error" id="clang-tidy" file="C:/Users/valyd/Desktop/Github_Repos/TFG---OpenGL-Engine/tests/unit/engine/core/math/algebra/vector/VectorTests.cpp" line="621" col="29" msg="invalid use of &apos;this&apos; outside of a non-static member function" />
 <error level="error" id="clang-tidy" file="C:/Users/valyd/Desktop/Github_Repos/TFG---OpenGL-Engine/tests/unit/engine/core/math/algebra/vector/VectorTests.cpp" line="622" col="5" msg="unknown type name &apos;Type&apos;" />
 <error level="error" id="clang-tidy" file="C:/Users/valyd/Desktop/Github_Repos/TFG---OpenGL-Engine/tests/unit/engine/core/math/algebra/vector/VectorTests.cpp" line="622" col="64" msg="invalid use of &apos;this&apos; outside of a non-static member function" />
 <error level="error" id="clang-tidy" file="C:/Users/valyd/Desktop/Github_Repos/TFG---OpenGL-Engine/tests/unit/engine/core/math/algebra/vector/VectorTests.cpp" line="622" col="79" msg="invalid use of &apos;this&apos; outside of a non-static member function" />
 <error level="error" id="clang-tidy" file="C:/Users/valyd/Desktop/Github_Repos/TFG---OpenGL-Engine/tests/unit/engine/core/math/algebra/vector/VectorTests.cpp" line="626" col="12" msg="use of class template &apos;VectorTests&apos; requires template arguments; argument deduction not allowed in function prototype" />
 <error level="error" id="clang-tidy" file="C:/Users/valyd/Desktop/Github_Repos/TFG---OpenGL-Engine/tests/unit/engine/core/math/algebra/vector/VectorTests.cpp" line="626" col="25" msg="unknown type name &apos;VectorDistance&apos;" />
 <error level="error" id="clang-tidy" file="C:/Users/valyd/Desktop/Github_Repos/TFG---OpenGL-Engine/tests/unit/engine/core/math/algebra/vector/VectorTests.cpp" line="626" col="1" msg="a type specifier is required for all declarations" />
 <error level="error" id="clang-tidy" file="C:/Users/valyd/Desktop/Github_Repos/TFG---OpenGL-Engine/tests/unit/engine/core/math/algebra/vector/VectorTests.cpp" line="627" col="5" msg="use of undeclared identifier &apos;TypeParam&apos;" />
 <error level="error" id="clang-tidy" file="C:/Users/valyd/Desktop/Github_Repos/TFG---OpenGL-Engine/tests/unit/engine/core/math/algebra/vector/VectorTests.cpp" line="627" col="5" msg="use of undeclared identifier &apos;TypeParam&apos;" />
 <error level="error" id="clang-tidy" file="C:/Users/valyd/Desktop/Github_Repos/TFG---OpenGL-Engine/tests/unit/engine/core/math/algebra/vector/VectorTests.cpp" line="627" col="5" msg="use of undeclared identifier &apos;Type&apos;" />
 <error level="error" id="clang-tidy" file="C:/Users/valyd/Desktop/Github_Repos/TFG---OpenGL-Engine/tests/unit/engine/core/math/algebra/vector/VectorTests.cpp" line="627" col="5" msg="use of undeclared identifier &apos;Type&apos;" />
 <error level="warning" id="clang-tidy" file="C:/Users/valyd/Desktop/Github_Repos/TFG---OpenGL-Engine/tests/unit/engine/core/math/algebra/vector/VectorTests.cpp" line="627" col="19" msg="empty expression statement has no effect; remove unnecessary &apos;;&apos; to silence this warning" />
 <error level="error" id="clang-tidy" file="C:/Users/valyd/Desktop/Github_Repos/TFG---OpenGL-Engine/tests/unit/engine/core/math/algebra/vector/VectorTests.cpp" line="630" col="5" msg="unknown type name &apos;Type&apos;" />
 <error level="error" id="clang-tidy" file="C:/Users/valyd/Desktop/Github_Repos/TFG---OpenGL-Engine/tests/unit/engine/core/math/algebra/vector/VectorTests.cpp" line="630" col="21" msg="invalid use of &apos;this&apos; outside of a non-static member function" />
 <error level="error" id="clang-tidy" file="C:/Users/valyd/Desktop/Github_Repos/TFG---OpenGL-Engine/tests/unit/engine/core/math/algebra/vector/VectorTests.cpp" line="630" col="39" msg="invalid use of &apos;this&apos; outside of a non-static member function" />
 <error level="error" id="clang-tidy" file="C:/Users/valyd/Desktop/Github_Repos/TFG---OpenGL-Engine/tests/unit/engine/core/math/algebra/vector/VectorTests.cpp" line="631" col="5" msg="unknown type name &apos;Type&apos;" />
 <error level="error" id="clang-tidy" file="C:/Users/valyd/Desktop/Github_Repos/TFG---OpenGL-Engine/tests/unit/engine/core/math/algebra/vector/VectorTests.cpp" line="631" col="67" msg="invalid use of &apos;this&apos; outside of a non-static member function" />
 <error level="error" id="clang-tidy" file="C:/Users/valyd/Desktop/Github_Repos/TFG---OpenGL-Engine/tests/unit/engine/core/math/algebra/vector/VectorTests.cpp" line="631" col="82" msg="invalid use of &apos;this&apos; outside of a non-static member function" />
 <error level="error" id="clang-tidy" file="C:/Users/valyd/Desktop/Github_Repos/TFG---OpenGL-Engine/tests/unit/engine/core/math/algebra/vector/VectorTests.cpp" line="634" col="12" msg="use of class template &apos;VectorTests&apos; requires template arguments; argument deduction not allowed in function prototype" />
 <error level="error" id="clang-tidy" file="C:/Users/valyd/Desktop/Github_Repos/TFG---OpenGL-Engine/tests/unit/engine/core/math/algebra/vector/VectorTests.cpp" line="634" col="25" msg="unknown type name &apos;VectorCross&apos;" />
 <error level="error" id="clang-tidy" file="C:/Users/valyd/Desktop/Github_Repos/TFG---OpenGL-Engine/tests/unit/engine/core/math/algebra/vector/VectorTests.cpp" line="634" col="1" msg="a type specifier is required for all declarations" />
 <error level="error" id="clang-tidy" file="C:/Users/valyd/Desktop/Github_Repos/TFG---OpenGL-Engine/tests/unit/engine/core/math/algebra/vector/VectorTests.cpp" line="635" col="5" msg="use of undeclared identifier &apos;TypeParam&apos;" />
 <error level="error" id="clang-tidy" file="C:/Users/valyd/Desktop/Github_Repos/TFG---OpenGL-Engine/tests/unit/engine/core/math/algebra/vector/VectorTests.cpp" line="635" col="5" msg="use of undeclared identifier &apos;TypeParam&apos;" />
 <error level="error" id="clang-tidy" file="C:/Users/valyd/Desktop/Github_Repos/TFG---OpenGL-Engine/tests/unit/engine/core/math/algebra/vector/VectorTests.cpp" line="635" col="5" msg="use of undeclared identifier &apos;Type&apos;" />
 <error level="error" id="clang-tidy" file="C:/Users/valyd/Desktop/Github_Repos/TFG---OpenGL-Engine/tests/unit/engine/core/math/algebra/vector/VectorTests.cpp" line="635" col="5" msg="use of undeclared identifier &apos;Type&apos;" />
 <error level="warning" id="clang-tidy" file="C:/Users/valyd/Desktop/Github_Repos/TFG---OpenGL-Engine/tests/unit/engine/core/math/algebra/vector/VectorTests.cpp" line="635" col="19" msg="empty expression statement has no effect; remove unnecessary &apos;;&apos; to silence this warning" />
 <error level="error" id="clang-tidy" file="C:/Users/valyd/Desktop/Github_Repos/TFG---OpenGL-Engine/tests/unit/engine/core/math/algebra/vector/VectorTests.cpp" line="638" col="19" msg="constexpr if condition is not a constant expression" />
 <error level="error" id="clang-tidy" file="C:/Users/valyd/Desktop/Github_Repos/TFG---OpenGL-Engine/tests/unit/engine/core/math/algebra/vector/VectorTests.cpp" line="640" col="9" msg="unknown type name &apos;Vec&apos;" />
 <error level="error" id="clang-tidy" file="C:/Users/valyd/Desktop/Github_Repos/TFG---OpenGL-Engine/tests/unit/engine/core/math/algebra/vector/VectorTests.cpp" line="642" col="9" msg="unknown type name &apos;Vec&apos;" />
 <error level="error" id="clang-tidy" file="C:/Users/valyd/Desktop/Github_Repos/TFG---OpenGL-Engine/tests/unit/engine/core/math/algebra/vector/VectorTests.cpp" line="644" col="9" msg="unknown type name &apos;Vec&apos;" />
 <error level="error" id="clang-tidy" file="C:/Users/valyd/Desktop/Github_Repos/TFG---OpenGL-Engine/tests/unit/engine/core/math/algebra/vector/VectorTests.cpp" line="645" col="9" msg="unknown type name &apos;Vec&apos;" />
 <error level="error" id="clang-tidy" file="C:/Users/valyd/Desktop/Github_Repos/TFG---OpenGL-Engine/tests/unit/engine/core/math/algebra/vector/VectorTests.cpp" line="651" col="12" msg="use of class template &apos;VectorTests&apos; requires template arguments; argument deduction not allowed in function prototype" />
 <error level="error" id="clang-tidy" file="C:/Users/valyd/Desktop/Github_Repos/TFG---OpenGL-Engine/tests/unit/engine/core/math/algebra/vector/VectorTests.cpp" line="651" col="25" msg="unknown type name &apos;VectorIsOrthogonal&apos;" />
 <error level="error" id="clang-tidy" file="C:/Users/valyd/Desktop/Github_Repos/TFG---OpenGL-Engine/tests/unit/engine/core/math/algebra/vector/VectorTests.cpp" line="651" col="1" msg="a type specifier is required for all declarations" />
 <error level="error" id="clang-tidy" file="C:/Users/valyd/Desktop/Github_Repos/TFG---OpenGL-Engine/tests/unit/engine/core/math/algebra/vector/VectorTests.cpp" line="652" col="5" msg="use of undeclared identifier &apos;TypeParam&apos;" />
 <error level="error" id="clang-tidy" file="C:/Users/valyd/Desktop/Github_Repos/TFG---OpenGL-Engine/tests/unit/engine/core/math/algebra/vector/VectorTests.cpp" line="652" col="5" msg="use of undeclared identifier &apos;TypeParam&apos;" />
 <error level="error" id="clang-tidy" file="C:/Users/valyd/Desktop/Github_Repos/TFG---OpenGL-Engine/tests/unit/engine/core/math/algebra/vector/VectorTests.cpp" line="652" col="5" msg="use of undeclared identifier &apos;Type&apos;" />
 <error level="error" id="clang-tidy" file="C:/Users/valyd/Desktop/Github_Repos/TFG---OpenGL-Engine/tests/unit/engine/core/math/algebra/vector/VectorTests.cpp" line="652" col="5" msg="use of undeclared identifier &apos;Type&apos;" />
 <error level="warning" id="clang-tidy" file="C:/Users/valyd/Desktop/Github_Repos/TFG---OpenGL-Engine/tests/unit/engine/core/math/algebra/vector/VectorTests.cpp" line="652" col="19" msg="empty expression statement has no effect; remove unnecessary &apos;;&apos; to silence this warning" />
 <error level="error" id="clang-tidy" file="C:/Users/valyd/Desktop/Github_Repos/TFG---OpenGL-Engine/tests/unit/engine/core/math/algebra/vector/VectorTests.cpp" line="653" col="19" msg="constexpr if condition is not a constant expression" />
 <error level="error" id="clang-tidy" file="C:/Users/valyd/Desktop/Github_Repos/TFG---OpenGL-Engine/tests/unit/engine/core/math/algebra/vector/VectorTests.cpp" line="655" col="9" msg="unknown type name &apos;Vec&apos;" />
 <error level="error" id="clang-tidy" file="C:/Users/valyd/Desktop/Github_Repos/TFG---OpenGL-Engine/tests/unit/engine/core/math/algebra/vector/VectorTests.cpp" line="656" col="54" msg="invalid use of &apos;this&apos; outside of a non-static member function" />
 <error level="error" id="clang-tidy" file="C:/Users/valyd/Desktop/Github_Repos/TFG---OpenGL-Engine/tests/unit/engine/core/math/algebra/vector/VectorTests.cpp" line="658" col="21" msg="invalid use of &apos;this&apos; outside of a non-static member function" />
 <error level="error" id="clang-tidy" file="C:/Users/valyd/Desktop/Github_Repos/TFG---OpenGL-Engine/tests/unit/engine/core/math/algebra/vector/VectorTests.cpp" line="662" col="12" msg="use of class template &apos;VectorTests&apos; requires template arguments; argument deduction not allowed in function prototype" />
 <error level="error" id="clang-tidy" file="C:/Users/valyd/Desktop/Github_Repos/TFG---OpenGL-Engine/tests/unit/engine/core/math/algebra/vector/VectorTests.cpp" line="662" col="25" msg="unknown type name &apos;VectorIsParallel&apos;" />
 <error level="error" id="clang-tidy" file="C:/Users/valyd/Desktop/Github_Repos/TFG---OpenGL-Engine/tests/unit/engine/core/math/algebra/vector/VectorTests.cpp" line="662" col="1" msg="a type specifier is required for all declarations" />
 <error level="error" id="clang-tidy" file="C:/Users/valyd/Desktop/Github_Repos/TFG---OpenGL-Engine/tests/unit/engine/core/math/algebra/vector/VectorTests.cpp" line="663" col="5" msg="use of undeclared identifier &apos;TypeParam&apos;" />
 <error level="error" id="clang-tidy" file="C:/Users/valyd/Desktop/Github_Repos/TFG---OpenGL-Engine/tests/unit/engine/core/math/algebra/vector/VectorTests.cpp" line="663" col="5" msg="use of undeclared identifier &apos;TypeParam&apos;" />
 <error level="error" id="clang-tidy" file="C:/Users/valyd/Desktop/Github_Repos/TFG---OpenGL-Engine/tests/unit/engine/core/math/algebra/vector/VectorTests.cpp" line="663" col="5" msg="use of undeclared identifier &apos;Type&apos;" />
 <error level="error" id="clang-tidy" file="C:/Users/valyd/Desktop/Github_Repos/TFG---OpenGL-Engine/tests/unit/engine/core/math/algebra/vector/VectorTests.cpp" line="663" col="5" msg="use of undeclared identifier &apos;Type&apos;" />
 <error level="warning" id="clang-tidy" file="C:/Users/valyd/Desktop/Github_Repos/TFG---OpenGL-Engine/tests/unit/engine/core/math/algebra/vector/VectorTests.cpp" line="663" col="19" msg="empty expression statement has no effect; remove unnecessary &apos;;&apos; to silence this warning" />
 <error level="error" id="clang-tidy" file="C:/Users/valyd/Desktop/Github_Repos/TFG---OpenGL-Engine/tests/unit/engine/core/math/algebra/vector/VectorTests.cpp" line="666" col="5" msg="unknown type name &apos;Vec&apos;" />
 <error level="error" id="clang-tidy" file="C:/Users/valyd/Desktop/Github_Repos/TFG---OpenGL-Engine/tests/unit/engine/core/math/algebra/vector/VectorTests.cpp" line="668" col="29" msg="use of undeclared identifier &apos;Type&apos;" />
 <error level="error" id="clang-tidy" file="C:/Users/valyd/Desktop/Github_Repos/TFG---OpenGL-Engine/tests/unit/engine/core/math/algebra/vector/VectorTests.cpp" line="669" col="9" msg="use of undeclared identifier &apos;parallelVec2&apos;" />
 <error level="error" id="clang-tidy" file="C:/Users/valyd/Desktop/Github_Repos/TFG---OpenGL-Engine/tests/unit/engine/core/math/algebra/vector/VectorTests.cpp" line="669" col="29" msg="use of undeclared identifier &apos;Type&apos;" />
 <error level="error" id="clang-tidy" file="C:/Users/valyd/Desktop/Github_Repos/TFG---OpenGL-Engine/tests/unit/engine/core/math/algebra/vector/VectorTests.cpp" line="674" col="11" msg="unknown type name &apos;Type&apos;" />
 <error level="error" id="clang-tidy" file="C:/Users/valyd/Desktop/Github_Repos/TFG---OpenGL-Engine/tests/unit/engine/core/math/algebra/vector/VectorTests.cpp" line="674" col="25" msg="use of undeclared identifier &apos;parallelVec2&apos;" />
 <error level="error" id="clang-tidy" file="C:/Users/valyd/Desktop/Github_Repos/TFG---OpenGL-Engine/tests/unit/engine/core/math/algebra/vector/VectorTests.cpp" line="676" col="13" msg="use of undeclared identifier &apos;parallelVec2&apos;" />
 <error level="error" id="clang-tidy" file="C:/Users/valyd/Desktop/Github_Repos/TFG---OpenGL-Engine/tests/unit/engine/core/math/algebra/vector/VectorTests.cpp" line="682" col="5" msg="use of undeclared identifier &apos;EXPECT_TRUE&apos;" />
 <error level="error" id="clang-tidy" file="C:/Users/valyd/Desktop/Github_Repos/TFG---OpenGL-Engine/tests/unit/engine/core/math/algebra/vector/VectorTests.cpp" line="686" col="12" msg="use of class template &apos;VectorTests&apos; requires template arguments; argument deduction not allowed in function prototype" />
 <error level="error" id="clang-tidy" file="C:/Users/valyd/Desktop/Github_Repos/TFG---OpenGL-Engine/tests/unit/engine/core/math/algebra/vector/VectorTests.cpp" line="686" col="25" msg="unknown type name &apos;VectorGetOrthogonal&apos;" />
 <error level="error" id="clang-tidy" file="C:/Users/valyd/Desktop/Github_Repos/TFG---OpenGL-Engine/tests/unit/engine/core/math/algebra/vector/VectorTests.cpp" line="686" col="1" msg="a type specifier is required for all declarations" />
 <error level="error" id="clang-tidy" file="C:/Users/valyd/Desktop/Github_Repos/TFG---OpenGL-Engine/tests/unit/engine/core/math/algebra/vector/VectorTests.cpp" line="687" col="5" msg="use of undeclared identifier &apos;TypeParam&apos;" />
 <error level="error" id="clang-tidy" file="C:/Users/valyd/Desktop/Github_Repos/TFG---OpenGL-Engine/tests/unit/engine/core/math/algebra/vector/VectorTests.cpp" line="687" col="5" msg="use of undeclared identifier &apos;TypeParam&apos;" />
 <error level="error" id="clang-tidy" file="C:/Users/valyd/Desktop/Github_Repos/TFG---OpenGL-Engine/tests/unit/engine/core/math/algebra/vector/VectorTests.cpp" line="687" col="5" msg="use of undeclared identifier &apos;Type&apos;" />
 <error level="error" id="clang-tidy" file="C:/Users/valyd/Desktop/Github_Repos/TFG---OpenGL-Engine/tests/unit/engine/core/math/algebra/vector/VectorTests.cpp" line="687" col="5" msg="use of undeclared identifier &apos;Type&apos;" />
 <error level="warning" id="clang-tidy" file="C:/Users/valyd/Desktop/Github_Repos/TFG---OpenGL-Engine/tests/unit/engine/core/math/algebra/vector/VectorTests.cpp" line="687" col="19" msg="empty expression statement has no effect; remove unnecessary &apos;;&apos; to silence this warning" />
 <error level="error" id="clang-tidy" file="C:/Users/valyd/Desktop/Github_Repos/TFG---OpenGL-Engine/tests/unit/engine/core/math/algebra/vector/VectorTests.cpp" line="689" col="19" msg="constexpr if condition is not a constant expression" />
 <error level="error" id="clang-tidy" file="C:/Users/valyd/Desktop/Github_Repos/TFG---OpenGL-Engine/tests/unit/engine/core/math/algebra/vector/VectorTests.cpp" line="691" col="9" msg="unknown type name &apos;Vec&apos;" />
 <error level="error" id="clang-tidy" file="C:/Users/valyd/Desktop/Github_Repos/TFG---OpenGL-Engine/tests/unit/engine/core/math/algebra/vector/VectorTests.cpp" line="693" col="9" msg="unknown type name &apos;Vec&apos;" />
 <error level="error" id="clang-tidy" file="C:/Users/valyd/Desktop/Github_Repos/TFG---OpenGL-Engine/tests/unit/engine/core/math/algebra/vector/VectorTests.cpp" line="694" col="65" msg="use of undeclared identifier &apos;Type&apos;" />
 <error level="error" id="clang-tidy" file="C:/Users/valyd/Desktop/Github_Repos/TFG---OpenGL-Engine/tests/unit/engine/core/math/algebra/vector/VectorTests.cpp" line="695" col="9" msg="use of undeclared identifier &apos;EXPECT_TRUE&apos;" />
 <error level="error" id="clang-tidy" file="C:/Users/valyd/Desktop/Github_Repos/TFG---OpenGL-Engine/tests/unit/engine/core/math/algebra/vector/VectorTests.cpp" line="699" col="12" msg="use of class template &apos;VectorTests&apos; requires template arguments; argument deduction not allowed in function prototype" />
 <error level="error" id="clang-tidy" file="C:/Users/valyd/Desktop/Github_Repos/TFG---OpenGL-Engine/tests/unit/engine/core/math/algebra/vector/VectorTests.cpp" line="699" col="25" msg="unknown type name &apos;VectorLenght&apos;" />
 <error level="error" id="clang-tidy" file="C:/Users/valyd/Desktop/Github_Repos/TFG---OpenGL-Engine/tests/unit/engine/core/math/algebra/vector/VectorTests.cpp" line="699" col="1" msg="a type specifier is required for all declarations" />
 <error level="error" id="clang-tidy" file="C:/Users/valyd/Desktop/Github_Repos/TFG---OpenGL-Engine/tests/unit/engine/core/math/algebra/vector/VectorTests.cpp" line="700" col="5" msg="use of undeclared identifier &apos;TypeParam&apos;" />
 <error level="error" id="clang-tidy" file="C:/Users/valyd/Desktop/Github_Repos/TFG---OpenGL-Engine/tests/unit/engine/core/math/algebra/vector/VectorTests.cpp" line="700" col="5" msg="use of undeclared identifier &apos;TypeParam&apos;" />
 <error level="error" id="clang-tidy" file="C:/Users/valyd/Desktop/Github_Repos/TFG---OpenGL-Engine/tests/unit/engine/core/math/algebra/vector/VectorTests.cpp" line="700" col="5" msg="use of undeclared identifier &apos;Type&apos;" />
 <error level="error" id="clang-tidy" file="C:/Users/valyd/Desktop/Github_Repos/TFG---OpenGL-Engine/tests/unit/engine/core/math/algebra/vector/VectorTests.cpp" line="700" col="5" msg="use of undeclared identifier &apos;Type&apos;" />
 <error level="warning" id="clang-tidy" file="C:/Users/valyd/Desktop/Github_Repos/TFG---OpenGL-Engine/tests/unit/engine/core/math/algebra/vector/VectorTests.cpp" line="700" col="19" msg="empty expression statement has no effect; remove unnecessary &apos;;&apos; to silence this warning" />
 <error level="error" id="clang-tidy" file="C:/Users/valyd/Desktop/Github_Repos/TFG---OpenGL-Engine/tests/unit/engine/core/math/algebra/vector/VectorTests.cpp" line="703" col="5" msg="unknown type name &apos;Type&apos;" />
 <error level="error" id="clang-tidy" file="C:/Users/valyd/Desktop/Github_Repos/TFG---OpenGL-Engine/tests/unit/engine/core/math/algebra/vector/VectorTests.cpp" line="703" col="19" msg="invalid use of &apos;this&apos; outside of a non-static member function" />
 <error level="error" id="clang-tidy" file="C:/Users/valyd/Desktop/Github_Repos/TFG---OpenGL-Engine/tests/unit/engine/core/math/algebra/vector/VectorTests.cpp" line="704" col="5" msg="unknown type name &apos;Type&apos;" />
 <error level="error" id="clang-tidy" file="C:/Users/valyd/Desktop/Github_Repos/TFG---OpenGL-Engine/tests/unit/engine/core/math/algebra/vector/VectorTests.cpp" line="704" col="63" msg="invalid use of &apos;this&apos; outside of a non-static member function" />
 <error level="error" id="clang-tidy" file="C:/Users/valyd/Desktop/Github_Repos/TFG---OpenGL-Engine/tests/unit/engine/core/math/algebra/vector/VectorTests.cpp" line="709" col="5" msg="unknown type name &apos;Type&apos;" />
 <error level="error" id="clang-tidy" file="C:/Users/valyd/Desktop/Github_Repos/TFG---OpenGL-Engine/tests/unit/engine/core/math/algebra/vector/VectorTests.cpp" line="709" col="26" msg="invalid use of &apos;this&apos; outside of a non-static member function" />
 <error level="error" id="clang-tidy" file="C:/Users/valyd/Desktop/Github_Repos/TFG---OpenGL-Engine/tests/unit/engine/core/math/algebra/vector/VectorTests.cpp" line="710" col="5" msg="unknown type name &apos;Type&apos;" />
 <error level="error" id="clang-tidy" file="C:/Users/valyd/Desktop/Github_Repos/TFG---OpenGL-Engine/tests/unit/engine/core/math/algebra/vector/VectorTests.cpp" line="710" col="77" msg="invalid use of &apos;this&apos; outside of a non-static member function" />
 <error level="error" id="clang-tidy" file="C:/Users/valyd/Desktop/Github_Repos/TFG---OpenGL-Engine/tests/unit/engine/core/math/algebra/vector/VectorTests.cpp" line="714" col="12" msg="use of class template &apos;VectorTests&apos; requires template arguments; argument deduction not allowed in function prototype" />
 <error level="error" id="clang-tidy" file="C:/Users/valyd/Desktop/Github_Repos/TFG---OpenGL-Engine/tests/unit/engine/core/math/algebra/vector/VectorTests.cpp" line="714" col="25" msg="unknown type name &apos;VectorIsHomogenous&apos;" />
 <error level="error" id="clang-tidy" file="C:/Users/valyd/Desktop/Github_Repos/TFG---OpenGL-Engine/tests/unit/engine/core/math/algebra/vector/VectorTests.cpp" line="714" col="1" msg="a type specifier is required for all declarations" />
 <error level="error" id="clang-tidy" file="C:/Users/valyd/Desktop/Github_Repos/TFG---OpenGL-Engine/tests/unit/engine/core/math/algebra/vector/VectorTests.cpp" line="715" col="5" msg="use of undeclared identifier &apos;TypeParam&apos;" />
 <error level="error" id="clang-tidy" file="C:/Users/valyd/Desktop/Github_Repos/TFG---OpenGL-Engine/tests/unit/engine/core/math/algebra/vector/VectorTests.cpp" line="715" col="5" msg="use of undeclared identifier &apos;TypeParam&apos;" />
 <error level="error" id="clang-tidy" file="C:/Users/valyd/Desktop/Github_Repos/TFG---OpenGL-Engine/tests/unit/engine/core/math/algebra/vector/VectorTests.cpp" line="715" col="5" msg="use of undeclared identifier &apos;Type&apos;" />
 <error level="error" id="clang-tidy" file="C:/Users/valyd/Desktop/Github_Repos/TFG---OpenGL-Engine/tests/unit/engine/core/math/algebra/vector/VectorTests.cpp" line="715" col="5" msg="use of undeclared identifier &apos;Type&apos;" />
 <error level="warning" id="clang-tidy" file="C:/Users/valyd/Desktop/Github_Repos/TFG---OpenGL-Engine/tests/unit/engine/core/math/algebra/vector/VectorTests.cpp" line="715" col="19" msg="empty expression statement has no effect; remove unnecessary &apos;;&apos; to silence this warning" />
 <error level="error" id="clang-tidy" file="C:/Users/valyd/Desktop/Github_Repos/TFG---OpenGL-Engine/tests/unit/engine/core/math/algebra/vector/VectorTests.cpp" line="716" col="13" msg="use of undeclared identifier &apos;Type&apos;" />
 <error level="error" id="clang-tidy" file="C:/Users/valyd/Desktop/Github_Repos/TFG---OpenGL-Engine/tests/unit/engine/core/math/algebra/vector/VectorTests.cpp" line="717" col="49" msg="invalid use of &apos;this&apos; outside of a non-static member function" />
 <error level="error" id="clang-tidy" file="C:/Users/valyd/Desktop/Github_Repos/TFG---OpenGL-Engine/tests/unit/engine/core/math/algebra/vector/VectorTests.cpp" line="721" col="13" msg="use of undeclared identifier &apos;Type&apos;" />
 <error level="error" id="clang-tidy" file="C:/Users/valyd/Desktop/Github_Repos/TFG---OpenGL-Engine/tests/unit/engine/core/math/algebra/vector/VectorTests.cpp" line="722" col="47" msg="invalid use of &apos;this&apos; outside of a non-static member function" />
 <error level="error" id="clang-tidy" file="C:/Users/valyd/Desktop/Github_Repos/TFG---OpenGL-Engine/tests/unit/engine/core/math/algebra/vector/VectorTests.cpp" line="726" col="12" msg="use of class template &apos;VectorTests&apos; requires template arguments; argument deduction not allowed in function prototype" />
 <error level="error" id="clang-tidy" file="C:/Users/valyd/Desktop/Github_Repos/TFG---OpenGL-Engine/tests/unit/engine/core/math/algebra/vector/VectorTests.cpp" line="726" col="25" msg="unknown type name &apos;VectorHomogenize&apos;" />
 <error level="error" id="clang-tidy" file="C:/Users/valyd/Desktop/Github_Repos/TFG---OpenGL-Engine/tests/unit/engine/core/math/algebra/vector/VectorTests.cpp" line="726" col="1" msg="a type specifier is required for all declarations" />
 <error level="error" id="clang-tidy" file="C:/Users/valyd/Desktop/Github_Repos/TFG---OpenGL-Engine/tests/unit/engine/core/math/algebra/vector/VectorTests.cpp" line="727" col="5" msg="use of undeclared identifier &apos;TypeParam&apos;" />
 <error level="error" id="clang-tidy" file="C:/Users/valyd/Desktop/Github_Repos/TFG---OpenGL-Engine/tests/unit/engine/core/math/algebra/vector/VectorTests.cpp" line="727" col="5" msg="use of undeclared identifier &apos;TypeParam&apos;" />
 <error level="error" id="clang-tidy" file="C:/Users/valyd/Desktop/Github_Repos/TFG---OpenGL-Engine/tests/unit/engine/core/math/algebra/vector/VectorTests.cpp" line="727" col="5" msg="use of undeclared identifier &apos;Type&apos;" />
 <error level="error" id="clang-tidy" file="C:/Users/valyd/Desktop/Github_Repos/TFG---OpenGL-Engine/tests/unit/engine/core/math/algebra/vector/VectorTests.cpp" line="727" col="5" msg="use of undeclared identifier &apos;Type&apos;" />
 <error level="warning" id="clang-tidy" file="C:/Users/valyd/Desktop/Github_Repos/TFG---OpenGL-Engine/tests/unit/engine/core/math/algebra/vector/VectorTests.cpp" line="727" col="19" msg="empty expression statement has no effect; remove unnecessary &apos;;&apos; to silence this warning" />
 <error level="error" id="clang-tidy" file="C:/Users/valyd/Desktop/Github_Repos/TFG---OpenGL-Engine/tests/unit/engine/core/math/algebra/vector/VectorTests.cpp" line="729" col="13" msg="use of undeclared identifier &apos;Type&apos;" />
 <error level="error" id="clang-tidy" file="C:/Users/valyd/Desktop/Github_Repos/TFG---OpenGL-Engine/tests/unit/engine/core/math/algebra/vector/VectorTests.cpp" line="731" col="5" msg="unknown type name &apos;Vec&apos;" />
 <error level="error" id="clang-tidy" file="C:/Users/valyd/Desktop/Github_Repos/TFG---OpenGL-Engine/tests/unit/engine/core/math/algebra/vector/VectorTests.cpp" line="732" col="5" msg="unknown type name &apos;Vec&apos;" />
 <error level="error" id="clang-tidy" file="C:/Users/valyd/Desktop/Github_Repos/TFG---OpenGL-Engine/tests/unit/engine/core/math/algebra/vector/VectorTests.cpp" line="737" col="12" msg="use of class template &apos;VectorTests&apos; requires template arguments; argument deduction not allowed in function prototype" />
 <error level="error" id="clang-tidy" file="C:/Users/valyd/Desktop/Github_Repos/TFG---OpenGL-Engine/tests/unit/engine/core/math/algebra/vector/VectorTests.cpp" line="737" col="25" msg="unknown type name &apos;VectorDehomogenous&apos;" />
 <error level="error" id="clang-tidy" file="C:/Users/valyd/Desktop/Github_Repos/TFG---OpenGL-Engine/tests/unit/engine/core/math/algebra/vector/VectorTests.cpp" line="737" col="1" msg="a type specifier is required for all declarations" />
 <error level="error" id="clang-tidy" file="C:/Users/valyd/Desktop/Github_Repos/TFG---OpenGL-Engine/tests/unit/engine/core/math/algebra/vector/VectorTests.cpp" line="738" col="5" msg="use of undeclared identifier &apos;TypeParam&apos;" />
 <error level="error" id="clang-tidy" file="C:/Users/valyd/Desktop/Github_Repos/TFG---OpenGL-Engine/tests/unit/engine/core/math/algebra/vector/VectorTests.cpp" line="738" col="5" msg="use of undeclared identifier &apos;TypeParam&apos;" />
 <error level="error" id="clang-tidy" file="C:/Users/valyd/Desktop/Github_Repos/TFG---OpenGL-Engine/tests/unit/engine/core/math/algebra/vector/VectorTests.cpp" line="738" col="5" msg="use of undeclared identifier &apos;Type&apos;" />
 <error level="error" id="clang-tidy" file="C:/Users/valyd/Desktop/Github_Repos/TFG---OpenGL-Engine/tests/unit/engine/core/math/algebra/vector/VectorTests.cpp" line="738" col="5" msg="use of undeclared identifier &apos;Type&apos;" />
 <error level="warning" id="clang-tidy" file="C:/Users/valyd/Desktop/Github_Repos/TFG---OpenGL-Engine/tests/unit/engine/core/math/algebra/vector/VectorTests.cpp" line="738" col="19" msg="empty expression statement has no effect; remove unnecessary &apos;;&apos; to silence this warning" />
 <error level="error" id="clang-tidy" file="C:/Users/valyd/Desktop/Github_Repos/TFG---OpenGL-Engine/tests/unit/engine/core/math/algebra/vector/VectorTests.cpp" line="740" col="13" msg="use of undeclared identifier &apos;Type&apos;" />
 <error level="error" id="clang-tidy" file="C:/Users/valyd/Desktop/Github_Repos/TFG---OpenGL-Engine/tests/unit/engine/core/math/algebra/vector/VectorTests.cpp" line="741" col="21" msg="invalid use of &apos;this&apos; outside of a non-static member function" />
 <error level="error" id="clang-tidy" file="C:/Users/valyd/Desktop/Github_Repos/TFG---OpenGL-Engine/tests/unit/engine/core/math/algebra/vector/VectorTests.cpp" line="743" col="13" msg="use of undeclared identifier &apos;Type&apos;" />
 <error level="error" id="clang-tidy" file="C:/Users/valyd/Desktop/Github_Repos/TFG---OpenGL-Engine/tests/unit/engine/core/math/algebra/vector/VectorTests.cpp" line="744" col="49" msg="invalid use of &apos;this&apos; outside of a non-static member function" />
 <error level="error" id="clang-tidy" file="C:/Users/valyd/Desktop/Github_Repos/TFG---OpenGL-Engine/tests/unit/engine/core/math/algebra/vector/VectorTests.cpp" line="748" col="12" msg="use of class template &apos;VectorTests&apos; requires template arguments; argument deduction not allowed in function prototype" />
 <error level="error" id="clang-tidy" file="C:/Users/valyd/Desktop/Github_Repos/TFG---OpenGL-Engine/tests/unit/engine/core/math/algebra/vector/VectorTests.cpp" line="748" col="25" msg="unknown type name &apos;VectorNormalize&apos;" />
 <error level="error" id="clang-tidy" file="C:/Users/valyd/Desktop/Github_Repos/TFG---OpenGL-Engine/tests/unit/engine/core/math/algebra/vector/VectorTests.cpp" line="748" col="1" msg="a type specifier is required for all declarations" />
 <error level="error" id="clang-tidy" file="C:/Users/valyd/Desktop/Github_Repos/TFG---OpenGL-Engine/tests/unit/engine/core/math/algebra/vector/VectorTests.cpp" line="749" col="5" msg="use of undeclared identifier &apos;TypeParam&apos;" />
 <error level="error" id="clang-tidy" file="C:/Users/valyd/Desktop/Github_Repos/TFG---OpenGL-Engine/tests/unit/engine/core/math/algebra/vector/VectorTests.cpp" line="749" col="5" msg="use of undeclared identifier &apos;TypeParam&apos;" />
 <error level="error" id="clang-tidy" file="C:/Users/valyd/Desktop/Github_Repos/TFG---OpenGL-Engine/tests/unit/engine/core/math/algebra/vector/VectorTests.cpp" line="749" col="5" msg="use of undeclared identifier &apos;Type&apos;" />
 <error level="error" id="clang-tidy" file="C:/Users/valyd/Desktop/Github_Repos/TFG---OpenGL-Engine/tests/unit/engine/core/math/algebra/vector/VectorTests.cpp" line="749" col="5" msg="use of undeclared identifier &apos;Type&apos;" />
 <error level="warning" id="clang-tidy" file="C:/Users/valyd/Desktop/Github_Repos/TFG---OpenGL-Engine/tests/unit/engine/core/math/algebra/vector/VectorTests.cpp" line="749" col="19" msg="empty expression statement has no effect; remove unnecessary &apos;;&apos; to silence this warning" />
 <error level="error" id="clang-tidy" file="C:/Users/valyd/Desktop/Github_Repos/TFG---OpenGL-Engine/tests/unit/engine/core/math/algebra/vector/VectorTests.cpp" line="752" col="5" msg="unknown type name &apos;Vec&apos;" />
 <error level="error" id="clang-tidy" file="C:/Users/valyd/Desktop/Github_Repos/TFG---OpenGL-Engine/tests/unit/engine/core/math/algebra/vector/VectorTests.cpp" line="755" col="5" msg="unknown type name &apos;Type&apos;" />
 <error level="error" id="clang-tidy" file="C:/Users/valyd/Desktop/Github_Repos/TFG---OpenGL-Engine/tests/unit/engine/core/math/algebra/vector/VectorTests.cpp" line="757" col="39" msg="use of undeclared identifier &apos;Type&apos;" />
 <error level="error" id="clang-tidy" file="C:/Users/valyd/Desktop/Github_Repos/TFG---OpenGL-Engine/tests/unit/engine/core/math/algebra/vector/VectorTests.cpp" line="758" col="9" msg="use of undeclared identifier &apos;Type&apos;" />
 <error level="error" id="clang-tidy" file="C:/Users/valyd/Desktop/Github_Repos/TFG---OpenGL-Engine/tests/unit/engine/core/math/algebra/vector/VectorTests.cpp" line="760" col="9" msg="use of undeclared identifier &apos;Type&apos;" />
 <error level="error" id="clang-tidy" file="C:/Users/valyd/Desktop/Github_Repos/TFG---OpenGL-Engine/tests/unit/engine/core/math/algebra/vector/VectorTests.cpp" line="763" col="12" msg="use of class template &apos;VectorTests&apos; requires template arguments; argument deduction not allowed in function prototype" />
 <error level="error" id="clang-tidy" file="C:/Users/valyd/Desktop/Github_Repos/TFG---OpenGL-Engine/tests/unit/engine/core/math/algebra/vector/VectorTests.cpp" line="763" col="25" msg="unknown type name &apos;VectorSize&apos;" />
 <error level="error" id="clang-tidy" file="C:/Users/valyd/Desktop/Github_Repos/TFG---OpenGL-Engine/tests/unit/engine/core/math/algebra/vector/VectorTests.cpp" line="763" col="1" msg="a type specifier is required for all declarations" />
 <error level="error" id="clang-tidy" file="C:/Users/valyd/Desktop/Github_Repos/TFG---OpenGL-Engine/tests/unit/engine/core/math/algebra/vector/VectorTests.cpp" line="764" col="5" msg="use of undeclared identifier &apos;TypeParam&apos;" />
 <error level="error" id="clang-tidy" file="C:/Users/valyd/Desktop/Github_Repos/TFG---OpenGL-Engine/tests/unit/engine/core/math/algebra/vector/VectorTests.cpp" line="764" col="5" msg="use of undeclared identifier &apos;TypeParam&apos;" />
 <error level="error" id="clang-tidy" file="C:/Users/valyd/Desktop/Github_Repos/TFG---OpenGL-Engine/tests/unit/engine/core/math/algebra/vector/VectorTests.cpp" line="764" col="5" msg="use of undeclared identifier &apos;Type&apos;" />
 <error level="error" id="clang-tidy" file="C:/Users/valyd/Desktop/Github_Repos/TFG---OpenGL-Engine/tests/unit/engine/core/math/algebra/vector/VectorTests.cpp" line="764" col="5" msg="use of undeclared identifier &apos;Type&apos;" />
 <error level="warning" id="clang-tidy" file="C:/Users/valyd/Desktop/Github_Repos/TFG---OpenGL-Engine/tests/unit/engine/core/math/algebra/vector/VectorTests.cpp" line="764" col="19" msg="empty expression statement has no effect; remove unnecessary &apos;;&apos; to silence this warning" />
 <error level="error" id="clang-tidy" file="C:/Users/valyd/Desktop/Github_Repos/TFG---OpenGL-Engine/tests/unit/engine/core/math/algebra/vector/VectorTests.cpp" line="767" col="5" msg="invalid use of &apos;this&apos; outside of a non-static member function" />
 <error level="error" id="clang-tidy" file="C:/Users/valyd/Desktop/Github_Repos/TFG---OpenGL-Engine/tests/unit/engine/core/math/algebra/vector/VectorTests.cpp" line="770" col="12" msg="use of class template &apos;VectorTests&apos; requires template arguments; argument deduction not allowed in function prototype" />
 <error level="error" id="clang-tidy" file="C:/Users/valyd/Desktop/Github_Repos/TFG---OpenGL-Engine/tests/unit/engine/core/math/algebra/vector/VectorTests.cpp" line="770" col="25" msg="unknown type name &apos;VectorMultiple&apos;" />
 <error level="error" id="clang-tidy" file="C:/Users/valyd/Desktop/Github_Repos/TFG---OpenGL-Engine/tests/unit/engine/core/math/algebra/vector/VectorTests.cpp" line="770" col="1" msg="a type specifier is required for all declarations" />
 <error level="error" id="clang-tidy" file="C:/Users/valyd/Desktop/Github_Repos/TFG---OpenGL-Engine/tests/unit/engine/core/math/algebra/vector/VectorTests.cpp" line="771" col="5" msg="use of undeclared identifier &apos;TypeParam&apos;" />
 <error level="error" id="clang-tidy" file="C:/Users/valyd/Desktop/Github_Repos/TFG---OpenGL-Engine/tests/unit/engine/core/math/algebra/vector/VectorTests.cpp" line="771" col="5" msg="use of undeclared identifier &apos;TypeParam&apos;" />
 <error level="error" id="clang-tidy" file="C:/Users/valyd/Desktop/Github_Repos/TFG---OpenGL-Engine/tests/unit/engine/core/math/algebra/vector/VectorTests.cpp" line="771" col="5" msg="use of undeclared identifier &apos;Type&apos;" />
 <error level="error" id="clang-tidy" file="C:/Users/valyd/Desktop/Github_Repos/TFG---OpenGL-Engine/tests/unit/engine/core/math/algebra/vector/VectorTests.cpp" line="771" col="5" msg="use of undeclared identifier &apos;Type&apos;" />
 <error level="warning" id="clang-tidy" file="C:/Users/valyd/Desktop/Github_Repos/TFG---OpenGL-Engine/tests/unit/engine/core/math/algebra/vector/VectorTests.cpp" line="771" col="19" msg="empty expression statement has no effect; remove unnecessary &apos;;&apos; to silence this warning" />
 <error level="error" id="clang-tidy" file="C:/Users/valyd/Desktop/Github_Repos/TFG---OpenGL-Engine/tests/unit/engine/core/math/algebra/vector/VectorTests.cpp" line="774" col="5" msg="unknown type name &apos;Vec&apos;" />
 <error level="error" id="clang-tidy" file="C:/Users/valyd/Desktop/Github_Repos/TFG---OpenGL-Engine/tests/unit/engine/core/math/algebra/vector/VectorTests.cpp" line="776" col="5" msg="unknown type name &apos;Vec&apos;" />
 <error level="error" id="clang-tidy" file="C:/Users/valyd/Desktop/Github_Repos/TFG---OpenGL-Engine/tests/unit/engine/core/math/algebra/vector/VectorTests.cpp" line="782" col="5" msg="unknown type name &apos;Vec&apos;" />
 <error level="error" id="clang-tidy" file="C:/Users/valyd/Desktop/Github_Repos/TFG---OpenGL-Engine/tests/unit/engine/core/math/algebra/vector/VectorTests.cpp" line="783" col="11" msg="unknown type name &apos;Type&apos;" />
 <error level="error" id="clang-tidy" file="C:/Users/valyd/Desktop/Github_Repos/TFG---OpenGL-Engine/tests/unit/engine/core/math/algebra/vector/VectorTests.cpp" line="783" col="33" msg="use of undeclared identifier &apos;Type&apos;" />
 <error level="error" id="clang-tidy" file="C:/Users/valyd/Desktop/Github_Repos/TFG---OpenGL-Engine/tests/unit/engine/core/math/algebra/vector/VectorTests.cpp" line="785" col="26" msg="invalid use of &apos;this&apos; outside of a non-static member function" />
 <error level="error" id="clang-tidy" file="C:/Users/valyd/Desktop/Github_Repos/TFG---OpenGL-Engine/tests/unit/engine/core/math/algebra/vector/VectorTests.cpp" line="787" col="40" msg="invalid use of &apos;this&apos; outside of a non-static member function" />
 <error level="error" id="clang-tidy" file="C:/Users/valyd/Desktop/Github_Repos/TFG---OpenGL-Engine/tests/unit/engine/core/math/algebra/vector/VectorTests.cpp" line="790" col="5" msg="unknown type name &apos;Vec&apos;" />
 <error level="error" id="clang-tidy" file="C:/Users/valyd/Desktop/Github_Repos/TFG---OpenGL-Engine/tests/unit/engine/core/math/algebra/vector/VectorTests.cpp" line="792" col="45" msg="use of undeclared identifier &apos;Type&apos;" />
 <error level="error" id="clang-tidy" file="C:/Users/valyd/Desktop/Github_Repos/TFG---OpenGL-Engine/tests/unit/engine/core/math/algebra/vector/VectorTests.cpp" line="793" col="43" msg="invalid use of &apos;this&apos; outside of a non-static member function" />
 <error level="error" id="clang-tidy" file="C:/Users/valyd/Desktop/Github_Repos/TFG---OpenGL-Engine/tests/unit/engine/core/math/algebra/vector/VectorTests.cpp" line="797" col="12" msg="use of class template &apos;VectorTests&apos; requires template arguments; argument deduction not allowed in function prototype" />
 <error level="error" id="clang-tidy" file="C:/Users/valyd/Desktop/Github_Repos/TFG---OpenGL-Engine/tests/unit/engine/core/math/algebra/vector/VectorTests.cpp" line="797" col="25" msg="unknown type name &apos;VectorCollinearityOperator&apos;" />
 <error level="error" id="clang-tidy" file="C:/Users/valyd/Desktop/Github_Repos/TFG---OpenGL-Engine/tests/unit/engine/core/math/algebra/vector/VectorTests.cpp" line="797" col="1" msg="a type specifier is required for all declarations" />
 <error level="error" id="clang-tidy" file="C:/Users/valyd/Desktop/Github_Repos/TFG---OpenGL-Engine/tests/unit/engine/core/math/algebra/vector/VectorTests.cpp" line="798" col="5" msg="use of undeclared identifier &apos;TypeParam&apos;" />
 <error level="error" id="clang-tidy" file="C:/Users/valyd/Desktop/Github_Repos/TFG---OpenGL-Engine/tests/unit/engine/core/math/algebra/vector/VectorTests.cpp" line="798" col="5" msg="use of undeclared identifier &apos;TypeParam&apos;" />
 <error level="error" id="clang-tidy" file="C:/Users/valyd/Desktop/Github_Repos/TFG---OpenGL-Engine/tests/unit/engine/core/math/algebra/vector/VectorTests.cpp" line="798" col="5" msg="use of undeclared identifier &apos;Type&apos;" />
 <error level="error" id="clang-tidy" file="C:/Users/valyd/Desktop/Github_Repos/TFG---OpenGL-Engine/tests/unit/engine/core/math/algebra/vector/VectorTests.cpp" line="798" col="5" msg="use of undeclared identifier &apos;Type&apos;" />
 <error level="warning" id="clang-tidy" file="C:/Users/valyd/Desktop/Github_Repos/TFG---OpenGL-Engine/tests/unit/engine/core/math/algebra/vector/VectorTests.cpp" line="798" col="19" msg="empty expression statement has no effect; remove unnecessary &apos;;&apos; to silence this warning" />
 <error level="error" id="clang-tidy" file="C:/Users/valyd/Desktop/Github_Repos/TFG---OpenGL-Engine/tests/unit/engine/core/math/algebra/vector/VectorTests.cpp" line="799" col="19" msg="constexpr if condition is not a constant expression" />
 <error level="error" id="clang-tidy" file="C:/Users/valyd/Desktop/Github_Repos/TFG---OpenGL-Engine/tests/unit/engine/core/math/algebra/vector/VectorTests.cpp" line="801" col="21" msg="use of undeclared identifier &apos;Vec&apos;" />
 <error level="error" id="clang-tidy" file="C:/Users/valyd/Desktop/Github_Repos/TFG---OpenGL-Engine/tests/unit/engine/core/math/algebra/vector/VectorTests.cpp" line="801" col="43" msg="invalid use of &apos;this&apos; outside of a non-static member function" />
 <error level="error" id="clang-tidy" file="C:/Users/valyd/Desktop/Github_Repos/TFG---OpenGL-Engine/tests/unit/engine/core/math/algebra/vector/VectorTests.cpp" line="802" col="21" msg="invalid use of &apos;this&apos; outside of a non-static member function" />
 <error level="error" id="clang-tidy" file="C:/Users/valyd/Desktop/Github_Repos/TFG---OpenGL-Engine/tests/unit/engine/core/math/algebra/vector/VectorTests.cpp" line="805" col="33" msg="invalid use of &apos;this&apos; outside of a non-static member function" />
 <error level="error" id="clang-tidy" file="C:/Users/valyd/Desktop/Github_Repos/TFG---OpenGL-Engine/tests/unit/engine/core/math/algebra/vector/VectorTests.cpp" line="805" col="44" msg="use of undeclared identifier &apos;Type&apos;" />
 <error level="error" id="clang-tidy" file="C:/Users/valyd/Desktop/Github_Repos/TFG---OpenGL-Engine/tests/unit/engine/core/math/algebra/vector/VectorTests.cpp" line="806" col="33" msg="invalid use of &apos;this&apos; outside of a non-static member function" />
 <error level="error" id="clang-tidy" file="C:/Users/valyd/Desktop/Github_Repos/TFG---OpenGL-Engine/tests/unit/engine/core/math/algebra/vector/VectorTests.cpp" line="806" col="44" msg="use of undeclared identifier &apos;Type&apos;" />
 <error level="error" id="clang-tidy" file="C:/Users/valyd/Desktop/Github_Repos/TFG---OpenGL-Engine/tests/unit/engine/core/math/algebra/vector/VectorTests.cpp" line="807" col="33" msg="invalid use of &apos;this&apos; outside of a non-static member function" />
 <error level="error" id="clang-tidy" file="C:/Users/valyd/Desktop/Github_Repos/TFG---OpenGL-Engine/tests/unit/engine/core/math/algebra/vector/VectorTests.cpp" line="807" col="44" msg="use of undeclared identifier &apos;Type&apos;" />
 <error level="error" id="clang-tidy" file="C:/Users/valyd/Desktop/Github_Repos/TFG---OpenGL-Engine/tests/unit/engine/core/math/algebra/vector/VectorTests.cpp" line="808" col="21" msg="invalid use of &apos;this&apos; outside of a non-static member function" />
 <error level="error" id="clang-tidy" file="C:/Users/valyd/Desktop/Github_Repos/TFG---OpenGL-Engine/tests/unit/engine/core/math/algebra/vector/VectorTests.cpp" line="811" col="9" msg="unknown type name &apos;Vec&apos;" />
 <error level="error" id="clang-tidy" file="C:/Users/valyd/Desktop/Github_Repos/TFG---OpenGL-Engine/tests/unit/engine/core/math/algebra/vector/VectorTests.cpp" line="811" col="28" msg="invalid use of &apos;this&apos; outside of a non-static member function" />
 <error level="error" id="clang-tidy" file="C:/Users/valyd/Desktop/Github_Repos/TFG---OpenGL-Engine/tests/unit/engine/core/math/algebra/vector/VectorTests.cpp" line="812" col="28" msg="use of undeclared identifier &apos;Type&apos;" />
 <error level="error" id="clang-tidy" file="C:/Users/valyd/Desktop/Github_Repos/TFG---OpenGL-Engine/tests/unit/engine/core/math/algebra/vector/VectorTests.cpp" line="813" col="21" msg="use of undeclared identifier &apos;Vec&apos;" />
 <error level="error" id="clang-tidy" file="C:/Users/valyd/Desktop/Github_Repos/TFG---OpenGL-Engine/tests/unit/engine/core/math/algebra/vector/VectorTests.cpp" line="813" col="60" msg="invalid use of &apos;this&apos; outside of a non-static member function" />
 <error level="error" id="clang-tidy" file="C:/Users/valyd/Desktop/Github_Repos/TFG---OpenGL-Engine/tests/unit/engine/core/math/algebra/vector/VectorTests.cpp" line="814" col="21" msg="invalid use of &apos;this&apos; outside of a non-static member function" />
 <error level="error" id="clang-tidy" file="C:/Users/valyd/Desktop/Github_Repos/TFG---OpenGL-Engine/tests/unit/engine/core/math/algebra/vector/VectorTests.cpp" line="817" col="9" msg="unknown type name &apos;Vec&apos;" />
 <error level="error" id="clang-tidy" file="C:/Users/valyd/Desktop/Github_Repos/TFG---OpenGL-Engine/tests/unit/engine/core/math/algebra/vector/VectorTests.cpp" line="817" col="29" msg="invalid use of &apos;this&apos; outside of a non-static member function" />
 <error level="error" id="clang-tidy" file="C:/Users/valyd/Desktop/Github_Repos/TFG---OpenGL-Engine/tests/unit/engine/core/math/algebra/vector/VectorTests.cpp" line="818" col="9" msg="unknown type name &apos;Vec&apos;" />
 <error level="error" id="clang-tidy" file="C:/Users/valyd/Desktop/Github_Repos/TFG---OpenGL-Engine/tests/unit/engine/core/math/algebra/vector/VectorTests.cpp" line="818" col="29" msg="invalid use of &apos;this&apos; outside of a non-static member function" />
 <error level="error" id="clang-tidy" file="C:/Users/valyd/Desktop/Github_Repos/TFG---OpenGL-Engine/tests/unit/engine/core/math/algebra/vector/VectorTests.cpp" line="819" col="29" msg="use of undeclared identifier &apos;Type&apos;" />
 <error level="error" id="clang-tidy" file="C:/Users/valyd/Desktop/Github_Repos/TFG---OpenGL-Engine/tests/unit/engine/core/math/algebra/vector/VectorTests.cpp" line="820" col="29" msg="use of undeclared identifier &apos;Type&apos;" />
 <error level="error" id="clang-tidy" file="C:/Users/valyd/Desktop/Github_Repos/TFG---OpenGL-Engine/tests/unit/engine/core/math/algebra/vector/VectorTests.cpp" line="821" col="29" msg="use of undeclared identifier &apos;Type&apos;" />
 <error level="error" id="clang-tidy" file="C:/Users/valyd/Desktop/Github_Repos/TFG---OpenGL-Engine/tests/unit/engine/core/math/algebra/vector/VectorTests.cpp" line="822" col="21" msg="use of undeclared identifier &apos;Vec&apos;" />
 <error level="error" id="clang-tidy" file="C:/Users/valyd/Desktop/Github_Repos/TFG---OpenGL-Engine/tests/unit/engine/core/math/algebra/vector/VectorTests.cpp" line="823" col="22" msg="invalid use of &apos;this&apos; outside of a non-static member function" />
 <error level="error" id="clang-tidy" file="C:/Users/valyd/Desktop/Github_Repos/TFG---OpenGL-Engine/tests/unit/engine/core/math/algebra/vector/VectorTests.cpp" line="827" col="12" msg="use of class template &apos;VectorTests&apos; requires template arguments; argument deduction not allowed in function prototype" />
 <error level="error" id="clang-tidy" file="C:/Users/valyd/Desktop/Github_Repos/TFG---OpenGL-Engine/tests/unit/engine/core/math/algebra/vector/VectorTests.cpp" line="827" col="25" msg="unknown type name &apos;VectorToString&apos;" />
 <error level="error" id="clang-tidy" file="C:/Users/valyd/Desktop/Github_Repos/TFG---OpenGL-Engine/tests/unit/engine/core/math/algebra/vector/VectorTests.cpp" line="827" col="1" msg="a type specifier is required for all declarations" />
 <error level="error" id="clang-tidy" file="C:/Users/valyd/Desktop/Github_Repos/TFG---OpenGL-Engine/tests/unit/engine/core/math/algebra/vector/VectorTests.cpp" line="828" col="5" msg="use of undeclared identifier &apos;TypeParam&apos;" />
 <error level="error" id="clang-tidy" file="C:/Users/valyd/Desktop/Github_Repos/TFG---OpenGL-Engine/tests/unit/engine/core/math/algebra/vector/VectorTests.cpp" line="828" col="5" msg="use of undeclared identifier &apos;TypeParam&apos;" />
 <error level="error" id="clang-tidy" file="C:/Users/valyd/Desktop/Github_Repos/TFG---OpenGL-Engine/tests/unit/engine/core/math/algebra/vector/VectorTests.cpp" line="828" col="5" msg="use of undeclared identifier &apos;Type&apos;" />
 <error level="error" id="clang-tidy" file="C:/Users/valyd/Desktop/Github_Repos/TFG---OpenGL-Engine/tests/unit/engine/core/math/algebra/vector/VectorTests.cpp" line="828" col="5" msg="use of undeclared identifier &apos;Type&apos;" />
 <error level="warning" id="clang-tidy" file="C:/Users/valyd/Desktop/Github_Repos/TFG---OpenGL-Engine/tests/unit/engine/core/math/algebra/vector/VectorTests.cpp" line="828" col="19" msg="empty expression statement has no effect; remove unnecessary &apos;;&apos; to silence this warning" />
 <error level="error" id="clang-tidy" file="C:/Users/valyd/Desktop/Github_Repos/TFG---OpenGL-Engine/tests/unit/engine/core/math/algebra/vector/VectorTests.cpp" line="830" col="28" msg="invalid use of &apos;this&apos; outside of a non-static member function" />
 <error level="error" id="clang-tidy" file="C:/Users/valyd/Desktop/Github_Repos/TFG---OpenGL-Engine/tests/unit/engine/core/math/algebra/vector/VectorTests.cpp" line="833" col="61" msg="use of undeclared identifier &apos;Type&apos;" />
 <error level="error" id="clang-tidy" file="C:/Users/valyd/Desktop/Github_Repos/TFG---OpenGL-Engine/tests/unit/engine/core/math/algebra/vector/VectorTests.cpp" line="838" col="5" msg="use of undeclared identifier &apos;EXPECT_EQ&apos;" />
</log>