<log>
 <error level="error" id="clang-tidy" file="C:/Users/valyd/Desktop/Github_Repos/TFG---OpenGL-Engine/tests/unit/engine/core/math/MathCustomTestingFrameworkTest.cpp" line="11" col="10" msg="&apos;gtest/gtest.h&apos; file not found" />
 <error level="error" id="clang-tidy" file="C:/Users/valyd/Desktop/Github_Repos/TFG---OpenGL-Engine/tests\unit/CustomTestingFramework.h" line="14" col="10" msg="&apos;gtest/gtest.h&apos; file not found" />
 <error level="warning" id="clang-tidy" file="C:/Users/valyd/Desktop/Github_Repos/TFG---OpenGL-Engine/include\engine/core/math/algebra/vector/VectorAlgorithms.h" line="362" col="20" msg="template parameter &apos;Type&apos; not found in the template declaration" />
 <error level="error" id="clang-tidy" file="C:/Users/valyd/Desktop/Github_Repos/TFG---OpenGL-Engine/tests/unit/engine/core/math/MathCustomTestingFrameworkTest.cpp" line="17" col="49" msg="no member named &apos;testing&apos; in the global namespace" />
 <error level="error" id="clang-tidy" file="C:/Users/valyd/Desktop/Github_Repos/TFG---OpenGL-Engine/tests/unit/engine/core/math/MathCustomTestingFrameworkTest.cpp" line="17" col="58" msg="expected class name" />
 <error level="error" id="clang-tidy" file="C:/Users/valyd/Desktop/Github_Repos/TFG---OpenGL-Engine/tests/unit/engine/core/math/MathCustomTestingFrameworkTest.cpp" line="21" col="23" msg="no member named &apos;testing&apos; in the global namespace" />
 <error level="error" id="clang-tidy" file="C:/Users/valyd/Desktop/Github_Repos/TFG---OpenGL-Engine/tests/unit/engine/core/math/MathCustomTestingFrameworkTest.cpp" line="23" col="18" msg="use of class template &apos;MathCustomTestingFrameworkTest&apos; requires template arguments; argument deduction not allowed in function prototype" />
 <error level="error" id="clang-tidy" file="C:/Users/valyd/Desktop/Github_Repos/TFG---OpenGL-Engine/tests/unit/engine/core/math/MathCustomTestingFrameworkTest.cpp" line="23" col="50" msg="unknown type name &apos;TypesToTest&apos;" />
 <error level="error" id="clang-tidy" file="C:/Users/valyd/Desktop/Github_Repos/TFG---OpenGL-Engine/tests/unit/engine/core/math/MathCustomTestingFrameworkTest.cpp" line="23" col="1" msg="a type specifier is required for all declarations" />
 <error level="error" id="clang-tidy" file="C:/Users/valyd/Desktop/Github_Repos/TFG---OpenGL-Engine/tests/unit/engine/core/math/MathCustomTestingFrameworkTest.cpp" line="26" col="12" msg="use of class template &apos;MathCustomTestingFrameworkTest&apos; requires template arguments; argument deduction not allowed in function prototype" />
 <error level="error" id="clang-tidy" file="C:/Users/valyd/Desktop/Github_Repos/TFG---OpenGL-Engine/tests/unit/engine/core/math/MathCustomTestingFrameworkTest.cpp" line="26" col="44" msg="unknown type name &apos;ExpectEqMatWithRandomNumbers&apos;" />
 <error level="error" id="clang-tidy" file="C:/Users/valyd/Desktop/Github_Repos/TFG---OpenGL-Engine/tests/unit/engine/core/math/MathCustomTestingFrameworkTest.cpp" line="26" col="1" msg="a type specifier is required for all declarations" />
 <error level="error" id="clang-tidy" file="C:/Users/valyd/Desktop/Github_Repos/TFG---OpenGL-Engine/tests/unit/engine/core/math/MathCustomTestingFrameworkTest.cpp" line="27" col="25" msg="use of undeclared identifier &apos;TypeParam&apos;" />
 <error level="error" id="clang-tidy" file="C:/Users/valyd/Desktop/Github_Repos/TFG---OpenGL-Engine/tests/unit/engine/core/math/MathCustomTestingFrameworkTest.cpp" line="29" col="25" msg="use of undeclared identifier &apos;TypeParam&apos;" />
</log>