<?xml version="1.0" encoding="UTF-8"?><results version="2">    <cppcheck version="2.1"/>    <errors>        <error id="redundantInitialization" severity="style" msg="Redundant initialization for &apos;abs&apos;. The initialized value is overwritten before it is read." verbose="Redundant initialization for &apos;abs&apos;. The initialized value is overwritten before it is read." cwe="563">            <location file0="C:\Users\valyd\Desktop\Github_Repos\TFG---OpenGL-Engine\tests\unit\engine\core\math\algebra\vector\VectorTests.cpp" file="C:\Users\valyd\Desktop\Github_Repos\TFG---OpenGL-Engine\tests\unit\engine\core\math\algebra\vector\VectorTests.cpp" line="593" column="9" info="abs is overwritten"/>            <location file0="C:\Users\valyd\Desktop\Github_Repos\TFG---OpenGL-Engine\tests\unit\engine\core\math\algebra\vector\VectorTests.cpp" file="C:\Users\valyd\Desktop\Github_Repos\TFG---OpenGL-Engine\tests\unit\engine\core\math\algebra\vector\VectorTests.cpp" line="592" column="13" info="abs is initialized"/>            <symbol>abs</symbol>        </error>        <error id="redundantAssignment" severity="style" msg="Variable &apos;abs&apos; is reassigned a value before the old one has been used." verbose="Variable &apos;abs&apos; is reassigned a value before the old one has been used." cwe="563">            <location file0="C:\Users\valyd\Desktop\Github_Repos\TFG---OpenGL-Engine\tests\unit\engine\core\math\algebra\vector\VectorTests.cpp" file="C:\Users\valyd\Desktop\Github_Repos\TFG---OpenGL-Engine\tests\unit\engine\core\math\algebra\vector\VectorTests.cpp" line="598" column="9" info="abs is overwritten"/>            <location file0="C:\Users\valyd\Desktop\Github_Repos\TFG---OpenGL-Engine\tests\unit\engine\core\math\algebra\vector\VectorTests.cpp" file="C:\Users\valyd\Desktop\Github_Repos\TFG---OpenGL-Engine\tests\unit\engine\core\math\algebra\vector\VectorTests.cpp" line="597" column="9" info="abs is assigned"/>            <symbol>abs</symbol>        </error>        <error id="unreadVariable" severity="style" msg="Variable &apos;distance&apos; is assigned a value that is never used." verbose="Variable &apos;distance&apos; is assigned a value that is never used." cwe="563">            <location file0="C:\Users\valyd\Desktop\Github_Repos\TFG---OpenGL-Engine\tests\unit\engine\core\math\algebra\vector\VectorTests.cpp" file="C:\Users\valyd\Desktop\Github_Repos\TFG---OpenGL-Engine\tests\unit\engine\core\math\algebra\vector\VectorTests.cpp" line="630" column="19"/>            <symbol>distance</symbol>        </error>        <error id="unreadVariable" severity="style" msg="Variable &apos;expectDistance&apos; is assigned a value that is never used." verbose="Variable &apos;expectDistance&apos; is assigned a value that is never used." cwe="563">            <location file0="C:\Users\valyd\Desktop\Github_Repos\TFG---OpenGL-Engine\tests\unit\engine\core\math\algebra\vector\VectorTests.cpp" file="C:\Users\valyd\Desktop\Github_Repos\TFG---OpenGL-Engine\tests\unit\engine\core\math\algebra\vector\VectorTests.cpp" line="631" column="25"/>            <symbol>expectDistance</symbol>        </error>        <error id="unusedFunction" severity="style" msg="The function &apos;SetUp&apos; is never used." verbose="The function &apos;SetUp&apos; is never used." cwe="561">            <location file="C:\Users\valyd\Desktop\Github_Repos\TFG---OpenGL-Engine\tests\unit\engine\core\math\algebra\vector\VectorTests.cpp" line="27" column="0"/>            <symbol>SetUp</symbol>        </error>        <error id="unusedFunction" severity="style" msg="The function &apos;TearDown&apos; is never used." verbose="The function &apos;TearDown&apos; is never used." cwe="561">            <location file="C:\Users\valyd\Desktop\Github_Repos\TFG---OpenGL-Engine\tests\unit\engine\core\math\algebra\vector\VectorTests.cpp" line="32" column="0"/>            <symbol>TearDown</symbol>        </error>        <error id="unmatchedSuppression" severity="information" msg="Unmatched suppression: preprocessorErrorDirective" verbose="Unmatched suppression: preprocessorErrorDirective"/>        <error id="unmatchedSuppression" severity="information" msg="Unmatched suppression: unknownMacro" verbose="Unmatched suppression: unknownMacro"/>        <error id="missingInclude" severity="information" msg="Cppcheck cannot find all the include files (use --check-config for details)" verbose="Cppcheck cannot find all the include files. Cppcheck can check the code without the include files found. But the results will probably be more accurate if all the include files are found. Please check your project&apos;s include directories and add all of them as include directories for Cppcheck. To see what files Cppcheck cannot find use --check-config."/>    </errors></results>